<?xml version="1.0" encoding="UTF-8"?>
<coverage generated="1556822668511" clover="3.2.0">
  <project timestamp="1556822668511" name="All files">
    <metrics statements="965" coveredstatements="960" conditionals="416" coveredconditionals="412" methods="285" coveredmethods="282" elements="1666" coveredelements="1654" complexity="0" loc="965" ncloc="965" packages="20" files="111" classes="111">
      <package name="components">
        <metrics statements="0" coveredstatements="0" conditionals="0" coveredconditionals="0" methods="0" coveredmethods="0"/>
        <file name="index.js" path="/Users/jameswafula/Documents/converge/mrm_front/src/components/index.js">
          <metrics statements="0" coveredstatements="0" conditionals="0" coveredconditionals="0" methods="0" coveredmethods="0"/>
        </file>
      </package>
      <package name="components.blocks">
        <metrics statements="93" coveredstatements="93" conditionals="49" coveredconditionals="49" methods="27" coveredmethods="27"/>
        <file name="AddBlockMenu.js" path="/Users/jameswafula/Documents/converge/mrm_front/src/components/blocks/AddBlockMenu.js">
          <metrics statements="10" coveredstatements="10" conditionals="5" coveredconditionals="5" methods="4" coveredmethods="4"/>
          <line num="10" count="4" type="stmt"/>
          <line num="11" count="1" type="stmt"/>
          <line num="16" count="4" type="stmt"/>
          <line num="17" count="1" type="stmt"/>
          <line num="18" count="1" type="stmt"/>
          <line num="24" count="2" type="stmt"/>
          <line num="26" count="2" type="stmt"/>
          <line num="38" count="4" type="cond" truecount="2" falsecount="0"/>
          <line num="40" count="4" type="stmt"/>
          <line num="54" count="4" type="stmt"/>
        </file>
        <file name="BlockActions.js" path="/Users/jameswafula/Documents/converge/mrm_front/src/components/blocks/BlockActions.js">
          <metrics statements="52" coveredstatements="52" conditionals="16" coveredconditionals="16" methods="15" coveredmethods="15"/>
          <line num="19" count="7" type="stmt"/>
          <line num="23" count="1" type="stmt"/>
          <line num="24" count="1" type="stmt"/>
          <line num="28" count="1" type="cond" truecount="2" falsecount="0"/>
          <line num="32" count="3" type="stmt"/>
          <line num="33" count="3" type="stmt"/>
          <line num="34" count="3" type="stmt"/>
          <line num="35" count="3" type="cond" truecount="2" falsecount="0"/>
          <line num="36" count="1" type="stmt"/>
          <line num="38" count="2" type="stmt"/>
          <line num="39" count="2" type="stmt"/>
          <line num="47" count="1" type="stmt"/>
          <line num="48" count="1" type="stmt"/>
          <line num="49" count="1" type="stmt"/>
          <line num="50" count="1" type="stmt"/>
          <line num="57" count="1" type="stmt"/>
          <line num="58" count="1" type="stmt"/>
          <line num="59" count="1" type="stmt"/>
          <line num="65" count="3" type="stmt"/>
          <line num="66" count="3" type="stmt"/>
          <line num="67" count="3" type="cond" truecount="4" falsecount="0"/>
          <line num="68" count="1" type="stmt"/>
          <line num="70" count="2" type="stmt"/>
          <line num="71" count="2" type="stmt"/>
          <line num="78" count="1" type="stmt"/>
          <line num="79" count="1" type="stmt"/>
          <line num="80" count="1" type="stmt"/>
          <line num="81" count="1" type="stmt"/>
          <line num="88" count="1" type="stmt"/>
          <line num="89" count="1" type="stmt"/>
          <line num="90" count="1" type="stmt"/>
          <line num="96" count="3" type="stmt"/>
          <line num="97" count="3" type="stmt"/>
          <line num="98" count="3" type="stmt"/>
          <line num="99" count="3" type="cond" truecount="2" falsecount="0"/>
          <line num="100" count="1" type="stmt"/>
          <line num="102" count="2" type="stmt"/>
          <line num="103" count="2" type="stmt"/>
          <line num="111" count="1" type="stmt"/>
          <line num="112" count="1" type="stmt"/>
          <line num="113" count="1" type="stmt"/>
          <line num="120" count="1" type="stmt"/>
          <line num="121" count="1" type="stmt"/>
          <line num="122" count="1" type="stmt"/>
          <line num="134" count="12" type="stmt"/>
          <line num="140" count="71" type="stmt"/>
          <line num="143" count="71" type="stmt"/>
          <line num="144" count="71" type="cond" truecount="2" falsecount="0"/>
          <line num="145" count="1" type="stmt"/>
          <line num="155" count="70" type="stmt"/>
          <line num="170" count="7" type="stmt"/>
          <line num="190" count="7" type="stmt"/>
        </file>
        <file name="BlockModal.js" path="/Users/jameswafula/Documents/converge/mrm_front/src/components/blocks/BlockModal.js">
          <metrics statements="4" coveredstatements="4" conditionals="6" coveredconditionals="6" methods="1" coveredmethods="1"/>
          <line num="7" count="8" type="stmt"/>
          <line num="8" count="20" type="stmt"/>
          <line num="36" count="8" type="stmt"/>
          <line num="54" count="8" type="stmt"/>
        </file>
        <file name="BlockTbody.js" path="/Users/jameswafula/Documents/converge/mrm_front/src/components/blocks/BlockTbody.js">
          <metrics statements="6" coveredstatements="6" conditionals="2" coveredconditionals="2" methods="3" coveredmethods="3"/>
          <line num="5" count="4" type="stmt"/>
          <line num="12" count="4" type="stmt"/>
          <line num="13" count="1" type="stmt"/>
          <line num="16" count="1" type="stmt"/>
          <line num="21" count="4" type="stmt"/>
          <line num="26" count="4" type="stmt"/>
        </file>
        <file name="BlocksList.js" path="/Users/jameswafula/Documents/converge/mrm_front/src/components/blocks/BlocksList.js">
          <metrics statements="12" coveredstatements="12" conditionals="20" coveredconditionals="20" methods="2" coveredmethods="2"/>
          <line num="18" count="3" type="stmt"/>
          <line num="19" count="8" type="stmt"/>
          <line num="20" count="8" type="cond" truecount="3" falsecount="0"/>
          <line num="21" count="8" type="cond" truecount="3" falsecount="0"/>
          <line num="22" count="8" type="cond" truecount="4" falsecount="0"/>
          <line num="23" count="1" type="stmt"/>
          <line num="25" count="7" type="cond" truecount="2" falsecount="0"/>
          <line num="27" count="4" type="cond" truecount="2" falsecount="0"/>
          <line num="28" count="4" type="stmt"/>
          <line num="49" count="3" type="stmt"/>
          <line num="70" count="3" type="cond" truecount="2" falsecount="0"/>
          <line num="79" count="2" type="stmt"/>
        </file>
        <file name="DeleteBlockModal.js" path="/Users/jameswafula/Documents/converge/mrm_front/src/components/blocks/DeleteBlockModal.js">
          <metrics statements="4" coveredstatements="4" conditionals="0" coveredconditionals="0" methods="1" coveredmethods="1"/>
          <line num="6" count="8" type="stmt"/>
          <line num="7" count="2" type="stmt"/>
          <line num="30" count="8" type="stmt"/>
          <line num="42" count="8" type="stmt"/>
        </file>
        <file name="SingleBlockDetails.js" path="/Users/jameswafula/Documents/converge/mrm_front/src/components/blocks/SingleBlockDetails.js">
          <metrics statements="5" coveredstatements="5" conditionals="0" coveredconditionals="0" methods="1" coveredmethods="1"/>
          <line num="6" count="5" type="stmt"/>
          <line num="7" count="1" type="stmt"/>
          <line num="8" count="1" type="stmt"/>
          <line num="21" count="5" type="stmt"/>
          <line num="35" count="5" type="stmt"/>
        </file>
      </package>
      <package name="components.centers">
        <metrics statements="104" coveredstatements="104" conditionals="36" coveredconditionals="36" methods="33" coveredmethods="33"/>
        <file name="AddCenter.js" path="/Users/jameswafula/Documents/converge/mrm_front/src/components/centers/AddCenter.js">
          <metrics statements="34" coveredstatements="34" conditionals="10" coveredconditionals="10" methods="11" coveredmethods="11"/>
          <line num="33" count="4" type="stmt"/>
          <line num="44" count="1" type="stmt"/>
          <line num="45" count="1" type="stmt"/>
          <line num="53" count="1" type="cond" truecount="2" falsecount="0"/>
          <line num="65" count="3" type="stmt"/>
          <line num="67" count="3" type="stmt"/>
          <line num="68" count="3" type="stmt"/>
          <line num="69" count="3" type="stmt"/>
          <line num="71" count="3" type="stmt"/>
          <line num="72" count="24" type="cond" truecount="2" falsecount="0"/>
          <line num="73" count="693" type="stmt"/>
          <line num="77" count="3" type="stmt"/>
          <line num="78" count="3" type="stmt"/>
          <line num="79" count="3" type="stmt"/>
          <line num="89" count="2" type="stmt"/>
          <line num="90" count="2" type="stmt"/>
          <line num="95" count="2" type="stmt"/>
          <line num="96" count="2" type="stmt"/>
          <line num="99" count="1" type="stmt"/>
          <line num="100" count="1" type="stmt"/>
          <line num="101" count="1" type="stmt"/>
          <line num="112" count="8" type="stmt"/>
          <line num="125" count="5" type="stmt"/>
          <line num="128" count="5" type="stmt"/>
          <line num="129" count="5" type="cond" truecount="2" falsecount="0"/>
          <line num="130" count="1" type="stmt"/>
          <line num="131" count="4" type="cond" truecount="2" falsecount="0"/>
          <line num="132" count="2" type="stmt"/>
          <line num="134" count="2" type="stmt"/>
          <line num="135" count="2" type="stmt"/>
          <line num="143" count="23" type="stmt"/>
          <line num="144" count="23" type="stmt"/>
          <line num="183" count="4" type="stmt"/>
          <line num="190" count="4" type="cond" truecount="2" falsecount="0"/>
        </file>
        <file name="Center.js" path="/Users/jameswafula/Documents/converge/mrm_front/src/components/centers/Center.js">
          <metrics statements="5" coveredstatements="5" conditionals="0" coveredconditionals="0" methods="1" coveredmethods="1"/>
          <line num="10" count="4" type="stmt"/>
          <line num="13" count="1" type="stmt"/>
          <line num="14" count="1" type="stmt"/>
          <line num="15" count="1" type="stmt"/>
          <line num="36" count="4" type="stmt"/>
        </file>
        <file name="CenterList.js" path="/Users/jameswafula/Documents/converge/mrm_front/src/components/centers/CenterList.js">
          <metrics statements="11" coveredstatements="11" conditionals="14" coveredconditionals="14" methods="2" coveredmethods="2"/>
          <line num="16" count="3" type="stmt"/>
          <line num="19" count="4" type="stmt"/>
          <line num="20" count="4" type="stmt"/>
          <line num="22" count="4" type="cond" truecount="2" falsecount="0"/>
          <line num="23" count="1" type="stmt"/>
          <line num="25" count="3" type="cond" truecount="4" falsecount="0"/>
          <line num="26" count="3" type="stmt"/>
          <line num="42" count="1" type="stmt"/>
          <line num="55" count="3" type="stmt"/>
          <line num="67" count="3" type="stmt"/>
          <line num="73" count="3" type="cond" truecount="2" falsecount="0"/>
        </file>
        <file name="DeleteCenter.js" path="/Users/jameswafula/Documents/converge/mrm_front/src/components/centers/DeleteCenter.js">
          <metrics statements="16" coveredstatements="16" conditionals="2" coveredconditionals="2" methods="8" coveredmethods="8"/>
          <line num="38" count="3" type="stmt"/>
          <line num="47" count="1" type="cond" truecount="2" falsecount="0"/>
          <line num="58" count="2" type="stmt"/>
          <line num="59" count="2" type="stmt"/>
          <line num="60" count="2" type="stmt"/>
          <line num="66" count="1" type="stmt"/>
          <line num="67" count="1" type="stmt"/>
          <line num="68" count="1" type="stmt"/>
          <line num="69" count="1" type="stmt"/>
          <line num="72" count="1" type="stmt"/>
          <line num="73" count="1" type="stmt"/>
          <line num="74" count="1" type="stmt"/>
          <line num="85" count="4" type="stmt"/>
          <line num="91" count="13" type="stmt"/>
          <line num="93" count="13" type="stmt"/>
          <line num="119" count="5" type="stmt"/>
        </file>
        <file name="EditCenter.js" path="/Users/jameswafula/Documents/converge/mrm_front/src/components/centers/EditCenter.js">
          <metrics statements="38" coveredstatements="38" conditionals="10" coveredconditionals="10" methods="11" coveredmethods="11"/>
          <line num="30" count="3" type="stmt"/>
          <line num="42" count="1" type="stmt"/>
          <line num="43" count="1" type="stmt"/>
          <line num="51" count="1" type="cond" truecount="2" falsecount="0"/>
          <line num="63" count="2" type="stmt"/>
          <line num="65" count="2" type="stmt"/>
          <line num="66" count="2" type="stmt"/>
          <line num="67" count="2" type="stmt"/>
          <line num="69" count="2" type="stmt"/>
          <line num="70" count="16" type="cond" truecount="2" falsecount="0"/>
          <line num="71" count="462" type="stmt"/>
          <line num="75" count="2" type="stmt"/>
          <line num="76" count="2" type="stmt"/>
          <line num="77" count="2" type="stmt"/>
          <line num="78" count="2" type="stmt"/>
          <line num="88" count="1" type="stmt"/>
          <line num="89" count="1" type="stmt"/>
          <line num="94" count="1" type="stmt"/>
          <line num="95" count="1" type="stmt"/>
          <line num="98" count="1" type="stmt"/>
          <line num="99" count="1" type="stmt"/>
          <line num="100" count="1" type="stmt"/>
          <line num="101" count="1" type="stmt"/>
          <line num="103" count="2" type="stmt"/>
          <line num="113" count="8" type="stmt"/>
          <line num="125" count="4" type="stmt"/>
          <line num="128" count="4" type="stmt"/>
          <line num="129" count="4" type="cond" truecount="2" falsecount="0"/>
          <line num="130" count="1" type="stmt"/>
          <line num="131" count="3" type="cond" truecount="2" falsecount="0"/>
          <line num="132" count="1" type="stmt"/>
          <line num="134" count="2" type="stmt"/>
          <line num="135" count="2" type="stmt"/>
          <line num="143" count="21" type="stmt"/>
          <line num="145" count="21" type="stmt"/>
          <line num="183" count="5" type="stmt"/>
          <line num="194" count="5" type="stmt"/>
          <line num="202" count="5" type="cond" truecount="2" falsecount="0"/>
        </file>
      </package>
      <package name="components.devices">
        <metrics statements="6" coveredstatements="6" conditionals="0" coveredconditionals="0" methods="3" coveredmethods="3"/>
        <file name="Device.js" path="/Users/jameswafula/Documents/converge/mrm_front/src/components/devices/Device.js">
          <metrics statements="3" coveredstatements="3" conditionals="0" coveredconditionals="0" methods="1" coveredmethods="1"/>
          <line num="12" count="6" type="stmt"/>
          <line num="17" count="2" type="stmt"/>
          <line num="26" count="6" type="stmt"/>
        </file>
        <file name="DeviceList.js" path="/Users/jameswafula/Documents/converge/mrm_front/src/components/devices/DeviceList.js">
          <metrics statements="3" coveredstatements="3" conditionals="0" coveredconditionals="0" methods="2" coveredmethods="2"/>
          <line num="7" count="20" type="stmt"/>
          <line num="14" count="5" type="stmt"/>
          <line num="15" count="1" type="stmt"/>
        </file>
      </package>
      <package name="components.floors">
        <metrics statements="85" coveredstatements="85" conditionals="44" coveredconditionals="44" methods="34" coveredmethods="34"/>
        <file name="AddFloor.js" path="/Users/jameswafula/Documents/converge/mrm_front/src/components/floors/AddFloor.js">
          <metrics statements="24" coveredstatements="24" conditionals="12" coveredconditionals="12" methods="8" coveredmethods="8"/>
          <line num="51" count="4" type="stmt"/>
          <line num="64" count="1" type="stmt"/>
          <line num="65" count="1" type="stmt"/>
          <line num="75" count="1" type="cond" truecount="2" falsecount="0"/>
          <line num="85" count="6" type="stmt"/>
          <line num="100" count="5" type="stmt"/>
          <line num="101" count="5" type="stmt"/>
          <line num="102" count="5" type="stmt"/>
          <line num="103" count="5" type="cond" truecount="2" falsecount="0"/>
          <line num="104" count="1" type="stmt"/>
          <line num="105" count="4" type="cond" truecount="4" falsecount="0"/>
          <line num="106" count="1" type="stmt"/>
          <line num="108" count="3" type="stmt"/>
          <line num="109" count="3" type="stmt"/>
          <line num="117" count="2" type="stmt"/>
          <line num="118" count="2" type="stmt"/>
          <line num="119" count="2" type="stmt"/>
          <line num="124" count="2" type="stmt"/>
          <line num="127" count="1" type="stmt"/>
          <line num="128" count="1" type="stmt"/>
          <line num="129" count="1" type="stmt"/>
          <line num="142" count="20" type="stmt"/>
          <line num="143" count="20" type="stmt"/>
          <line num="144" count="20" type="stmt"/>
        </file>
        <file name="AddFloorMenu.js" path="/Users/jameswafula/Documents/converge/mrm_front/src/components/floors/AddFloorMenu.js">
          <metrics statements="13" coveredstatements="13" conditionals="8" coveredconditionals="8" methods="5" coveredmethods="5"/>
          <line num="14" count="4" type="cond" truecount="2" falsecount="0"/>
          <line num="21" count="4" type="stmt"/>
          <line num="22" count="4" type="stmt"/>
          <line num="54" count="4" type="stmt"/>
          <line num="55" count="4" type="stmt"/>
          <line num="56" count="4" type="cond" truecount="2" falsecount="0"/>
          <line num="57" count="2" type="cond" truecount="2" falsecount="0"/>
          <line num="58" count="1" type="stmt"/>
          <line num="59" count="1" type="stmt"/>
          <line num="61" count="1" type="stmt"/>
          <line num="75" count="4" type="stmt"/>
          <line num="85" count="4" type="stmt"/>
          <line num="91" count="4" type="stmt"/>
        </file>
        <file name="DeleteFloor.js" path="/Users/jameswafula/Documents/converge/mrm_front/src/components/floors/DeleteFloor.js">
          <metrics statements="16" coveredstatements="16" conditionals="2" coveredconditionals="2" methods="7" coveredmethods="7"/>
          <line num="30" count="3" type="stmt"/>
          <line num="39" count="1" type="cond" truecount="2" falsecount="0"/>
          <line num="50" count="2" type="stmt"/>
          <line num="51" count="2" type="stmt"/>
          <line num="52" count="2" type="stmt"/>
          <line num="59" count="1" type="stmt"/>
          <line num="60" count="1" type="stmt"/>
          <line num="61" count="1" type="stmt"/>
          <line num="66" count="1" type="stmt"/>
          <line num="69" count="1" type="stmt"/>
          <line num="70" count="1" type="stmt"/>
          <line num="71" count="1" type="stmt"/>
          <line num="82" count="4" type="stmt"/>
          <line num="88" count="12" type="stmt"/>
          <line num="90" count="12" type="stmt"/>
          <line num="117" count="5" type="stmt"/>
        </file>
        <file name="EditFloor.js" path="/Users/jameswafula/Documents/converge/mrm_front/src/components/floors/EditFloor.js">
          <metrics statements="12" coveredstatements="12" conditionals="2" coveredconditionals="2" methods="7" coveredmethods="7"/>
          <line num="34" count="1" type="stmt"/>
          <line num="43" count="3" type="stmt"/>
          <line num="52" count="1" type="cond" truecount="2" falsecount="0"/>
          <line num="63" count="2" type="stmt"/>
          <line num="64" count="2" type="stmt"/>
          <line num="66" count="2" type="stmt"/>
          <line num="74" count="1" type="stmt"/>
          <line num="77" count="1" type="stmt"/>
          <line num="79" count="2" type="stmt"/>
          <line num="83" count="9" type="stmt"/>
          <line num="85" count="9" type="stmt"/>
          <line num="117" count="5" type="stmt"/>
        </file>
        <file name="Floor.js" path="/Users/jameswafula/Documents/converge/mrm_front/src/components/floors/Floor.js">
          <metrics statements="3" coveredstatements="3" conditionals="0" coveredconditionals="0" methods="1" coveredmethods="1"/>
          <line num="13" count="4" type="stmt"/>
          <line num="14" count="2" type="stmt"/>
          <line num="30" count="4" type="stmt"/>
        </file>
        <file name="FloorList.js" path="/Users/jameswafula/Documents/converge/mrm_front/src/components/floors/FloorList.js">
          <metrics statements="17" coveredstatements="17" conditionals="20" coveredconditionals="20" methods="6" coveredmethods="6"/>
          <line num="30" count="4" type="stmt"/>
          <line num="31" count="4" type="stmt"/>
          <line num="40" count="3" type="stmt"/>
          <line num="41" count="3" type="stmt"/>
          <line num="55" count="1" type="stmt"/>
          <line num="79" count="9" type="stmt"/>
          <line num="82" count="9" type="stmt"/>
          <line num="83" count="9" type="stmt"/>
          <line num="85" count="9" type="cond" truecount="2" falsecount="0"/>
          <line num="86" count="3" type="stmt"/>
          <line num="89" count="6" type="cond" truecount="2" falsecount="0"/>
          <line num="90" count="6" type="cond" truecount="4" falsecount="0"/>
          <line num="91" count="5" type="stmt"/>
          <line num="108" count="1" type="stmt"/>
          <line num="132" count="3" type="stmt"/>
          <line num="153" count="3" type="cond" truecount="2" falsecount="0"/>
          <line num="157" count="1" type="stmt"/>
        </file>
      </package>
      <package name="components.offices">
        <metrics statements="88" coveredstatements="88" conditionals="32" coveredconditionals="32" methods="34" coveredmethods="34"/>
        <file name="AddOffice.js" path="/Users/jameswafula/Documents/converge/mrm_front/src/components/offices/AddOffice.js">
          <metrics statements="23" coveredstatements="23" conditionals="6" coveredconditionals="6" methods="8" coveredmethods="8"/>
          <line num="47" count="5" type="stmt"/>
          <line num="59" count="1" type="stmt"/>
          <line num="60" count="1" type="stmt"/>
          <line num="70" count="1" type="cond" truecount="2" falsecount="0"/>
          <line num="84" count="4" type="stmt"/>
          <line num="85" count="4" type="stmt"/>
          <line num="86" count="4" type="cond" truecount="2" falsecount="0"/>
          <line num="87" count="1" type="stmt"/>
          <line num="88" count="3" type="cond" truecount="2" falsecount="0"/>
          <line num="89" count="1" type="stmt"/>
          <line num="91" count="2" type="stmt"/>
          <line num="92" count="2" type="stmt"/>
          <line num="100" count="1" type="stmt"/>
          <line num="101" count="1" type="stmt"/>
          <line num="102" count="1" type="stmt"/>
          <line num="103" count="1" type="stmt"/>
          <line num="110" count="1" type="stmt"/>
          <line num="111" count="1" type="stmt"/>
          <line num="112" count="1" type="stmt"/>
          <line num="124" count="4" type="stmt"/>
          <line num="132" count="19" type="stmt"/>
          <line num="133" count="19" type="stmt"/>
          <line num="134" count="19" type="stmt"/>
        </file>
        <file name="DeleteOffice.js" path="/Users/jameswafula/Documents/converge/mrm_front/src/components/offices/DeleteOffice.js">
          <metrics statements="19" coveredstatements="19" conditionals="2" coveredconditionals="2" methods="9" coveredmethods="9"/>
          <line num="32" count="3" type="stmt"/>
          <line num="41" count="1" type="cond" truecount="2" falsecount="0"/>
          <line num="50" count="2" type="stmt"/>
          <line num="51" count="2" type="stmt"/>
          <line num="52" count="2" type="stmt"/>
          <line num="58" count="1" type="stmt"/>
          <line num="59" count="1" type="stmt"/>
          <line num="60" count="1" type="stmt"/>
          <line num="61" count="1" type="stmt"/>
          <line num="62" count="1" type="stmt"/>
          <line num="65" count="1" type="stmt"/>
          <line num="66" count="1" type="stmt"/>
          <line num="67" count="1" type="stmt"/>
          <line num="78" count="4" type="stmt"/>
          <line num="84" count="12" type="stmt"/>
          <line num="86" count="12" type="stmt"/>
          <line num="112" count="5" type="stmt"/>
          <line num="119" count="5" type="stmt"/>
          <line num="127" count="1" type="stmt"/>
        </file>
        <file name="EditOffice.js" path="/Users/jameswafula/Documents/converge/mrm_front/src/components/offices/EditOffice.js">
          <metrics statements="21" coveredstatements="21" conditionals="2" coveredconditionals="2" methods="10" coveredmethods="10"/>
          <line num="38" count="1" type="stmt"/>
          <line num="47" count="5" type="stmt"/>
          <line num="56" count="1" type="cond" truecount="2" falsecount="0"/>
          <line num="67" count="2" type="stmt"/>
          <line num="68" count="2" type="stmt"/>
          <line num="69" count="2" type="stmt"/>
          <line num="70" count="2" type="stmt"/>
          <line num="71" count="2" type="stmt"/>
          <line num="79" count="1" type="stmt"/>
          <line num="81" count="1" type="stmt"/>
          <line num="82" count="1" type="stmt"/>
          <line num="87" count="1" type="stmt"/>
          <line num="88" count="1" type="stmt"/>
          <line num="89" count="1" type="stmt"/>
          <line num="92" count="1" type="stmt"/>
          <line num="103" count="4" type="stmt"/>
          <line num="111" count="17" type="stmt"/>
          <line num="113" count="17" type="stmt"/>
          <line num="159" count="5" type="stmt"/>
          <line num="168" count="5" type="stmt"/>
          <line num="176" count="1" type="stmt"/>
        </file>
        <file name="Office.js" path="/Users/jameswafula/Documents/converge/mrm_front/src/components/offices/Office.js">
          <metrics statements="8" coveredstatements="8" conditionals="2" coveredconditionals="2" methods="1" coveredmethods="1"/>
          <line num="13" count="4" type="stmt"/>
          <line num="14" count="3" type="stmt"/>
          <line num="15" count="3" type="cond" truecount="2" falsecount="0"/>
          <line num="16" count="1" type="stmt"/>
          <line num="18" count="2" type="stmt"/>
          <line num="20" count="3" type="stmt"/>
          <line num="47" count="4" type="stmt"/>
          <line num="60" count="4" type="stmt"/>
        </file>
        <file name="OfficeList.js" path="/Users/jameswafula/Documents/converge/mrm_front/src/components/offices/OfficeList.js">
          <metrics statements="17" coveredstatements="17" conditionals="20" coveredconditionals="20" methods="6" coveredmethods="6"/>
          <line num="32" count="5" type="stmt"/>
          <line num="33" count="5" type="stmt"/>
          <line num="42" count="3" type="stmt"/>
          <line num="43" count="3" type="stmt"/>
          <line num="57" count="1" type="stmt"/>
          <line num="81" count="10" type="stmt"/>
          <line num="82" count="10" type="stmt"/>
          <line num="85" count="10" type="stmt"/>
          <line num="86" count="10" type="cond" truecount="4" falsecount="0"/>
          <line num="87" count="9" type="cond" truecount="2" falsecount="0"/>
          <line num="89" count="6" type="cond" truecount="2" falsecount="0"/>
          <line num="91" count="6" type="stmt"/>
          <line num="105" count="4" type="stmt"/>
          <line num="135" count="3" type="stmt"/>
          <line num="151" count="3" type="stmt"/>
          <line num="166" count="3" type="cond" truecount="2" falsecount="0"/>
          <line num="170" count="2" type="stmt"/>
        </file>
      </package>
      <package name="components.people">
        <metrics statements="36" coveredstatements="36" conditionals="31" coveredconditionals="31" methods="17" coveredmethods="17"/>
        <file name="People.js" path="/Users/jameswafula/Documents/converge/mrm_front/src/components/people/People.js">
          <metrics statements="12" coveredstatements="12" conditionals="2" coveredconditionals="2" methods="7" coveredmethods="7"/>
          <line num="12" count="11" type="stmt"/>
          <line num="23" count="6" type="stmt"/>
          <line num="33" count="11" type="stmt"/>
          <line num="34" count="2" type="stmt"/>
          <line num="35" count="2" type="stmt"/>
          <line num="37" count="1" type="stmt"/>
          <line num="42" count="1" type="stmt"/>
          <line num="45" count="1" type="stmt"/>
          <line num="48" count="11" type="stmt"/>
          <line num="64" count="22" type="stmt"/>
          <line num="70" count="2" type="stmt"/>
          <line num="80" count="6" type="stmt"/>
        </file>
        <file name="PeopleList.js" path="/Users/jameswafula/Documents/converge/mrm_front/src/components/people/PeopleList.js">
          <metrics statements="24" coveredstatements="24" conditionals="29" coveredconditionals="29" methods="10" coveredmethods="10"/>
          <line num="25" count="7" type="stmt"/>
          <line num="26" count="7" type="stmt"/>
          <line num="38" count="21" type="stmt"/>
          <line num="39" count="21" type="stmt"/>
          <line num="61" count="3" type="stmt"/>
          <line num="62" count="3" type="stmt"/>
          <line num="63" count="3" type="stmt"/>
          <line num="79" count="2" type="stmt"/>
          <line num="81" count="1" type="stmt"/>
          <line num="82" count="1" type="stmt"/>
          <line num="98" count="11" type="cond" truecount="1" falsecount="0"/>
          <line num="99" count="1" type="stmt"/>
          <line num="104" count="1" type="stmt"/>
          <line num="108" count="34" type="stmt"/>
          <line num="109" count="34" type="stmt"/>
          <line num="110" count="34" type="stmt"/>
          <line num="115" count="34" type="stmt"/>
          <line num="120" count="34" type="stmt"/>
          <line num="121" count="34" type="cond" truecount="5" falsecount="0"/>
          <line num="122" count="15" type="cond" truecount="4" falsecount="0"/>
          <line num="123" count="14" type="stmt"/>
          <line num="146" count="24" type="stmt"/>
          <line num="177" count="5" type="stmt"/>
          <line num="213" count="5" type="stmt"/>
        </file>
      </package>
      <package name="components.preference.emailTemplates">
        <metrics statements="2" coveredstatements="2" conditionals="0" coveredconditionals="0" methods="1" coveredmethods="1"/>
        <file name="CancelledEvent.js" path="/Users/jameswafula/Documents/converge/mrm_front/src/components/preference/emailTemplates/CancelledEvent.js">
          <metrics statements="2" coveredstatements="2" conditionals="0" coveredconditionals="0" methods="1" coveredmethods="1"/>
          <line num="11" count="1" type="stmt"/>
          <line num="12" count="1" type="stmt"/>
        </file>
      </package>
      <package name="components.preference.eventCustomisation">
        <metrics statements="3" coveredstatements="3" conditionals="0" coveredconditionals="0" methods="3" coveredmethods="3"/>
        <file name="checkInWindowSettings.js" path="/Users/jameswafula/Documents/converge/mrm_front/src/components/preference/eventCustomisation/checkInWindowSettings.js">
          <metrics statements="3" coveredstatements="3" conditionals="0" coveredconditionals="0" methods="3" coveredmethods="3"/>
          <line num="27" count="2" type="stmt"/>
          <line num="36" count="5" type="stmt"/>
          <line num="42" count="5" type="stmt"/>
        </file>
      </package>
      <package name="components.preference.notificationsSettings">
        <metrics statements="23" coveredstatements="23" conditionals="4" coveredconditionals="4" methods="11" coveredmethods="11"/>
        <file name="DeviceNotifications.js" path="/Users/jameswafula/Documents/converge/mrm_front/src/components/preference/notificationsSettings/DeviceNotifications.js">
          <metrics statements="7" coveredstatements="7" conditionals="0" coveredconditionals="0" methods="4" coveredmethods="4"/>
          <line num="23" count="7" type="stmt"/>
          <line num="24" count="7" type="stmt"/>
          <line num="25" count="7" type="stmt"/>
          <line num="28" count="9" type="stmt"/>
          <line num="33" count="2" type="stmt"/>
          <line num="34" count="2" type="stmt"/>
          <line num="35" count="2" type="stmt"/>
        </file>
        <file name="MeetingNotifications.js" path="/Users/jameswafula/Documents/converge/mrm_front/src/components/preference/notificationsSettings/MeetingNotifications.js">
          <metrics statements="7" coveredstatements="7" conditionals="0" coveredconditionals="0" methods="4" coveredmethods="4"/>
          <line num="23" count="7" type="stmt"/>
          <line num="24" count="7" type="stmt"/>
          <line num="25" count="7" type="stmt"/>
          <line num="28" count="9" type="stmt"/>
          <line num="33" count="2" type="stmt"/>
          <line num="34" count="2" type="stmt"/>
          <line num="35" count="2" type="stmt"/>
        </file>
        <file name="NotificationSetting.js" path="/Users/jameswafula/Documents/converge/mrm_front/src/components/preference/notificationsSettings/NotificationSetting.js">
          <metrics statements="3" coveredstatements="3" conditionals="0" coveredconditionals="0" methods="1" coveredmethods="1"/>
          <line num="14" count="6" type="stmt"/>
          <line num="17" count="19" type="stmt"/>
          <line num="33" count="6" type="stmt"/>
        </file>
        <file name="NotificationSettingsList.js" path="/Users/jameswafula/Documents/converge/mrm_front/src/components/preference/notificationsSettings/NotificationSettingsList.js">
          <metrics statements="6" coveredstatements="6" conditionals="4" coveredconditionals="4" methods="2" coveredmethods="2"/>
          <line num="17" count="3" type="stmt"/>
          <line num="18" count="4" type="stmt"/>
          <line num="20" count="4" type="cond" truecount="2" falsecount="0"/>
          <line num="21" count="2" type="cond" truecount="2" falsecount="0"/>
          <line num="26" count="1" type="stmt"/>
          <line num="27" count="1" type="stmt"/>
        </file>
      </package>
      <package name="components.setup">
        <metrics statements="144" coveredstatements="144" conditionals="132" coveredconditionals="132" methods="43" coveredmethods="43"/>
        <file name="LevelsForm.js" path="/Users/jameswafula/Documents/converge/mrm_front/src/components/setup/LevelsForm.js">
          <metrics statements="68" coveredstatements="68" conditionals="82" coveredconditionals="82" methods="18" coveredmethods="18"/>
          <line num="15" count="10" type="cond" truecount="2" falsecount="0"/>
          <line num="20" count="16" type="stmt"/>
          <line num="21" count="16" type="cond" truecount="2" falsecount="0"/>
          <line num="23" count="16" type="stmt"/>
          <line num="36" count="5" type="stmt"/>
          <line num="37" count="5" type="cond" truecount="1" falsecount="0"/>
          <line num="38" count="5" type="stmt"/>
          <line num="40" count="5" type="stmt"/>
          <line num="41" count="1" type="stmt"/>
          <line num="42" count="1" type="stmt"/>
          <line num="49" count="1" type="stmt"/>
          <line num="52" count="5" type="cond" truecount="2" falsecount="0"/>
          <line num="84" count="1" type="stmt"/>
          <line num="85" count="1" type="stmt"/>
          <line num="87" count="1" type="cond" truecount="1" falsecount="0"/>
          <line num="88" count="1" type="stmt"/>
          <line num="89" count="1" type="stmt"/>
          <line num="102" count="4" type="stmt"/>
          <line num="103" count="4" type="stmt"/>
          <line num="104" count="4" type="stmt"/>
          <line num="105" count="4" type="stmt"/>
          <line num="106" count="4" type="stmt"/>
          <line num="108" count="4" type="cond" truecount="2" falsecount="0"/>
          <line num="109" count="1" type="cond" truecount="2" falsecount="0"/>
          <line num="110" count="3" type="cond" truecount="2" falsecount="0"/>
          <line num="111" count="1" type="cond" truecount="2" falsecount="0"/>
          <line num="112" count="2" type="cond" truecount="2" falsecount="0"/>
          <line num="113" count="1" type="cond" truecount="2" falsecount="0"/>
          <line num="116" count="4" type="stmt"/>
          <line num="122" count="15" type="stmt"/>
          <line num="124" count="15" type="stmt"/>
          <line num="125" count="15" type="stmt"/>
          <line num="126" count="15" type="stmt"/>
          <line num="128" count="15" type="cond" truecount="2" falsecount="0"/>
          <line num="135" count="15" type="stmt"/>
          <line num="142" count="2" type="stmt"/>
          <line num="143" count="2" type="stmt"/>
          <line num="144" count="2" type="stmt"/>
          <line num="145" count="2" type="stmt"/>
          <line num="147" count="2" type="cond" truecount="2" falsecount="0"/>
          <line num="148" count="1" type="stmt"/>
          <line num="150" count="2" type="stmt"/>
          <line num="151" count="1" type="stmt"/>
          <line num="152" count="1" type="stmt"/>
          <line num="154" count="2" type="stmt"/>
          <line num="157" count="2" type="stmt"/>
          <line num="160" count="20" type="stmt"/>
          <line num="161" count="1" type="stmt"/>
          <line num="162" count="1" type="stmt"/>
          <line num="163" count="1" type="stmt"/>
          <line num="165" count="1" type="cond" truecount="1" falsecount="0"/>
          <line num="166" count="1" type="cond" truecount="1" falsecount="0"/>
          <line num="168" count="1" type="stmt"/>
          <line num="174" count="38" type="stmt"/>
          <line num="175" count="38" type="cond" truecount="2" falsecount="0"/>
          <line num="176" count="38" type="stmt"/>
          <line num="177" count="38" type="cond" truecount="2" falsecount="0"/>
          <line num="178" count="20" type="stmt"/>
          <line num="183" count="7" type="stmt"/>
          <line num="204" count="1" type="stmt"/>
          <line num="207" count="64" type="cond" truecount="3" falsecount="0"/>
          <line num="208" count="64" type="cond" truecount="1" falsecount="0"/>
          <line num="210" count="64" type="stmt"/>
          <line num="212" count="38" type="cond" truecount="2" falsecount="0"/>
          <line num="214" count="38" type="stmt"/>
          <line num="238" count="64" type="stmt"/>
          <line num="239" count="64" type="cond" truecount="3" falsecount="0"/>
          <line num="241" count="64" type="stmt"/>
        </file>
        <file name="Setup.js" path="/Users/jameswafula/Documents/converge/mrm_front/src/components/setup/Setup.js">
          <metrics statements="24" coveredstatements="24" conditionals="14" coveredconditionals="14" methods="6" coveredmethods="6"/>
          <line num="20" count="1" type="stmt"/>
          <line num="29" count="2" type="stmt"/>
          <line num="30" count="1" type="stmt"/>
          <line num="31" count="1" type="cond" truecount="2" falsecount="0"/>
          <line num="32" count="1" type="stmt"/>
          <line num="40" count="4" type="stmt"/>
          <line num="41" count="4" type="cond" truecount="4" falsecount="0"/>
          <line num="43" count="1" type="stmt"/>
          <line num="46" count="1" type="stmt"/>
          <line num="48" count="1" type="stmt"/>
          <line num="51" count="1" type="stmt"/>
          <line num="53" count="1" type="stmt"/>
          <line num="56" count="1" type="stmt"/>
          <line num="58" count="1" type="stmt"/>
          <line num="74" count="15" type="stmt"/>
          <line num="76" count="15" type="cond" truecount="2" falsecount="0"/>
          <line num="77" count="6" type="cond" truecount="4" falsecount="0"/>
          <line num="79" count="1" type="stmt"/>
          <line num="81" count="1" type="stmt"/>
          <line num="83" count="1" type="stmt"/>
          <line num="85" count="3" type="cond" truecount="2" falsecount="0"/>
          <line num="90" count="9" type="stmt"/>
          <line num="99" count="15" type="stmt"/>
          <line num="100" count="15" type="stmt"/>
        </file>
        <file name="SetupInfoPage.js" path="/Users/jameswafula/Documents/converge/mrm_front/src/components/setup/SetupInfoPage.js">
          <metrics statements="3" coveredstatements="3" conditionals="0" coveredconditionals="0" methods="1" coveredmethods="1"/>
          <line num="6" count="3" type="stmt"/>
          <line num="7" count="1" type="stmt"/>
          <line num="20" count="3" type="stmt"/>
        </file>
        <file name="SetupLevel.js" path="/Users/jameswafula/Documents/converge/mrm_front/src/components/setup/SetupLevel.js">
          <metrics statements="6" coveredstatements="6" conditionals="12" coveredconditionals="12" methods="4" coveredmethods="4"/>
          <line num="16" count="2" type="stmt"/>
          <line num="19" count="4" type="stmt"/>
          <line num="22" count="4" type="cond" truecount="2" falsecount="0"/>
          <line num="23" count="4" type="stmt"/>
          <line num="43" count="11" type="stmt"/>
          <line num="68" count="4" type="stmt"/>
        </file>
        <file name="SetupNavbar.js" path="/Users/jameswafula/Documents/converge/mrm_front/src/components/setup/SetupNavbar.js">
          <metrics statements="6" coveredstatements="6" conditionals="2" coveredconditionals="2" methods="2" coveredmethods="2"/>
          <line num="13" count="3" type="stmt"/>
          <line num="14" count="2" type="stmt"/>
          <line num="16" count="2" type="stmt"/>
          <line num="18" count="10" type="stmt"/>
          <line num="29" count="2" type="stmt"/>
          <line num="32" count="3" type="stmt"/>
        </file>
        <file name="StructurePreviewTree.js" path="/Users/jameswafula/Documents/converge/mrm_front/src/components/setup/StructurePreviewTree.js">
          <metrics statements="27" coveredstatements="27" conditionals="20" coveredconditionals="20" methods="9" coveredmethods="9"/>
          <line num="11" count="9" type="stmt"/>
          <line num="13" count="9" type="stmt"/>
          <line num="14" count="26" type="cond" truecount="2" falsecount="0"/>
          <line num="15" count="6" type="stmt"/>
          <line num="16" count="6" type="cond" truecount="2" falsecount="0"/>
          <line num="18" count="1" type="stmt"/>
          <line num="20" count="6" type="stmt"/>
          <line num="23" count="9" type="stmt"/>
          <line num="27" count="3" type="stmt"/>
          <line num="28" count="3" type="stmt"/>
          <line num="29" count="3" type="cond" truecount="2" falsecount="0"/>
          <line num="31" count="2" type="stmt"/>
          <line num="32" count="4" type="stmt"/>
          <line num="37" count="8" type="cond" truecount="2" falsecount="0"/>
          <line num="42" count="2" type="stmt"/>
          <line num="44" count="1" type="stmt"/>
          <line num="48" count="5" type="cond" truecount="2" falsecount="0"/>
          <line num="49" count="10" type="cond" truecount="2" falsecount="0"/>
          <line num="50" count="2" type="stmt"/>
          <line num="57" count="8" type="stmt"/>
          <line num="66" count="2" type="stmt"/>
          <line num="74" count="2" type="stmt"/>
          <line num="77" count="2" type="cond" truecount="4" falsecount="0"/>
          <line num="78" count="1" type="stmt"/>
          <line num="79" count="1" type="stmt"/>
          <line num="81" count="2" type="stmt"/>
          <line num="92" count="5" type="stmt"/>
        </file>
        <file name="WelcomePage.js" path="/Users/jameswafula/Documents/converge/mrm_front/src/components/setup/WelcomePage.js">
          <metrics statements="10" coveredstatements="10" conditionals="2" coveredconditionals="2" methods="3" coveredmethods="3"/>
          <line num="16" count="1" type="stmt"/>
          <line num="24" count="3" type="stmt"/>
          <line num="25" count="2" type="stmt"/>
          <line num="31" count="4" type="stmt"/>
          <line num="32" count="4" type="cond" truecount="2" falsecount="0"/>
          <line num="33" count="1" type="stmt"/>
          <line num="39" count="3" type="stmt"/>
          <line num="40" count="3" type="stmt"/>
          <line num="64" count="3" type="stmt"/>
          <line num="68" count="3" type="stmt"/>
        </file>
      </package>
      <package name="components.wing">
        <metrics statements="77" coveredstatements="77" conditionals="32" coveredconditionals="32" methods="29" coveredmethods="29"/>
        <file name="DeleteWing.js" path="/Users/jameswafula/Documents/converge/mrm_front/src/components/wing/DeleteWing.js">
          <metrics statements="16" coveredstatements="16" conditionals="2" coveredconditionals="2" methods="7" coveredmethods="7"/>
          <line num="31" count="3" type="stmt"/>
          <line num="40" count="1" type="cond" truecount="2" falsecount="0"/>
          <line num="49" count="2" type="stmt"/>
          <line num="50" count="2" type="stmt"/>
          <line num="51" count="2" type="stmt"/>
          <line num="58" count="1" type="stmt"/>
          <line num="59" count="1" type="stmt"/>
          <line num="60" count="1" type="stmt"/>
          <line num="61" count="1" type="stmt"/>
          <line num="64" count="1" type="stmt"/>
          <line num="65" count="1" type="stmt"/>
          <line num="66" count="1" type="stmt"/>
          <line num="77" count="4" type="stmt"/>
          <line num="83" count="11" type="stmt"/>
          <line num="84" count="11" type="stmt"/>
          <line num="110" count="5" type="stmt"/>
        </file>
        <file name="EditWing.js" path="/Users/jameswafula/Documents/converge/mrm_front/src/components/wing/EditWing.js">
          <metrics statements="19" coveredstatements="19" conditionals="2" coveredconditionals="2" methods="8" coveredmethods="8"/>
          <line num="37" count="1" type="stmt"/>
          <line num="46" count="5" type="stmt"/>
          <line num="55" count="1" type="cond" truecount="2" falsecount="0"/>
          <line num="66" count="2" type="stmt"/>
          <line num="67" count="2" type="stmt"/>
          <line num="68" count="2" type="stmt"/>
          <line num="69" count="2" type="stmt"/>
          <line num="70" count="2" type="stmt"/>
          <line num="76" count="1" type="stmt"/>
          <line num="77" count="1" type="stmt"/>
          <line num="78" count="1" type="stmt"/>
          <line num="80" count="1" type="stmt"/>
          <line num="81" count="1" type="stmt"/>
          <line num="82" count="1" type="stmt"/>
          <line num="85" count="1" type="stmt"/>
          <line num="96" count="4" type="stmt"/>
          <line num="101" count="16" type="stmt"/>
          <line num="102" count="16" type="stmt"/>
          <line num="135" count="5" type="stmt"/>
        </file>
        <file name="addWing.js" path="/Users/jameswafula/Documents/converge/mrm_front/src/components/wing/addWing.js">
          <metrics statements="29" coveredstatements="29" conditionals="12" coveredconditionals="12" methods="10" coveredmethods="10"/>
          <line num="36" count="5" type="stmt"/>
          <line num="48" count="1" type="stmt"/>
          <line num="49" count="1" type="stmt"/>
          <line num="59" count="1" type="cond" truecount="2" falsecount="0"/>
          <line num="68" count="4" type="stmt"/>
          <line num="69" count="4" type="stmt"/>
          <line num="70" count="4" type="cond" truecount="2" falsecount="0"/>
          <line num="71" count="1" type="stmt"/>
          <line num="72" count="3" type="cond" truecount="2" falsecount="0"/>
          <line num="73" count="1" type="stmt"/>
          <line num="75" count="2" type="stmt"/>
          <line num="76" count="2" type="stmt"/>
          <line num="84" count="1" type="stmt"/>
          <line num="85" count="1" type="stmt"/>
          <line num="86" count="1" type="stmt"/>
          <line num="93" count="1" type="stmt"/>
          <line num="94" count="1" type="stmt"/>
          <line num="95" count="1" type="stmt"/>
          <line num="107" count="4" type="stmt"/>
          <line num="116" count="21" type="stmt"/>
          <line num="117" count="21" type="stmt"/>
          <line num="118" count="21" type="stmt"/>
          <line num="120" count="21" type="cond" truecount="2" falsecount="0"/>
          <line num="121" count="20" type="cond" truecount="2" falsecount="0"/>
          <line num="122" count="7" type="stmt"/>
          <line num="125" count="21" type="stmt"/>
          <line num="165" count="4" type="stmt"/>
          <line num="172" count="4" type="stmt"/>
          <line num="180" count="1" type="stmt"/>
        </file>
        <file name="wingList.js" path="/Users/jameswafula/Documents/converge/mrm_front/src/components/wing/wingList.js">
          <metrics statements="10" coveredstatements="10" conditionals="12" coveredconditionals="12" methods="3" coveredmethods="3"/>
          <line num="18" count="3" type="cond" truecount="2" falsecount="0"/>
          <line num="27" count="3" type="cond" truecount="2" falsecount="0"/>
          <line num="28" count="1" type="stmt"/>
          <line num="37" count="3" type="stmt"/>
          <line num="38" count="3" type="stmt"/>
          <line num="39" count="3" type="cond" truecount="2" falsecount="0"/>
          <line num="40" count="1" type="stmt"/>
          <line num="42" count="2" type="stmt"/>
          <line num="65" count="3" type="stmt"/>
          <line num="76" count="3" type="stmt"/>
        </file>
        <file name="wings.js" path="/Users/jameswafula/Documents/converge/mrm_front/src/components/wing/wings.js">
          <metrics statements="3" coveredstatements="3" conditionals="4" coveredconditionals="4" methods="1" coveredmethods="1"/>
          <line num="13" count="4" type="stmt"/>
          <line num="14" count="2" type="stmt"/>
          <line num="25" count="4" type="stmt"/>
        </file>
      </package>
      <package name="containers">
        <metrics statements="40" coveredstatements="40" conditionals="29" coveredconditionals="29" methods="17" coveredmethods="17"/>
        <file name="Analytics.js" path="/Users/jameswafula/Documents/converge/mrm_front/src/containers/Analytics.js">
          <metrics statements="2" coveredstatements="2" conditionals="0" coveredconditionals="0" methods="1" coveredmethods="1"/>
          <line num="9" count="1" type="stmt"/>
          <line num="10" count="1" type="stmt"/>
        </file>
        <file name="AnalyticsActivity.js" path="/Users/jameswafula/Documents/converge/mrm_front/src/containers/AnalyticsActivity.js">
          <metrics statements="21" coveredstatements="21" conditionals="17" coveredconditionals="17" methods="8" coveredmethods="8"/>
          <line num="19" count="5" type="stmt"/>
          <line num="23" count="5" type="stmt"/>
          <line num="24" count="5" type="cond" truecount="2" falsecount="0"/>
          <line num="29" count="1" type="stmt"/>
          <line num="32" count="5" type="cond" truecount="2" falsecount="0"/>
          <line num="34" count="1" type="stmt"/>
          <line num="38" count="1" type="stmt"/>
          <line num="43" count="8" type="stmt"/>
          <line num="44" count="8" type="stmt"/>
          <line num="45" count="2" type="stmt"/>
          <line num="51" count="9" type="stmt"/>
          <line num="53" count="36" type="stmt"/>
          <line num="57" count="54" type="stmt"/>
          <line num="89" count="9" type="stmt"/>
          <line num="98" count="10" type="stmt"/>
          <line num="99" count="10" type="cond" truecount="4" falsecount="0"/>
          <line num="100" count="8" type="stmt"/>
          <line num="107" count="2" type="cond" truecount="2" falsecount="0"/>
          <line num="108" count="1" type="stmt"/>
          <line num="114" count="1" type="stmt"/>
          <line num="123" count="4" type="stmt"/>
        </file>
        <file name="AnalyticsOverview.js" path="/Users/jameswafula/Documents/converge/mrm_front/src/containers/AnalyticsOverview.js">
          <metrics statements="4" coveredstatements="4" conditionals="0" coveredconditionals="0" methods="1" coveredmethods="1"/>
          <line num="11" count="5" type="stmt"/>
          <line num="12" count="11" type="stmt"/>
          <line num="35" count="5" type="stmt"/>
          <line num="46" count="5" type="stmt"/>
        </file>
        <file name="Preference.js" path="/Users/jameswafula/Documents/converge/mrm_front/src/containers/Preference.js">
          <metrics statements="2" coveredstatements="2" conditionals="0" coveredconditionals="0" methods="1" coveredmethods="1"/>
          <line num="11" count="1" type="stmt"/>
          <line num="12" count="1" type="stmt"/>
        </file>
        <file name="RoomFeedbackPage.js" path="/Users/jameswafula/Documents/converge/mrm_front/src/containers/RoomFeedbackPage.js">
          <metrics statements="7" coveredstatements="7" conditionals="12" coveredconditionals="12" methods="4" coveredmethods="4"/>
          <line num="24" count="1" type="stmt"/>
          <line num="40" count="1" type="stmt"/>
          <line num="41" count="1" type="stmt"/>
          <line num="42" count="1" type="stmt"/>
          <line num="43" count="1" type="stmt"/>
          <line num="48" count="2" type="stmt"/>
          <line num="49" count="2" type="stmt"/>
        </file>
        <file name="Settings.js" path="/Users/jameswafula/Documents/converge/mrm_front/src/containers/Settings.js">
          <metrics statements="2" coveredstatements="2" conditionals="0" coveredconditionals="0" methods="1" coveredmethods="1"/>
          <line num="7" count="1" type="stmt"/>
          <line num="8" count="1" type="stmt"/>
        </file>
        <file name="Setup.js" path="/Users/jameswafula/Documents/converge/mrm_front/src/containers/Setup.js">
          <metrics statements="2" coveredstatements="2" conditionals="0" coveredconditionals="0" methods="1" coveredmethods="1"/>
          <line num="5" count="1" type="stmt"/>
          <line num="6" count="1" type="stmt"/>
        </file>
      </package>
      <package name="fixtures">
        <metrics statements="24" coveredstatements="24" conditionals="0" coveredconditionals="0" methods="0" coveredmethods="0"/>
        <file name="blocksData.js" path="/Users/jameswafula/Documents/converge/mrm_front/src/fixtures/blocksData.js">
          <metrics statements="2" coveredstatements="2" conditionals="0" coveredconditionals="0" methods="0" coveredmethods="0"/>
          <line num="1" count="3" type="stmt"/>
          <line num="13" count="3" type="stmt"/>
        </file>
        <file name="cities.js" path="/Users/jameswafula/Documents/converge/mrm_front/src/fixtures/cities.js">
          <metrics statements="1" coveredstatements="1" conditionals="0" coveredconditionals="0" methods="0" coveredmethods="0"/>
          <line num="1" count="6" type="stmt"/>
        </file>
        <file name="countries.js" path="/Users/jameswafula/Documents/converge/mrm_front/src/fixtures/countries.js">
          <metrics statements="1" coveredstatements="1" conditionals="0" coveredconditionals="0" methods="0" coveredmethods="0"/>
          <line num="1" count="6" type="stmt"/>
        </file>
        <file name="devices.js" path="/Users/jameswafula/Documents/converge/mrm_front/src/fixtures/devices.js">
          <metrics statements="1" coveredstatements="1" conditionals="0" coveredconditionals="0" methods="0" coveredmethods="0"/>
          <line num="1" count="5" type="stmt"/>
        </file>
        <file name="donutChartColors.js" path="/Users/jameswafula/Documents/converge/mrm_front/src/fixtures/donutChartColors.js">
          <metrics statements="3" coveredstatements="3" conditionals="0" coveredconditionals="0" methods="0" coveredmethods="0"/>
          <line num="1" count="6" type="stmt"/>
          <line num="2" count="6" type="stmt"/>
          <line num="3" count="6" type="stmt"/>
        </file>
        <file name="downloadString.js" path="/Users/jameswafula/Documents/converge/mrm_front/src/fixtures/downloadString.js">
          <metrics statements="1" coveredstatements="1" conditionals="0" coveredconditionals="0" methods="0" coveredmethods="0"/>
          <line num="5" count="3" type="stmt"/>
        </file>
        <file name="graphColor.js" path="/Users/jameswafula/Documents/converge/mrm_front/src/fixtures/graphColor.js">
          <metrics statements="1" coveredstatements="1" conditionals="0" coveredconditionals="0" methods="0" coveredmethods="0"/>
          <line num="1" count="8" type="stmt"/>
        </file>
        <file name="notificationSettings.js" path="/Users/jameswafula/Documents/converge/mrm_front/src/fixtures/notificationSettings.js">
          <metrics statements="1" coveredstatements="1" conditionals="0" coveredconditionals="0" methods="0" coveredmethods="0"/>
          <line num="1" count="3" type="stmt"/>
        </file>
        <file name="officeData.js" path="/Users/jameswafula/Documents/converge/mrm_front/src/fixtures/officeData.js">
          <metrics statements="1" coveredstatements="1" conditionals="0" coveredconditionals="0" methods="0" coveredmethods="0"/>
          <line num="1" count="1" type="stmt"/>
        </file>
        <file name="pieChartColors.js" path="/Users/jameswafula/Documents/converge/mrm_front/src/fixtures/pieChartColors.js">
          <metrics statements="3" coveredstatements="3" conditionals="0" coveredconditionals="0" methods="0" coveredmethods="0"/>
          <line num="1" count="8" type="stmt"/>
          <line num="2" count="8" type="stmt"/>
          <line num="3" count="8" type="stmt"/>
        </file>
        <file name="resourcesData.js" path="/Users/jameswafula/Documents/converge/mrm_front/src/fixtures/resourcesData.js">
          <metrics statements="4" coveredstatements="4" conditionals="0" coveredconditionals="0" methods="0" coveredmethods="0"/>
          <line num="3" count="3" type="stmt"/>
          <line num="8" count="3" type="stmt"/>
          <line num="14" count="3" type="stmt"/>
          <line num="36" count="3" type="stmt"/>
        </file>
        <file name="roomFeedbackList.js" path="/Users/jameswafula/Documents/converge/mrm_front/src/fixtures/roomFeedbackList.js">
          <metrics statements="1" coveredstatements="1" conditionals="0" coveredconditionals="0" methods="0" coveredmethods="0"/>
          <line num="1" count="1" type="stmt"/>
        </file>
        <file name="setupInfoPage.js" path="/Users/jameswafula/Documents/converge/mrm_front/src/fixtures/setupInfoPage.js">
          <metrics statements="2" coveredstatements="2" conditionals="0" coveredconditionals="0" methods="0" coveredmethods="0"/>
          <line num="1" count="5" type="stmt"/>
          <line num="9" count="5" type="stmt"/>
        </file>
        <file name="setupNavBarData.js" path="/Users/jameswafula/Documents/converge/mrm_front/src/fixtures/setupNavBarData.js">
          <metrics statements="1" coveredstatements="1" conditionals="0" coveredconditionals="0" methods="0" coveredmethods="0"/>
          <line num="4" count="3" type="stmt"/>
        </file>
        <file name="user.js" path="/Users/jameswafula/Documents/converge/mrm_front/src/fixtures/user.js">
          <metrics statements="1" coveredstatements="1" conditionals="0" coveredconditionals="0" methods="0" coveredmethods="0"/>
          <line num="1" count="9" type="stmt"/>
        </file>
      </package>
      <package name="graphql.mappers">
        <metrics statements="15" coveredstatements="15" conditionals="6" coveredconditionals="6" methods="8" coveredmethods="8"/>
        <file name="Floors.js" path="/Users/jameswafula/Documents/converge/mrm_front/src/graphql/mappers/Floors.js">
          <metrics statements="1" coveredstatements="1" conditionals="0" coveredconditionals="0" methods="1" coveredmethods="1"/>
          <line num="1" count="3" type="stmt"/>
        </file>
        <file name="Offices.js" path="/Users/jameswafula/Documents/converge/mrm_front/src/graphql/mappers/Offices.js">
          <metrics statements="10" coveredstatements="10" conditionals="0" coveredconditionals="0" methods="3" coveredmethods="3"/>
          <line num="2" count="6" type="stmt"/>
          <line num="3" count="3" type="stmt"/>
          <line num="5" count="3" type="stmt"/>
          <line num="6" count="3" type="stmt"/>
          <line num="7" count="3" type="stmt"/>
          <line num="9" count="3" type="stmt"/>
          <line num="10" count="3" type="stmt"/>
          <line num="14" count="3" type="stmt"/>
          <line num="15" count="3" type="stmt"/>
          <line num="18" count="3" type="stmt"/>
        </file>
        <file name="People.js" path="/Users/jameswafula/Documents/converge/mrm_front/src/graphql/mappers/People.js">
          <metrics statements="1" coveredstatements="1" conditionals="0" coveredconditionals="0" methods="1" coveredmethods="1"/>
          <line num="15" count="24" type="stmt"/>
        </file>
        <file name="Rooms.js" path="/Users/jameswafula/Documents/converge/mrm_front/src/graphql/mappers/Rooms.js">
          <metrics statements="3" coveredstatements="3" conditionals="6" coveredconditionals="6" methods="3" coveredmethods="3"/>
          <line num="15" count="7" type="stmt"/>
          <line num="23" count="7" type="stmt"/>
          <line num="24" count="3" type="stmt"/>
        </file>
      </package>
      <package name="graphql.mutations">
        <metrics statements="28" coveredstatements="28" conditionals="0" coveredconditionals="0" methods="0" coveredmethods="0"/>
        <file name="AddResourceToRoom.js" path="/Users/jameswafula/Documents/converge/mrm_front/src/graphql/mutations/AddResourceToRoom.js">
          <metrics statements="1" coveredstatements="1" conditionals="0" coveredconditionals="0" methods="0" coveredmethods="0"/>
          <line num="3" count="4" type="stmt"/>
        </file>
        <file name="Blocks.js" path="/Users/jameswafula/Documents/converge/mrm_front/src/graphql/mutations/Blocks.js">
          <metrics statements="3" coveredstatements="3" conditionals="0" coveredconditionals="0" methods="0" coveredmethods="0"/>
          <line num="3" count="7" type="stmt"/>
          <line num="13" count="7" type="stmt"/>
          <line num="24" count="7" type="stmt"/>
        </file>
        <file name="Floors.js" path="/Users/jameswafula/Documents/converge/mrm_front/src/graphql/mutations/Floors.js">
          <metrics statements="3" coveredstatements="3" conditionals="0" coveredconditionals="0" methods="0" coveredmethods="0"/>
          <line num="3" count="8" type="stmt"/>
          <line num="14" count="8" type="stmt"/>
          <line num="23" count="8" type="stmt"/>
        </file>
        <file name="People.js" path="/Users/jameswafula/Documents/converge/mrm_front/src/graphql/mutations/People.js">
          <metrics statements="1" coveredstatements="1" conditionals="0" coveredconditionals="0" methods="0" coveredmethods="0"/>
          <line num="3" count="5" type="stmt"/>
        </file>
        <file name="Preferences.js" path="/Users/jameswafula/Documents/converge/mrm_front/src/graphql/mutations/Preferences.js">
          <metrics statements="1" coveredstatements="1" conditionals="0" coveredconditionals="0" methods="0" coveredmethods="0"/>
          <line num="3" count="5" type="stmt"/>
        </file>
        <file name="Preview.js" path="/Users/jameswafula/Documents/converge/mrm_front/src/graphql/mutations/Preview.js">
          <metrics statements="1" coveredstatements="1" conditionals="0" coveredconditionals="0" methods="0" coveredmethods="0"/>
          <line num="3" count="5" type="stmt"/>
        </file>
        <file name="Question.js" path="/Users/jameswafula/Documents/converge/mrm_front/src/graphql/mutations/Question.js">
          <metrics statements="4" coveredstatements="4" conditionals="0" coveredconditionals="0" methods="0" coveredmethods="0"/>
          <line num="3" count="7" type="stmt"/>
          <line num="13" count="7" type="stmt"/>
          <line num="27" count="7" type="stmt"/>
          <line num="41" count="7" type="stmt"/>
        </file>
        <file name="Rooms.js" path="/Users/jameswafula/Documents/converge/mrm_front/src/graphql/mutations/Rooms.js">
          <metrics statements="3" coveredstatements="3" conditionals="0" coveredconditionals="0" methods="0" coveredmethods="0"/>
          <line num="3" count="9" type="stmt"/>
          <line num="13" count="9" type="stmt"/>
          <line num="24" count="9" type="stmt"/>
        </file>
        <file name="centers.js" path="/Users/jameswafula/Documents/converge/mrm_front/src/graphql/mutations/centers.js">
          <metrics statements="3" coveredstatements="3" conditionals="0" coveredconditionals="0" methods="0" coveredmethods="0"/>
          <line num="3" count="7" type="stmt"/>
          <line num="13" count="7" type="stmt"/>
          <line num="25" count="7" type="stmt"/>
        </file>
        <file name="offices.js" path="/Users/jameswafula/Documents/converge/mrm_front/src/graphql/mutations/offices.js">
          <metrics statements="3" coveredstatements="3" conditionals="0" coveredconditionals="0" methods="0" coveredmethods="0"/>
          <line num="3" count="7" type="stmt"/>
          <line num="13" count="7" type="stmt"/>
          <line num="24" count="7" type="stmt"/>
        </file>
        <file name="resources.js" path="/Users/jameswafula/Documents/converge/mrm_front/src/graphql/mutations/resources.js">
          <metrics statements="2" coveredstatements="2" conditionals="0" coveredconditionals="0" methods="0" coveredmethods="0"/>
          <line num="3" count="10" type="stmt"/>
          <line num="17" count="10" type="stmt"/>
        </file>
        <file name="wings.js" path="/Users/jameswafula/Documents/converge/mrm_front/src/graphql/mutations/wings.js">
          <metrics statements="3" coveredstatements="3" conditionals="0" coveredconditionals="0" methods="0" coveredmethods="0"/>
          <line num="3" count="7" type="stmt"/>
          <line num="14" count="7" type="stmt"/>
          <line num="25" count="7" type="stmt"/>
        </file>
      </package>
      <package name="graphql.mutations.rooms">
        <metrics statements="3" coveredstatements="3" conditionals="0" coveredconditionals="0" methods="0" coveredmethods="0"/>
        <file name="AddRoomToCrest.js" path="/Users/jameswafula/Documents/converge/mrm_front/src/graphql/mutations/rooms/AddRoomToCrest.js">
          <metrics statements="1" coveredstatements="1" conditionals="0" coveredconditionals="0" methods="0" coveredmethods="0"/>
          <line num="3" count="5" type="stmt"/>
        </file>
        <file name="AddRoomToDojo.js" path="/Users/jameswafula/Documents/converge/mrm_front/src/graphql/mutations/rooms/AddRoomToDojo.js">
          <metrics statements="1" coveredstatements="1" conditionals="0" coveredconditionals="0" methods="0" coveredmethods="0"/>
          <line num="3" count="5" type="stmt"/>
        </file>
        <file name="AddRoomToEpicTower.js" path="/Users/jameswafula/Documents/converge/mrm_front/src/graphql/mutations/rooms/AddRoomToEpicTower.js">
          <metrics statements="1" coveredstatements="1" conditionals="0" coveredconditionals="0" methods="0" coveredmethods="0"/>
          <line num="3" count="5" type="stmt"/>
        </file>
      </package>
      <package name="graphql.queries">
        <metrics statements="33" coveredstatements="33" conditionals="0" coveredconditionals="0" methods="0" coveredmethods="0"/>
        <file name="Blocks.js" path="/Users/jameswafula/Documents/converge/mrm_front/src/graphql/queries/Blocks.js">
          <metrics statements="1" coveredstatements="1" conditionals="0" coveredconditionals="0" methods="0" coveredmethods="0"/>
          <line num="3" count="5" type="stmt"/>
        </file>
        <file name="Floors.js" path="/Users/jameswafula/Documents/converge/mrm_front/src/graphql/queries/Floors.js">
          <metrics statements="2" coveredstatements="2" conditionals="0" coveredconditionals="0" methods="0" coveredmethods="0"/>
          <line num="3" count="5" type="stmt"/>
          <line num="25" count="5" type="stmt"/>
        </file>
        <file name="Levels.js" path="/Users/jameswafula/Documents/converge/mrm_front/src/graphql/queries/Levels.js">
          <metrics statements="1" coveredstatements="1" conditionals="0" coveredconditionals="0" methods="0" coveredmethods="0"/>
          <line num="3" count="29" type="stmt"/>
        </file>
        <file name="Offices.js" path="/Users/jameswafula/Documents/converge/mrm_front/src/graphql/queries/Offices.js">
          <metrics statements="5" coveredstatements="5" conditionals="0" coveredconditionals="0" methods="0" coveredmethods="0"/>
          <line num="3" count="13" type="stmt"/>
          <line num="21" count="13" type="stmt"/>
          <line num="41" count="13" type="stmt"/>
          <line num="55" count="13" type="stmt"/>
          <line num="74" count="13" type="stmt"/>
        </file>
        <file name="People.js" path="/Users/jameswafula/Documents/converge/mrm_front/src/graphql/queries/People.js">
          <metrics statements="3" coveredstatements="3" conditionals="0" coveredconditionals="0" methods="0" coveredmethods="0"/>
          <line num="3" count="39" type="stmt"/>
          <line num="25" count="39" type="stmt"/>
          <line num="38" count="39" type="stmt"/>
        </file>
        <file name="Preferences.js" path="/Users/jameswafula/Documents/converge/mrm_front/src/graphql/queries/Preferences.js">
          <metrics statements="1" coveredstatements="1" conditionals="0" coveredconditionals="0" methods="0" coveredmethods="0"/>
          <line num="3" count="3" type="stmt"/>
        </file>
        <file name="Resources.js" path="/Users/jameswafula/Documents/converge/mrm_front/src/graphql/queries/Resources.js">
          <metrics statements="2" coveredstatements="2" conditionals="0" coveredconditionals="0" methods="0" coveredmethods="0"/>
          <line num="3" count="34" type="stmt"/>
          <line num="24" count="34" type="stmt"/>
        </file>
        <file name="RoomFeedback.js" path="/Users/jameswafula/Documents/converge/mrm_front/src/graphql/queries/RoomFeedback.js">
          <metrics statements="2" coveredstatements="2" conditionals="0" coveredconditionals="0" methods="0" coveredmethods="0"/>
          <line num="3" count="4" type="stmt"/>
          <line num="20" count="4" type="stmt"/>
        </file>
        <file name="Rooms.js" path="/Users/jameswafula/Documents/converge/mrm_front/src/graphql/queries/Rooms.js">
          <metrics statements="6" coveredstatements="6" conditionals="0" coveredconditionals="0" methods="0" coveredmethods="0"/>
          <line num="3" count="43" type="stmt"/>
          <line num="33" count="43" type="stmt"/>
          <line num="56" count="43" type="stmt"/>
          <line num="67" count="43" type="stmt"/>
          <line num="75" count="43" type="stmt"/>
          <line num="96" count="43" type="stmt"/>
        </file>
        <file name="analytics.js" path="/Users/jameswafula/Documents/converge/mrm_front/src/graphql/queries/analytics.js">
          <metrics statements="6" coveredstatements="6" conditionals="0" coveredconditionals="0" methods="0" coveredmethods="0"/>
          <line num="3" count="32" type="stmt"/>
          <line num="28" count="32" type="stmt"/>
          <line num="37" count="32" type="stmt"/>
          <line num="49" count="32" type="stmt"/>
          <line num="66" count="32" type="stmt"/>
          <line num="83" count="32" type="stmt"/>
        </file>
        <file name="centers.js" path="/Users/jameswafula/Documents/converge/mrm_front/src/graphql/queries/centers.js">
          <metrics statements="2" coveredstatements="2" conditionals="0" coveredconditionals="0" methods="0" coveredmethods="0"/>
          <line num="3" count="3" type="stmt"/>
          <line num="24" count="3" type="stmt"/>
        </file>
        <file name="questions.js" path="/Users/jameswafula/Documents/converge/mrm_front/src/graphql/queries/questions.js">
          <metrics statements="1" coveredstatements="1" conditionals="0" coveredconditionals="0" methods="0" coveredmethods="0"/>
          <line num="3" count="7" type="stmt"/>
        </file>
        <file name="wings.js" path="/Users/jameswafula/Documents/converge/mrm_front/src/graphql/queries/wings.js">
          <metrics statements="1" coveredstatements="1" conditionals="0" coveredconditionals="0" methods="0" coveredmethods="0"/>
          <line num="3" count="7" type="stmt"/>
        </file>
      </package>
      <package name="utils">
        <metrics statements="98" coveredstatements="93" conditionals="21" coveredconditionals="17" methods="25" coveredmethods="22"/>
        <file name="Constants.js" path="/Users/jameswafula/Documents/converge/mrm_front/src/utils/Constants.js">
          <metrics statements="3" coveredstatements="3" conditionals="0" coveredconditionals="0" methods="0" coveredmethods="0"/>
          <line num="1" count="47" type="stmt"/>
          <line num="3" count="47" type="stmt"/>
          <line num="8" count="47" type="stmt"/>
        </file>
        <file name="Cookie.js" path="/Users/jameswafula/Documents/converge/mrm_front/src/utils/Cookie.js">
          <metrics statements="23" coveredstatements="23" conditionals="10" coveredconditionals="10" methods="6" coveredmethods="6"/>
          <line num="14" count="45" type="stmt"/>
          <line num="17" count="45" type="stmt"/>
          <line num="18" count="218" type="stmt"/>
          <line num="19" count="219" type="stmt"/>
          <line num="21" count="219" type="cond" truecount="2" falsecount="0"/>
          <line num="23" count="5" type="stmt"/>
          <line num="29" count="218" type="stmt"/>
          <line num="36" count="45" type="cond" truecount="1" falsecount="0"/>
          <line num="37" count="217" type="cond" truecount="2" falsecount="0"/>
          <line num="43" count="45" type="stmt"/>
          <line num="44" count="3" type="stmt"/>
          <line num="47" count="3" type="stmt"/>
          <line num="48" count="3" type="stmt"/>
          <line num="50" count="3" type="stmt"/>
          <line num="57" count="45" type="cond" truecount="1" falsecount="0"/>
          <line num="58" count="119" type="cond" truecount="2" falsecount="0"/>
          <line num="59" count="119" type="cond" truecount="2" falsecount="0"/>
          <line num="60" count="2" type="stmt"/>
          <line num="61" count="2" type="stmt"/>
          <line num="63" count="1" type="stmt"/>
          <line num="64" count="1" type="stmt"/>
          <line num="65" count="1" type="stmt"/>
          <line num="66" count="1" type="stmt"/>
        </file>
        <file name="Utilities.js" path="/Users/jameswafula/Documents/converge/mrm_front/src/utils/Utilities.js">
          <metrics statements="40" coveredstatements="40" conditionals="2" coveredconditionals="2" methods="8" coveredmethods="8"/>
          <line num="10" count="87" type="stmt"/>
          <line num="12" count="3" type="stmt"/>
          <line num="13" count="3" type="stmt"/>
          <line num="16" count="5" type="stmt"/>
          <line num="17" count="5" type="stmt"/>
          <line num="25" count="87" type="stmt"/>
          <line num="26" count="194" type="stmt"/>
          <line num="27" count="194" type="stmt"/>
          <line num="29" count="193" type="stmt"/>
          <line num="37" count="87" type="stmt"/>
          <line num="38" count="5" type="stmt"/>
          <line num="39" count="5" type="stmt"/>
          <line num="40" count="1" type="stmt"/>
          <line num="42" count="4" type="stmt"/>
          <line num="51" count="87" type="stmt"/>
          <line num="52" count="11" type="stmt"/>
          <line num="53" count="11" type="stmt"/>
          <line num="54" count="1" type="stmt"/>
          <line num="56" count="10" type="stmt"/>
          <line num="67" count="3" type="stmt"/>
          <line num="68" count="3" type="stmt"/>
          <line num="72" count="3" type="stmt"/>
          <line num="73" count="3" type="stmt"/>
          <line num="74" count="3" type="cond" truecount="2" falsecount="0"/>
          <line num="75" count="1" type="stmt"/>
          <line num="76" count="1" type="stmt"/>
          <line num="77" count="1" type="stmt"/>
          <line num="78" count="1" type="stmt"/>
          <line num="80" count="1" type="stmt"/>
          <line num="82" count="2" type="stmt"/>
          <line num="83" count="2" type="stmt"/>
          <line num="84" count="2" type="stmt"/>
          <line num="85" count="2" type="stmt"/>
          <line num="93" count="87" type="stmt"/>
          <line num="94" count="87" type="stmt"/>
          <line num="95" count="1" type="stmt"/>
          <line num="98" count="1" type="stmt"/>
          <line num="100" count="87" type="stmt"/>
          <line num="101" count="13" type="stmt"/>
          <line num="102" count="13" type="stmt"/>
        </file>
        <file name="activityData.js" path="/Users/jameswafula/Documents/converge/mrm_front/src/utils/activityData.js">
          <metrics statements="1" coveredstatements="1" conditionals="0" coveredconditionals="0" methods="0" coveredmethods="0"/>
          <line num="2" count="4" type="stmt"/>
        </file>
        <file name="checkDate.js" path="/Users/jameswafula/Documents/converge/mrm_front/src/utils/checkDate.js">
          <metrics statements="1" coveredstatements="1" conditionals="0" coveredconditionals="0" methods="1" coveredmethods="1"/>
          <line num="3" count="36" type="stmt"/>
        </file>
        <file name="formatSetupData.js" path="/Users/jameswafula/Documents/converge/mrm_front/src/utils/formatSetupData.js">
          <metrics statements="23" coveredstatements="18" conditionals="9" coveredconditionals="5" methods="8" coveredmethods="5"/>
          <line num="6" count="4" type="stmt"/>
          <line num="7" count="0" type="stmt"/>
          <line num="15" count="0" type="stmt"/>
          <line num="16" count="0" type="stmt"/>
          <line num="23" count="4" type="stmt"/>
          <line num="25" count="1" type="stmt"/>
          <line num="26" count="1" type="cond" truecount="3" falsecount="2"/>
          <line num="28" count="0" type="stmt"/>
          <line num="29" count="0" type="stmt"/>
          <line num="31" count="1" type="stmt"/>
          <line num="33" count="1" type="stmt"/>
          <line num="39" count="4" type="stmt"/>
          <line num="40" count="1" type="stmt"/>
          <line num="41" count="1" type="stmt"/>
          <line num="47" count="4" type="stmt"/>
          <line num="48" count="1" type="stmt"/>
          <line num="49" count="1" type="stmt"/>
          <line num="51" count="1" type="stmt"/>
          <line num="52" count="1" type="stmt"/>
          <line num="53" count="1" type="stmt"/>
          <line num="54" count="1" type="cond" truecount="1" falsecount="1"/>
          <line num="55" count="1" type="stmt"/>
          <line num="67" count="1" type="stmt"/>
        </file>
        <file name="history.js" path="/Users/jameswafula/Documents/converge/mrm_front/src/utils/history.js">
          <metrics statements="0" coveredstatements="0" conditionals="0" coveredconditionals="0" methods="0" coveredmethods="0"/>
        </file>
        <file name="notification.js" path="/Users/jameswafula/Documents/converge/mrm_front/src/utils/notification.js">
          <metrics statements="3" coveredstatements="3" conditionals="0" coveredconditionals="0" methods="2" coveredmethods="2"/>
          <line num="11" count="63" type="stmt"/>
          <line num="12" count="90" type="stmt"/>
          <line num="27" count="90" type="stmt"/>
        </file>
        <file name="roomSetupMock.js" path="/Users/jameswafula/Documents/converge/mrm_front/src/utils/roomSetupMock.js">
          <metrics statements="3" coveredstatements="3" conditionals="0" coveredconditionals="0" methods="0" coveredmethods="0"/>
          <line num="1" count="3" type="stmt"/>
          <line num="26" count="3" type="stmt"/>
          <line num="50" count="3" type="stmt"/>
        </file>
        <file name="routes.js" path="/Users/jameswafula/Documents/converge/mrm_front/src/utils/routes.js">
          <metrics statements="1" coveredstatements="1" conditionals="0" coveredconditionals="0" methods="0" coveredmethods="0"/>
          <line num="1" count="8" type="stmt"/>
        </file>
      </package>
      <package name="utils.images">
        <metrics statements="63" coveredstatements="63" conditionals="0" coveredconditionals="0" methods="0" coveredmethods="0"/>
        <file name="images.js" path="/Users/jameswafula/Documents/converge/mrm_front/src/utils/images/images.js">
          <metrics statements="63" coveredstatements="63" conditionals="0" coveredconditionals="0" methods="0" coveredmethods="0"/>
          <line num="2" count="104" type="stmt"/>
          <line num="3" count="104" type="stmt"/>
          <line num="4" count="104" type="stmt"/>
          <line num="5" count="104" type="stmt"/>
          <line num="6" count="104" type="stmt"/>
          <line num="7" count="104" type="stmt"/>
          <line num="8" count="104" type="stmt"/>
          <line num="9" count="104" type="stmt"/>
          <line num="10" count="104" type="stmt"/>
          <line num="11" count="104" type="stmt"/>
          <line num="12" count="104" type="stmt"/>
          <line num="13" count="104" type="stmt"/>
          <line num="14" count="104" type="stmt"/>
          <line num="15" count="104" type="stmt"/>
          <line num="16" count="104" type="stmt"/>
          <line num="17" count="104" type="stmt"/>
          <line num="18" count="104" type="stmt"/>
          <line num="19" count="104" type="stmt"/>
          <line num="20" count="104" type="stmt"/>
          <line num="21" count="104" type="stmt"/>
          <line num="22" count="104" type="stmt"/>
          <line num="23" count="104" type="stmt"/>
          <line num="24" count="104" type="stmt"/>
          <line num="25" count="104" type="stmt"/>
          <line num="26" count="104" type="stmt"/>
          <line num="27" count="104" type="stmt"/>
          <line num="28" count="104" type="stmt"/>
          <line num="29" count="104" type="stmt"/>
          <line num="30" count="104" type="stmt"/>
          <line num="31" count="104" type="stmt"/>
          <line num="32" count="104" type="stmt"/>
          <line num="33" count="104" type="stmt"/>
          <line num="34" count="104" type="stmt"/>
          <line num="35" count="104" type="stmt"/>
          <line num="36" count="104" type="stmt"/>
          <line num="37" count="104" type="stmt"/>
          <line num="38" count="104" type="stmt"/>
          <line num="39" count="104" type="stmt"/>
          <line num="40" count="104" type="stmt"/>
          <line num="41" count="104" type="stmt"/>
          <line num="42" count="104" type="stmt"/>
          <line num="43" count="104" type="stmt"/>
          <line num="44" count="104" type="stmt"/>
          <line num="45" count="104" type="stmt"/>
          <line num="46" count="104" type="stmt"/>
          <line num="47" count="104" type="stmt"/>
          <line num="48" count="104" type="stmt"/>
          <line num="49" count="104" type="stmt"/>
          <line num="50" count="104" type="stmt"/>
          <line num="51" count="104" type="stmt"/>
          <line num="52" count="104" type="stmt"/>
          <line num="53" count="104" type="stmt"/>
          <line num="54" count="104" type="stmt"/>
          <line num="55" count="104" type="stmt"/>
          <line num="56" count="104" type="stmt"/>
          <line num="57" count="104" type="stmt"/>
          <line num="58" count="104" type="stmt"/>
          <line num="59" count="104" type="stmt"/>
          <line num="60" count="104" type="stmt"/>
          <line num="61" count="104" type="stmt"/>
          <line num="62" count="104" type="stmt"/>
          <line num="63" count="104" type="stmt"/>
          <line num="64" count="104" type="stmt"/>
        </file>
      </package>
    </metrics>
  </project>
</coverage>
