{"/Users/jameswafula/Documents/converge/mrm_front/src/components/index.js": {"path":"/Users/jameswafula/Documents/converge/mrm_front/src/components/index.js","statementMap":{},"fnMap":{},"branchMap":{},"s":{},"f":{},"b":{},"_coverageSchema":"332fd63041d2c1bcb487cc26dd0d5f7d97098a6c","hash":"d0fcda8ee9614b29965369ca73e0a99e40f80f1b"}
,"/Users/jameswafula/Documents/converge/mrm_front/src/components/blocks/AddBlockMenu.js": {"path":"/Users/jameswafula/Documents/converge/mrm_front/src/components/blocks/AddBlockMenu.js","statementMap":{"0":{"start":{"line":10,"column":17},"end":{"line":14,"column":1}},"1":{"start":{"line":11,"column":2},"end":{"line":13,"column":8}},"2":{"start":{"line":16,"column":28},"end":{"line":34,"column":1}},"3":{"start":{"line":17,"column":69},"end":{"line":17,"column":74}},"4":{"start":{"line":18,"column":2},"end":{"line":33,"column":4}},"5":{"start":{"line":24,"column":35},"end":{"line":24,"column":73}},"6":{"start":{"line":26,"column":12},"end":{"line":28,"column":23}},"7":{"start":{"line":38,"column":31},"end":{"line":38,"column":64}},"8":{"start":{"line":40,"column":0},"end":{"line":52,"column":2}},"9":{"start":{"line":54,"column":0},"end":{"line":57,"column":2}}},"fnMap":{"0":{"name":"(anonymous_0)","decl":{"start":{"line":10,"column":17},"end":{"line":10,"column":18}},"loc":{"start":{"line":11,"column":2},"end":{"line":13,"column":8}},"line":11},"1":{"name":"(anonymous_1)","decl":{"start":{"line":16,"column":28},"end":{"line":16,"column":29}},"loc":{"start":{"line":16,"column":39},"end":{"line":34,"column":1}},"line":16},"2":{"name":"(anonymous_2)","decl":{"start":{"line":24,"column":25},"end":{"line":24,"column":26}},"loc":{"start":{"line":24,"column":35},"end":{"line":24,"column":73}},"line":24},"3":{"name":"(anonymous_3)","decl":{"start":{"line":25,"column":15},"end":{"line":25,"column":16}},"loc":{"start":{"line":26,"column":12},"end":{"line":28,"column":23}},"line":26}},"branchMap":{"0":{"loc":{"start":{"line":23,"column":9},"end":{"line":30,"column":9}},"type":"binary-expr","locations":[{"start":{"line":23,"column":10},"end":{"line":23,"column":17}},{"start":{"line":23,"column":21},"end":{"line":23,"column":29}},{"start":{"line":24,"column":10},"end":{"line":30,"column":9}}],"line":23},"1":{"loc":{"start":{"line":38,"column":31},"end":{"line":38,"column":64}},"type":"binary-expr","locations":[{"start":{"line":38,"column":31},"end":{"line":38,"column":58}},{"start":{"line":38,"column":62},"end":{"line":38,"column":64}}],"line":38}},"s":{"0":4,"1":1,"2":4,"3":1,"4":1,"5":2,"6":2,"7":4,"8":4,"9":4},"f":{"0":1,"1":1,"2":2,"3":2},"b":{"0":[1,1,1],"1":[4,4]},"_coverageSchema":"332fd63041d2c1bcb487cc26dd0d5f7d97098a6c","hash":"f949332c5058875f3287ea1ced2d33436ee4d61b"}
,"/Users/jameswafula/Documents/converge/mrm_front/src/components/blocks/BlockActions.js": {"path":"/Users/jameswafula/Documents/converge/mrm_front/src/components/blocks/BlockActions.js","statementMap":{"0":{"start":{"line":19,"column":4},"end":{"line":19,"column":40}},"1":{"start":{"line":23,"column":28},"end":{"line":23,"column":36}},"2":{"start":{"line":24,"column":4},"end":{"line":24,"column":37}},"3":{"start":{"line":28,"column":4},"end":{"line":28,"column":66}},"4":{"start":{"line":32,"column":4},"end":{"line":32,"column":27}},"5":{"start":{"line":33,"column":26},"end":{"line":33,"column":36}},"6":{"start":{"line":34,"column":32},"end":{"line":34,"column":42}},"7":{"start":{"line":35,"column":4},"end":{"line":61,"column":5}},"8":{"start":{"line":36,"column":6},"end":{"line":36,"column":70}},"9":{"start":{"line":38,"column":6},"end":{"line":38,"column":27}},"10":{"start":{"line":39,"column":6},"end":{"line":60,"column":11}},"11":{"start":{"line":47,"column":10},"end":{"line":47,"column":31}},"12":{"start":{"line":48,"column":10},"end":{"line":48,"column":34}},"13":{"start":{"line":49,"column":10},"end":{"line":49,"column":20}},"14":{"start":{"line":50,"column":10},"end":{"line":54,"column":14}},"15":{"start":{"line":57,"column":10},"end":{"line":57,"column":31}},"16":{"start":{"line":58,"column":10},"end":{"line":58,"column":34}},"17":{"start":{"line":59,"column":10},"end":{"line":59,"column":72}},"18":{"start":{"line":65,"column":4},"end":{"line":65,"column":27}},"19":{"start":{"line":66,"column":31},"end":{"line":66,"column":41}},"20":{"start":{"line":67,"column":4},"end":{"line":92,"column":5}},"21":{"start":{"line":68,"column":6},"end":{"line":68,"column":79}},"22":{"start":{"line":70,"column":6},"end":{"line":70,"column":27}},"23":{"start":{"line":71,"column":6},"end":{"line":91,"column":11}},"24":{"start":{"line":78,"column":10},"end":{"line":78,"column":31}},"25":{"start":{"line":79,"column":10},"end":{"line":79,"column":34}},"26":{"start":{"line":80,"column":10},"end":{"line":80,"column":20}},"27":{"start":{"line":81,"column":10},"end":{"line":85,"column":14}},"28":{"start":{"line":88,"column":10},"end":{"line":88,"column":31}},"29":{"start":{"line":89,"column":10},"end":{"line":89,"column":34}},"30":{"start":{"line":90,"column":10},"end":{"line":90,"column":72}},"31":{"start":{"line":96,"column":4},"end":{"line":96,"column":27}},"32":{"start":{"line":97,"column":22},"end":{"line":97,"column":32}},"33":{"start":{"line":98,"column":26},"end":{"line":98,"column":36}},"34":{"start":{"line":99,"column":4},"end":{"line":124,"column":5}},"35":{"start":{"line":100,"column":6},"end":{"line":100,"column":70}},"36":{"start":{"line":102,"column":6},"end":{"line":102,"column":27}},"37":{"start":{"line":103,"column":6},"end":{"line":123,"column":11}},"38":{"start":{"line":111,"column":10},"end":{"line":111,"column":31}},"39":{"start":{"line":112,"column":10},"end":{"line":112,"column":34}},"40":{"start":{"line":113,"column":10},"end":{"line":117,"column":14}},"41":{"start":{"line":120,"column":10},"end":{"line":120,"column":31}},"42":{"start":{"line":121,"column":10},"end":{"line":121,"column":34}},"43":{"start":{"line":122,"column":10},"end":{"line":122,"column":72}},"44":{"start":{"line":134,"column":4},"end":{"line":136,"column":7}},"45":{"start":{"line":140,"column":49},"end":{"line":140,"column":59}},"46":{"start":{"line":143,"column":8},"end":{"line":143,"column":18}},"47":{"start":{"line":144,"column":4},"end":{"line":154,"column":5}},"48":{"start":{"line":145,"column":6},"end":{"line":153,"column":12}},"49":{"start":{"line":155,"column":4},"end":{"line":166,"column":10}},"50":{"start":{"line":170,"column":0},"end":{"line":188,"column":2}},"51":{"start":{"line":190,"column":0},"end":{"line":195,"column":2}}},"fnMap":{"0":{"name":"(anonymous_0)","decl":{"start":{"line":18,"column":21},"end":{"line":18,"column":22}},"loc":{"start":{"line":18,"column":27},"end":{"line":20,"column":3}},"line":18},"1":{"name":"(anonymous_1)","decl":{"start":{"line":22,"column":26},"end":{"line":22,"column":27}},"loc":{"start":{"line":22,"column":33},"end":{"line":25,"column":3}},"line":22},"2":{"name":"(anonymous_2)","decl":{"start":{"line":27,"column":27},"end":{"line":27,"column":28}},"loc":{"start":{"line":27,"column":33},"end":{"line":29,"column":3}},"line":27},"3":{"name":"(anonymous_3)","decl":{"start":{"line":31,"column":19},"end":{"line":31,"column":20}},"loc":{"start":{"line":31,"column":30},"end":{"line":62,"column":3}},"line":31},"4":{"name":"(anonymous_4)","decl":{"start":{"line":46,"column":14},"end":{"line":46,"column":15}},"loc":{"start":{"line":46,"column":20},"end":{"line":55,"column":9}},"line":46},"5":{"name":"(anonymous_5)","decl":{"start":{"line":56,"column":15},"end":{"line":56,"column":16}},"loc":{"start":{"line":56,"column":24},"end":{"line":60,"column":9}},"line":56},"6":{"name":"(anonymous_6)","decl":{"start":{"line":64,"column":22},"end":{"line":64,"column":23}},"loc":{"start":{"line":64,"column":33},"end":{"line":93,"column":3}},"line":64},"7":{"name":"(anonymous_7)","decl":{"start":{"line":77,"column":14},"end":{"line":77,"column":15}},"loc":{"start":{"line":77,"column":20},"end":{"line":86,"column":9}},"line":77},"8":{"name":"(anonymous_8)","decl":{"start":{"line":87,"column":15},"end":{"line":87,"column":16}},"loc":{"start":{"line":87,"column":24},"end":{"line":91,"column":9}},"line":87},"9":{"name":"(anonymous_9)","decl":{"start":{"line":95,"column":20},"end":{"line":95,"column":21}},"loc":{"start":{"line":95,"column":31},"end":{"line":125,"column":3}},"line":95},"10":{"name":"(anonymous_10)","decl":{"start":{"line":110,"column":14},"end":{"line":110,"column":15}},"loc":{"start":{"line":110,"column":20},"end":{"line":118,"column":9}},"line":110},"11":{"name":"(anonymous_11)","decl":{"start":{"line":119,"column":15},"end":{"line":119,"column":16}},"loc":{"start":{"line":119,"column":24},"end":{"line":123,"column":9}},"line":119},"12":{"name":"(anonymous_12)","decl":{"start":{"line":133,"column":18},"end":{"line":133,"column":19}},"loc":{"start":{"line":133,"column":24},"end":{"line":137,"column":3}},"line":133},"13":{"name":"(anonymous_13)","decl":{"start":{"line":139,"column":2},"end":{"line":139,"column":3}},"loc":{"start":{"line":139,"column":11},"end":{"line":167,"column":3}},"line":139},"14":{"name":"(anonymous_14)","decl":{"start":{"line":194,"column":11},"end":{"line":194,"column":12}},"loc":{"start":{"line":194,"column":17},"end":{"line":194,"column":19}},"line":194}},"branchMap":{"0":{"loc":{"start":{"line":28,"column":4},"end":{"line":28,"column":65}},"type":"binary-expr","locations":[{"start":{"line":28,"column":4},"end":{"line":28,"column":25}},{"start":{"line":28,"column":29},"end":{"line":28,"column":65}}],"line":28},"1":{"loc":{"start":{"line":35,"column":4},"end":{"line":61,"column":5}},"type":"if","locations":[{"start":{"line":35,"column":4},"end":{"line":61,"column":5}},{"start":{"line":35,"column":4},"end":{"line":61,"column":5}}],"line":35},"2":{"loc":{"start":{"line":67,"column":4},"end":{"line":92,"column":5}},"type":"if","locations":[{"start":{"line":67,"column":4},"end":{"line":92,"column":5}},{"start":{"line":67,"column":4},"end":{"line":92,"column":5}}],"line":67},"3":{"loc":{"start":{"line":67,"column":8},"end":{"line":67,"column":49}},"type":"binary-expr","locations":[{"start":{"line":67,"column":8},"end":{"line":67,"column":14}},{"start":{"line":67,"column":18},"end":{"line":67,"column":49}}],"line":67},"4":{"loc":{"start":{"line":99,"column":4},"end":{"line":124,"column":5}},"type":"if","locations":[{"start":{"line":99,"column":4},"end":{"line":124,"column":5}},{"start":{"line":99,"column":4},"end":{"line":124,"column":5}}],"line":99},"5":{"loc":{"start":{"line":144,"column":4},"end":{"line":154,"column":5}},"type":"if","locations":[{"start":{"line":144,"column":4},"end":{"line":154,"column":5}},{"start":{"line":144,"column":4},"end":{"line":154,"column":5}}],"line":144},"6":{"loc":{"start":{"line":160,"column":16},"end":{"line":160,"column":37}},"type":"cond-expr","locations":[{"start":{"line":160,"column":26},"end":{"line":160,"column":28}},{"start":{"line":160,"column":31},"end":{"line":160,"column":37}}],"line":160},"7":{"loc":{"start":{"line":163,"column":22},"end":{"line":163,"column":74}},"type":"cond-expr","locations":[{"start":{"line":163,"column":32},"end":{"line":163,"column":52}},{"start":{"line":163,"column":55},"end":{"line":163,"column":74}}],"line":163}},"s":{"0":7,"1":1,"2":1,"3":1,"4":3,"5":3,"6":3,"7":3,"8":1,"9":2,"10":2,"11":1,"12":1,"13":1,"14":1,"15":1,"16":1,"17":1,"18":3,"19":3,"20":3,"21":1,"22":2,"23":2,"24":1,"25":1,"26":1,"27":1,"28":1,"29":1,"30":1,"31":3,"32":3,"33":3,"34":3,"35":1,"36":2,"37":2,"38":1,"39":1,"40":1,"41":1,"42":1,"43":1,"44":12,"45":71,"46":71,"47":71,"48":1,"49":70,"50":7,"51":7},"f":{"0":7,"1":1,"2":1,"3":3,"4":1,"5":1,"6":3,"7":1,"8":1,"9":3,"10":1,"11":1,"12":12,"13":71,"14":2},"b":{"0":[1,1],"1":[1,2],"2":[1,2],"3":[3,3],"4":[1,2],"5":[1,70],"6":[1,69],"7":[1,69]},"_coverageSchema":"332fd63041d2c1bcb487cc26dd0d5f7d97098a6c","hash":"687639ad5620f7b0288da94c446e1679a4bd17b3"}
,"/Users/jameswafula/Documents/converge/mrm_front/src/components/blocks/BlockModal.js": {"path":"/Users/jameswafula/Documents/converge/mrm_front/src/components/blocks/BlockModal.js","statementMap":{"0":{"start":{"line":7,"column":19},"end":{"line":34,"column":1}},"1":{"start":{"line":8,"column":2},"end":{"line":33,"column":10}},"2":{"start":{"line":36,"column":0},"end":{"line":52,"column":2}},"3":{"start":{"line":54,"column":0},"end":{"line":57,"column":2}}},"fnMap":{"0":{"name":"(anonymous_0)","decl":{"start":{"line":7,"column":19},"end":{"line":7,"column":20}},"loc":{"start":{"line":8,"column":2},"end":{"line":33,"column":10}},"line":8}},"branchMap":{"0":{"loc":{"start":{"line":9,"column":11},"end":{"line":9,"column":60}},"type":"cond-expr","locations":[{"start":{"line":9,"column":28},"end":{"line":9,"column":45}},{"start":{"line":9,"column":48},"end":{"line":9,"column":60}}],"line":9},"1":{"loc":{"start":{"line":10,"column":16},"end":{"line":10,"column":59}},"type":"cond-expr","locations":[{"start":{"line":10,"column":33},"end":{"line":10,"column":50}},{"start":{"line":10,"column":53},"end":{"line":10,"column":59}}],"line":10},"2":{"loc":{"start":{"line":30,"column":26},"end":{"line":30,"column":70}},"type":"cond-expr","locations":[{"start":{"line":30,"column":42},"end":{"line":30,"column":56}},{"start":{"line":30,"column":59},"end":{"line":30,"column":70}}],"line":30}},"s":{"0":8,"1":20,"2":8,"3":8},"f":{"0":20},"b":{"0":[19,1],"1":[19,1],"2":[1,19]},"_coverageSchema":"332fd63041d2c1bcb487cc26dd0d5f7d97098a6c","hash":"39fac085e977f3570df529cf72110a30812d9a96"}
,"/Users/jameswafula/Documents/converge/mrm_front/src/components/blocks/BlockTbody.js": {"path":"/Users/jameswafula/Documents/converge/mrm_front/src/components/blocks/BlockTbody.js","statementMap":{"0":{"start":{"line":5,"column":24},"end":{"line":10,"column":2}},"1":{"start":{"line":5,"column":34},"end":{"line":10,"column":1}},"2":{"start":{"line":12,"column":23},"end":{"line":19,"column":1}},"3":{"start":{"line":13,"column":2},"end":{"line":18,"column":8}},"4":{"start":{"line":16,"column":8},"end":{"line":16,"column":93}},"5":{"start":{"line":21,"column":0},"end":{"line":24,"column":2}},"6":{"start":{"line":26,"column":0},"end":{"line":28,"column":2}}},"fnMap":{"0":{"name":"(anonymous_0)","decl":{"start":{"line":5,"column":24},"end":{"line":5,"column":25}},"loc":{"start":{"line":5,"column":34},"end":{"line":10,"column":1}},"line":5},"1":{"name":"(anonymous_1)","decl":{"start":{"line":12,"column":23},"end":{"line":12,"column":24}},"loc":{"start":{"line":13,"column":2},"end":{"line":18,"column":8}},"line":13},"2":{"name":"(anonymous_2)","decl":{"start":{"line":15,"column":23},"end":{"line":15,"column":24}},"loc":{"start":{"line":16,"column":8},"end":{"line":16,"column":93}},"line":16}},"branchMap":{"0":{"loc":{"start":{"line":14,"column":5},"end":{"line":17,"column":8}},"type":"binary-expr","locations":[{"start":{"line":14,"column":5},"end":{"line":14,"column":17}},{"start":{"line":15,"column":6},"end":{"line":17,"column":8}}],"line":14}},"s":{"0":4,"1":1,"2":4,"3":1,"4":1,"5":4,"6":4},"f":{"0":1,"1":1,"2":1},"b":{"0":[1,1]},"_coverageSchema":"332fd63041d2c1bcb487cc26dd0d5f7d97098a6c","hash":"b21cdae17bfc195c920e9cc1addb600e42c8c276"}
,"/Users/jameswafula/Documents/converge/mrm_front/src/components/blocks/BlocksList.js": {"path":"/Users/jameswafula/Documents/converge/mrm_front/src/components/blocks/BlocksList.js","statementMap":{"0":{"start":{"line":18,"column":26},"end":{"line":47,"column":1}},"1":{"start":{"line":19,"column":42},"end":{"line":19,"column":47}},"2":{"start":{"line":20,"column":16},"end":{"line":20,"column":65}},"3":{"start":{"line":21,"column":18},"end":{"line":21,"column":73}},"4":{"start":{"line":22,"column":2},"end":{"line":24,"column":3}},"5":{"start":{"line":23,"column":4},"end":{"line":23,"column":28}},"6":{"start":{"line":25,"column":2},"end":{"line":25,"column":34}},"7":{"start":{"line":25,"column":15},"end":{"line":25,"column":34}},"8":{"start":{"line":27,"column":2},"end":{"line":27,"column":73}},"9":{"start":{"line":27,"column":17},"end":{"line":27,"column":73}},"10":{"start":{"line":28,"column":2},"end":{"line":46,"column":4}},"11":{"start":{"line":49,"column":0},"end":{"line":68,"column":2}},"12":{"start":{"line":70,"column":31},"end":{"line":70,"column":64}},"13":{"start":{"line":79,"column":22},"end":{"line":84,"column":7}}},"fnMap":{"0":{"name":"(anonymous_0)","decl":{"start":{"line":18,"column":26},"end":{"line":18,"column":27}},"loc":{"start":{"line":18,"column":37},"end":{"line":47,"column":1}},"line":18},"1":{"name":"(anonymous_1)","decl":{"start":{"line":79,"column":15},"end":{"line":79,"column":16}},"loc":{"start":{"line":79,"column":22},"end":{"line":84,"column":7}},"line":79}},"branchMap":{"0":{"loc":{"start":{"line":20,"column":16},"end":{"line":20,"column":65}},"type":"binary-expr","locations":[{"start":{"line":20,"column":16},"end":{"line":20,"column":32}},{"start":{"line":20,"column":36},"end":{"line":20,"column":51}},{"start":{"line":20,"column":55},"end":{"line":20,"column":65}}],"line":20},"1":{"loc":{"start":{"line":21,"column":18},"end":{"line":21,"column":73}},"type":"binary-expr","locations":[{"start":{"line":21,"column":18},"end":{"line":21,"column":36}},{"start":{"line":21,"column":40},"end":{"line":21,"column":57}},{"start":{"line":21,"column":61},"end":{"line":21,"column":73}}],"line":21},"2":{"loc":{"start":{"line":22,"column":2},"end":{"line":24,"column":3}},"type":"if","locations":[{"start":{"line":22,"column":2},"end":{"line":24,"column":3}},{"start":{"line":22,"column":2},"end":{"line":24,"column":3}}],"line":22},"3":{"loc":{"start":{"line":22,"column":6},"end":{"line":22,"column":65}},"type":"binary-expr","locations":[{"start":{"line":22,"column":6},"end":{"line":22,"column":11}},{"start":{"line":22,"column":15},"end":{"line":22,"column":65}}],"line":22},"4":{"loc":{"start":{"line":25,"column":2},"end":{"line":25,"column":34}},"type":"if","locations":[{"start":{"line":25,"column":2},"end":{"line":25,"column":34}},{"start":{"line":25,"column":2},"end":{"line":25,"column":34}}],"line":25},"5":{"loc":{"start":{"line":27,"column":2},"end":{"line":27,"column":73}},"type":"if","locations":[{"start":{"line":27,"column":2},"end":{"line":27,"column":73}},{"start":{"line":27,"column":2},"end":{"line":27,"column":73}}],"line":27},"6":{"loc":{"start":{"line":32,"column":9},"end":{"line":33,"column":94}},"type":"binary-expr","locations":[{"start":{"line":32,"column":9},"end":{"line":32,"column":15}},{"start":{"line":33,"column":8},"end":{"line":33,"column":94}}],"line":32},"7":{"loc":{"start":{"line":37,"column":9},"end":{"line":42,"column":23}},"type":"cond-expr","locations":[{"start":{"line":38,"column":10},"end":{"line":41,"column":16}},{"start":{"line":42,"column":10},"end":{"line":42,"column":23}}],"line":37},"8":{"loc":{"start":{"line":70,"column":31},"end":{"line":70,"column":64}},"type":"binary-expr","locations":[{"start":{"line":70,"column":31},"end":{"line":70,"column":58}},{"start":{"line":70,"column":62},"end":{"line":70,"column":64}}],"line":70}},"s":{"0":3,"1":8,"2":8,"3":8,"4":8,"5":1,"6":7,"7":3,"8":4,"9":1,"10":4,"11":3,"12":3,"13":2},"f":{"0":8,"1":2},"b":{"0":[8,5,4],"1":[8,6,5],"2":[1,7],"3":[8,5],"4":[3,4],"5":[1,3],"6":[4,2],"7":[2,2],"8":[3,3]},"_coverageSchema":"332fd63041d2c1bcb487cc26dd0d5f7d97098a6c","hash":"c9478966f30a94cd6a19e7664bf50b380800d83d"}
,"/Users/jameswafula/Documents/converge/mrm_front/src/components/blocks/DeleteBlockModal.js": {"path":"/Users/jameswafula/Documents/converge/mrm_front/src/components/blocks/DeleteBlockModal.js","statementMap":{"0":{"start":{"line":6,"column":25},"end":{"line":28,"column":1}},"1":{"start":{"line":7,"column":2},"end":{"line":27,"column":10}},"2":{"start":{"line":30,"column":0},"end":{"line":40,"column":2}},"3":{"start":{"line":42,"column":0},"end":{"line":44,"column":2}}},"fnMap":{"0":{"name":"(anonymous_0)","decl":{"start":{"line":6,"column":25},"end":{"line":6,"column":26}},"loc":{"start":{"line":7,"column":2},"end":{"line":27,"column":10}},"line":7}},"branchMap":{},"s":{"0":8,"1":2,"2":8,"3":8},"f":{"0":2},"b":{},"_coverageSchema":"332fd63041d2c1bcb487cc26dd0d5f7d97098a6c","hash":"239424238d90feeff90bc5b8ee5743a86f3002bc"}
,"/Users/jameswafula/Documents/converge/mrm_front/src/components/blocks/SingleBlockDetails.js": {"path":"/Users/jameswafula/Documents/converge/mrm_front/src/components/blocks/SingleBlockDetails.js","statementMap":{"0":{"start":{"line":6,"column":27},"end":{"line":19,"column":1}},"1":{"start":{"line":7,"column":37},"end":{"line":7,"column":48}},"2":{"start":{"line":8,"column":2},"end":{"line":18,"column":4}},"3":{"start":{"line":21,"column":0},"end":{"line":33,"column":2}},"4":{"start":{"line":35,"column":0},"end":{"line":37,"column":2}}},"fnMap":{"0":{"name":"(anonymous_0)","decl":{"start":{"line":6,"column":27},"end":{"line":6,"column":28}},"loc":{"start":{"line":6,"column":38},"end":{"line":19,"column":1}},"line":6}},"branchMap":{},"s":{"0":5,"1":1,"2":1,"3":5,"4":5},"f":{"0":1},"b":{},"_coverageSchema":"332fd63041d2c1bcb487cc26dd0d5f7d97098a6c","hash":"e7c563940ea7c7f6377268ea70f7ae0e20122496"}
,"/Users/jameswafula/Documents/converge/mrm_front/src/components/centers/AddCenter.js": {"path":"/Users/jameswafula/Documents/converge/mrm_front/src/components/centers/AddCenter.js","statementMap":{"0":{"start":{"line":33,"column":4},"end":{"line":35,"column":7}},"1":{"start":{"line":44,"column":28},"end":{"line":44,"column":40}},"2":{"start":{"line":45,"column":4},"end":{"line":45,"column":37}},"3":{"start":{"line":53,"column":4},"end":{"line":53,"column":66}},"4":{"start":{"line":65,"column":8},"end":{"line":65,"column":18}},"5":{"start":{"line":67,"column":21},"end":{"line":67,"column":31}},"6":{"start":{"line":68,"column":25},"end":{"line":68,"column":34}},"7":{"start":{"line":69,"column":26},"end":{"line":69,"column":28}},"8":{"start":{"line":71,"column":4},"end":{"line":75,"column":7}},"9":{"start":{"line":72,"column":6},"end":{"line":74,"column":7}},"10":{"start":{"line":73,"column":8},"end":{"line":73,"column":95}},"11":{"start":{"line":73,"column":59},"end":{"line":73,"column":92}},"12":{"start":{"line":77,"column":31},"end":{"line":77,"column":46}},"13":{"start":{"line":78,"column":4},"end":{"line":78,"column":25}},"14":{"start":{"line":79,"column":4},"end":{"line":102,"column":9}},"15":{"start":{"line":89,"column":8},"end":{"line":89,"column":29}},"16":{"start":{"line":90,"column":8},"end":{"line":94,"column":12}},"17":{"start":{"line":95,"column":8},"end":{"line":95,"column":32}},"18":{"start":{"line":96,"column":8},"end":{"line":96,"column":29}},"19":{"start":{"line":99,"column":8},"end":{"line":99,"column":29}},"20":{"start":{"line":100,"column":8},"end":{"line":100,"column":32}},"21":{"start":{"line":101,"column":8},"end":{"line":101,"column":70}},"22":{"start":{"line":112,"column":4},"end":{"line":114,"column":7}},"23":{"start":{"line":125,"column":4},"end":{"line":125,"column":27}},"24":{"start":{"line":128,"column":8},"end":{"line":128,"column":18}},"25":{"start":{"line":129,"column":4},"end":{"line":136,"column":5}},"26":{"start":{"line":130,"column":6},"end":{"line":130,"column":65}},"27":{"start":{"line":131,"column":11},"end":{"line":136,"column":5}},"28":{"start":{"line":132,"column":6},"end":{"line":132,"column":72}},"29":{"start":{"line":134,"column":6},"end":{"line":134,"column":27}},"30":{"start":{"line":135,"column":6},"end":{"line":135,"column":26}},"31":{"start":{"line":143,"column":8},"end":{"line":143,"column":18}},"32":{"start":{"line":144,"column":4},"end":{"line":179,"column":6}},"33":{"start":{"line":183,"column":0},"end":{"line":188,"column":2}},"34":{"start":{"line":190,"column":31},"end":{"line":190,"column":64}}},"fnMap":{"0":{"name":"(anonymous_0)","decl":{"start":{"line":32,"column":21},"end":{"line":32,"column":22}},"loc":{"start":{"line":32,"column":27},"end":{"line":36,"column":3}},"line":32},"1":{"name":"(anonymous_1)","decl":{"start":{"line":43,"column":22},"end":{"line":43,"column":23}},"loc":{"start":{"line":43,"column":33},"end":{"line":46,"column":3}},"line":43},"2":{"name":"(anonymous_2)","decl":{"start":{"line":52,"column":27},"end":{"line":52,"column":28}},"loc":{"start":{"line":52,"column":33},"end":{"line":54,"column":3}},"line":52},"3":{"name":"(anonymous_3)","decl":{"start":{"line":62,"column":17},"end":{"line":62,"column":18}},"loc":{"start":{"line":62,"column":23},"end":{"line":103,"column":3}},"line":62},"4":{"name":"(anonymous_4)","decl":{"start":{"line":71,"column":18},"end":{"line":71,"column":19}},"loc":{"start":{"line":71,"column":28},"end":{"line":75,"column":5}},"line":71},"5":{"name":"(anonymous_5)","decl":{"start":{"line":73,"column":41},"end":{"line":73,"column":42}},"loc":{"start":{"line":73,"column":59},"end":{"line":73,"column":92}},"line":73},"6":{"name":"(anonymous_6)","decl":{"start":{"line":88,"column":12},"end":{"line":88,"column":13}},"loc":{"start":{"line":88,"column":18},"end":{"line":97,"column":7}},"line":88},"7":{"name":"(anonymous_7)","decl":{"start":{"line":98,"column":13},"end":{"line":98,"column":14}},"loc":{"start":{"line":98,"column":22},"end":{"line":102,"column":7}},"line":98},"8":{"name":"(anonymous_8)","decl":{"start":{"line":111,"column":18},"end":{"line":111,"column":19}},"loc":{"start":{"line":111,"column":24},"end":{"line":115,"column":3}},"line":111},"9":{"name":"(anonymous_9)","decl":{"start":{"line":124,"column":20},"end":{"line":124,"column":21}},"loc":{"start":{"line":124,"column":31},"end":{"line":137,"column":3}},"line":124},"10":{"name":"(anonymous_10)","decl":{"start":{"line":139,"column":2},"end":{"line":139,"column":3}},"loc":{"start":{"line":139,"column":11},"end":{"line":180,"column":3}},"line":139}},"branchMap":{"0":{"loc":{"start":{"line":53,"column":4},"end":{"line":53,"column":65}},"type":"binary-expr","locations":[{"start":{"line":53,"column":4},"end":{"line":53,"column":25}},{"start":{"line":53,"column":29},"end":{"line":53,"column":65}}],"line":53},"1":{"loc":{"start":{"line":72,"column":6},"end":{"line":74,"column":7}},"type":"if","locations":[{"start":{"line":72,"column":6},"end":{"line":74,"column":7}},{"start":{"line":72,"column":6},"end":{"line":74,"column":7}}],"line":72},"2":{"loc":{"start":{"line":129,"column":4},"end":{"line":136,"column":5}},"type":"if","locations":[{"start":{"line":129,"column":4},"end":{"line":136,"column":5}},{"start":{"line":129,"column":4},"end":{"line":136,"column":5}}],"line":129},"3":{"loc":{"start":{"line":131,"column":11},"end":{"line":136,"column":5}},"type":"if","locations":[{"start":{"line":131,"column":11},"end":{"line":136,"column":5}},{"start":{"line":131,"column":11},"end":{"line":136,"column":5}}],"line":131},"4":{"loc":{"start":{"line":190,"column":31},"end":{"line":190,"column":64}},"type":"binary-expr","locations":[{"start":{"line":190,"column":31},"end":{"line":190,"column":58}},{"start":{"line":190,"column":62},"end":{"line":190,"column":64}}],"line":190}},"s":{"0":4,"1":1,"2":1,"3":1,"4":3,"5":3,"6":3,"7":3,"8":3,"9":24,"10":3,"11":693,"12":3,"13":3,"14":3,"15":2,"16":2,"17":2,"18":2,"19":1,"20":1,"21":1,"22":8,"23":5,"24":5,"25":5,"26":1,"27":4,"28":2,"29":2,"30":2,"31":23,"32":23,"33":4,"34":4},"f":{"0":4,"1":1,"2":1,"3":3,"4":24,"5":693,"6":2,"7":1,"8":8,"9":5,"10":23},"b":{"0":[1,1],"1":[3,21],"2":[1,4],"3":[2,2],"4":[4,4]},"_coverageSchema":"332fd63041d2c1bcb487cc26dd0d5f7d97098a6c","hash":"bcbb998069a0b6cfd435778ad222aa63d8868aac"}
,"/Users/jameswafula/Documents/converge/mrm_front/src/components/centers/Center.js": {"path":"/Users/jameswafula/Documents/converge/mrm_front/src/components/centers/Center.js","statementMap":{"0":{"start":{"line":10,"column":15},"end":{"line":34,"column":1}},"1":{"start":{"line":13,"column":6},"end":{"line":13,"column":20}},"2":{"start":{"line":14,"column":22},"end":{"line":14,"column":27}},"3":{"start":{"line":15,"column":2},"end":{"line":33,"column":4}},"4":{"start":{"line":36,"column":0},"end":{"line":43,"column":2}}},"fnMap":{"0":{"name":"(anonymous_0)","decl":{"start":{"line":10,"column":15},"end":{"line":10,"column":16}},"loc":{"start":{"line":10,"column":26},"end":{"line":34,"column":1}},"line":10}},"branchMap":{},"s":{"0":4,"1":1,"2":1,"3":1,"4":4},"f":{"0":1},"b":{},"_coverageSchema":"332fd63041d2c1bcb487cc26dd0d5f7d97098a6c","hash":"d5b061e90926ab6f75eb7e5766c77fb19ac8adf4"}
,"/Users/jameswafula/Documents/converge/mrm_front/src/components/centers/CenterList.js": {"path":"/Users/jameswafula/Documents/converge/mrm_front/src/components/centers/CenterList.js","statementMap":{"0":{"start":{"line":16,"column":26},"end":{"line":53,"column":1}},"1":{"start":{"line":19,"column":6},"end":{"line":19,"column":16}},"2":{"start":{"line":20,"column":19},"end":{"line":20,"column":29}},"3":{"start":{"line":22,"column":2},"end":{"line":24,"column":3}},"4":{"start":{"line":23,"column":4},"end":{"line":23,"column":23}},"5":{"start":{"line":25,"column":2},"end":{"line":25,"column":77}},"6":{"start":{"line":25,"column":26},"end":{"line":25,"column":77}},"7":{"start":{"line":26,"column":2},"end":{"line":52,"column":4}},"8":{"start":{"line":42,"column":20},"end":{"line":42,"column":88}},"9":{"start":{"line":55,"column":0},"end":{"line":65,"column":2}},"10":{"start":{"line":67,"column":0},"end":{"line":71,"column":2}},"11":{"start":{"line":73,"column":31},"end":{"line":73,"column":64}}},"fnMap":{"0":{"name":"(anonymous_0)","decl":{"start":{"line":16,"column":26},"end":{"line":16,"column":27}},"loc":{"start":{"line":16,"column":37},"end":{"line":53,"column":1}},"line":16},"1":{"name":"(anonymous_1)","decl":{"start":{"line":41,"column":35},"end":{"line":41,"column":36}},"loc":{"start":{"line":42,"column":20},"end":{"line":42,"column":88}},"line":42}},"branchMap":{"0":{"loc":{"start":{"line":22,"column":2},"end":{"line":24,"column":3}},"type":"if","locations":[{"start":{"line":22,"column":2},"end":{"line":24,"column":3}},{"start":{"line":22,"column":2},"end":{"line":24,"column":3}}],"line":22},"1":{"loc":{"start":{"line":25,"column":2},"end":{"line":25,"column":77}},"type":"if","locations":[{"start":{"line":25,"column":2},"end":{"line":25,"column":77}},{"start":{"line":25,"column":2},"end":{"line":25,"column":77}}],"line":25},"2":{"loc":{"start":{"line":25,"column":6},"end":{"line":25,"column":24}},"type":"binary-expr","locations":[{"start":{"line":25,"column":6},"end":{"line":25,"column":10}},{"start":{"line":25,"column":14},"end":{"line":25,"column":24}}],"line":25},"3":{"loc":{"start":{"line":33,"column":9},"end":{"line":49,"column":9}},"type":"cond-expr","locations":[{"start":{"line":34,"column":10},"end":{"line":46,"column":11}},{"start":{"line":48,"column":10},"end":{"line":48,"column":23}}],"line":33},"4":{"loc":{"start":{"line":34,"column":10},"end":{"line":46,"column":11}},"type":"cond-expr","locations":[{"start":{"line":35,"column":12},"end":{"line":35,"column":28}},{"start":{"line":37,"column":12},"end":{"line":45,"column":18}}],"line":34},"5":{"loc":{"start":{"line":40,"column":17},"end":{"line":43,"column":20}},"type":"binary-expr","locations":[{"start":{"line":40,"column":17},"end":{"line":40,"column":29}},{"start":{"line":41,"column":18},"end":{"line":43,"column":20}}],"line":40},"6":{"loc":{"start":{"line":73,"column":31},"end":{"line":73,"column":64}},"type":"binary-expr","locations":[{"start":{"line":73,"column":31},"end":{"line":73,"column":58}},{"start":{"line":73,"column":62},"end":{"line":73,"column":64}}],"line":73}},"s":{"0":3,"1":4,"2":4,"3":4,"4":1,"5":3,"6":1,"7":3,"8":1,"9":3,"10":3,"11":3},"f":{"0":4,"1":1},"b":{"0":[1,3],"1":[1,2],"2":[3,1],"3":[2,1],"4":[1,1],"5":[1,1],"6":[3,3]},"_coverageSchema":"332fd63041d2c1bcb487cc26dd0d5f7d97098a6c","hash":"e335e4389a9b5e2dc170de2dd3b893a2ce84ef63"}
,"/Users/jameswafula/Documents/converge/mrm_front/src/components/centers/DeleteCenter.js": {"path":"/Users/jameswafula/Documents/converge/mrm_front/src/components/centers/DeleteCenter.js","statementMap":{"0":{"start":{"line":38,"column":4},"end":{"line":38,"column":40}},"1":{"start":{"line":47,"column":4},"end":{"line":47,"column":66}},"2":{"start":{"line":58,"column":8},"end":{"line":58,"column":18}},"3":{"start":{"line":59,"column":4},"end":{"line":59,"column":25}},"4":{"start":{"line":60,"column":4},"end":{"line":75,"column":9}},"5":{"start":{"line":66,"column":8},"end":{"line":66,"column":29}},"6":{"start":{"line":67,"column":8},"end":{"line":67,"column":32}},"7":{"start":{"line":68,"column":8},"end":{"line":68,"column":89}},"8":{"start":{"line":69,"column":8},"end":{"line":69,"column":18}},"9":{"start":{"line":72,"column":8},"end":{"line":72,"column":29}},"10":{"start":{"line":73,"column":8},"end":{"line":73,"column":32}},"11":{"start":{"line":74,"column":8},"end":{"line":74,"column":70}},"12":{"start":{"line":85,"column":4},"end":{"line":87,"column":7}},"13":{"start":{"line":91,"column":39},"end":{"line":91,"column":49}},"14":{"start":{"line":93,"column":4},"end":{"line":115,"column":6}},"15":{"start":{"line":119,"column":0},"end":{"line":121,"column":2}}},"fnMap":{"0":{"name":"(anonymous_0)","decl":{"start":{"line":37,"column":21},"end":{"line":37,"column":22}},"loc":{"start":{"line":37,"column":27},"end":{"line":39,"column":3}},"line":37},"1":{"name":"(anonymous_1)","decl":{"start":{"line":46,"column":27},"end":{"line":46,"column":28}},"loc":{"start":{"line":46,"column":33},"end":{"line":48,"column":3}},"line":46},"2":{"name":"(anonymous_2)","decl":{"start":{"line":55,"column":23},"end":{"line":55,"column":24}},"loc":{"start":{"line":55,"column":29},"end":{"line":76,"column":3}},"line":55},"3":{"name":"(anonymous_3)","decl":{"start":{"line":65,"column":12},"end":{"line":65,"column":13}},"loc":{"start":{"line":65,"column":18},"end":{"line":70,"column":7}},"line":65},"4":{"name":"(anonymous_4)","decl":{"start":{"line":71,"column":13},"end":{"line":71,"column":14}},"loc":{"start":{"line":71,"column":22},"end":{"line":75,"column":7}},"line":71},"5":{"name":"(anonymous_5)","decl":{"start":{"line":84,"column":18},"end":{"line":84,"column":19}},"loc":{"start":{"line":84,"column":24},"end":{"line":88,"column":3}},"line":84},"6":{"name":"(anonymous_6)","decl":{"start":{"line":90,"column":2},"end":{"line":90,"column":3}},"loc":{"start":{"line":90,"column":11},"end":{"line":116,"column":3}},"line":90},"7":{"name":"(anonymous_7)","decl":{"start":{"line":120,"column":11},"end":{"line":120,"column":12}},"loc":{"start":{"line":120,"column":17},"end":{"line":120,"column":19}},"line":120}},"branchMap":{"0":{"loc":{"start":{"line":47,"column":4},"end":{"line":47,"column":65}},"type":"binary-expr","locations":[{"start":{"line":47,"column":4},"end":{"line":47,"column":25}},{"start":{"line":47,"column":29},"end":{"line":47,"column":65}}],"line":47}},"s":{"0":3,"1":1,"2":2,"3":2,"4":2,"5":1,"6":1,"7":1,"8":1,"9":1,"10":1,"11":1,"12":4,"13":13,"14":13,"15":5},"f":{"0":3,"1":1,"2":2,"3":1,"4":1,"5":4,"6":13,"7":1},"b":{"0":[1,1]},"_coverageSchema":"332fd63041d2c1bcb487cc26dd0d5f7d97098a6c","hash":"7bf4cad5b1e92400008c1d23989ad24c39208564"}
,"/Users/jameswafula/Documents/converge/mrm_front/src/components/centers/EditCenter.js": {"path":"/Users/jameswafula/Documents/converge/mrm_front/src/components/centers/EditCenter.js","statementMap":{"0":{"start":{"line":30,"column":4},"end":{"line":33,"column":7}},"1":{"start":{"line":42,"column":28},"end":{"line":42,"column":40}},"2":{"start":{"line":43,"column":4},"end":{"line":43,"column":37}},"3":{"start":{"line":51,"column":4},"end":{"line":51,"column":66}},"4":{"start":{"line":63,"column":8},"end":{"line":63,"column":18}},"5":{"start":{"line":65,"column":21},"end":{"line":65,"column":31}},"6":{"start":{"line":66,"column":25},"end":{"line":66,"column":34}},"7":{"start":{"line":67,"column":26},"end":{"line":67,"column":28}},"8":{"start":{"line":69,"column":4},"end":{"line":73,"column":7}},"9":{"start":{"line":70,"column":6},"end":{"line":72,"column":7}},"10":{"start":{"line":71,"column":8},"end":{"line":71,"column":95}},"11":{"start":{"line":71,"column":59},"end":{"line":71,"column":92}},"12":{"start":{"line":75,"column":21},"end":{"line":75,"column":36}},"13":{"start":{"line":76,"column":24},"end":{"line":76,"column":34}},"14":{"start":{"line":77,"column":4},"end":{"line":77,"column":25}},"15":{"start":{"line":78,"column":4},"end":{"line":102,"column":9}},"16":{"start":{"line":88,"column":8},"end":{"line":88,"column":29}},"17":{"start":{"line":89,"column":8},"end":{"line":93,"column":12}},"18":{"start":{"line":94,"column":8},"end":{"line":94,"column":18}},"19":{"start":{"line":95,"column":8},"end":{"line":95,"column":32}},"20":{"start":{"line":98,"column":8},"end":{"line":98,"column":61}},"21":{"start":{"line":99,"column":8},"end":{"line":99,"column":29}},"22":{"start":{"line":100,"column":8},"end":{"line":100,"column":32}},"23":{"start":{"line":101,"column":8},"end":{"line":101,"column":70}},"24":{"start":{"line":103,"column":4},"end":{"line":103,"column":25}},"25":{"start":{"line":113,"column":4},"end":{"line":115,"column":7}},"26":{"start":{"line":125,"column":4},"end":{"line":125,"column":27}},"27":{"start":{"line":128,"column":8},"end":{"line":128,"column":18}},"28":{"start":{"line":129,"column":4},"end":{"line":136,"column":5}},"29":{"start":{"line":130,"column":6},"end":{"line":130,"column":67}},"30":{"start":{"line":131,"column":11},"end":{"line":136,"column":5}},"31":{"start":{"line":132,"column":6},"end":{"line":132,"column":72}},"32":{"start":{"line":134,"column":6},"end":{"line":134,"column":27}},"33":{"start":{"line":135,"column":6},"end":{"line":135,"column":24}},"34":{"start":{"line":143,"column":8},"end":{"line":143,"column":18}},"35":{"start":{"line":145,"column":4},"end":{"line":180,"column":6}},"36":{"start":{"line":183,"column":0},"end":{"line":192,"column":2}},"37":{"start":{"line":194,"column":0},"end":{"line":200,"column":2}},"38":{"start":{"line":202,"column":31},"end":{"line":202,"column":64}}},"fnMap":{"0":{"name":"(anonymous_0)","decl":{"start":{"line":29,"column":21},"end":{"line":29,"column":22}},"loc":{"start":{"line":29,"column":27},"end":{"line":34,"column":3}},"line":29},"1":{"name":"(anonymous_1)","decl":{"start":{"line":41,"column":22},"end":{"line":41,"column":23}},"loc":{"start":{"line":41,"column":33},"end":{"line":44,"column":3}},"line":41},"2":{"name":"(anonymous_2)","decl":{"start":{"line":50,"column":27},"end":{"line":50,"column":28}},"loc":{"start":{"line":50,"column":33},"end":{"line":52,"column":3}},"line":50},"3":{"name":"(anonymous_3)","decl":{"start":{"line":60,"column":15},"end":{"line":60,"column":16}},"loc":{"start":{"line":60,"column":21},"end":{"line":104,"column":3}},"line":60},"4":{"name":"(anonymous_4)","decl":{"start":{"line":69,"column":18},"end":{"line":69,"column":19}},"loc":{"start":{"line":69,"column":28},"end":{"line":73,"column":5}},"line":69},"5":{"name":"(anonymous_5)","decl":{"start":{"line":71,"column":41},"end":{"line":71,"column":42}},"loc":{"start":{"line":71,"column":59},"end":{"line":71,"column":92}},"line":71},"6":{"name":"(anonymous_6)","decl":{"start":{"line":87,"column":12},"end":{"line":87,"column":13}},"loc":{"start":{"line":87,"column":18},"end":{"line":96,"column":7}},"line":87},"7":{"name":"(anonymous_7)","decl":{"start":{"line":97,"column":13},"end":{"line":97,"column":14}},"loc":{"start":{"line":97,"column":22},"end":{"line":102,"column":7}},"line":97},"8":{"name":"(anonymous_8)","decl":{"start":{"line":112,"column":18},"end":{"line":112,"column":19}},"loc":{"start":{"line":112,"column":24},"end":{"line":116,"column":3}},"line":112},"9":{"name":"(anonymous_9)","decl":{"start":{"line":124,"column":21},"end":{"line":124,"column":22}},"loc":{"start":{"line":124,"column":32},"end":{"line":137,"column":3}},"line":124},"10":{"name":"(anonymous_10)","decl":{"start":{"line":139,"column":2},"end":{"line":139,"column":3}},"loc":{"start":{"line":139,"column":11},"end":{"line":181,"column":3}},"line":139}},"branchMap":{"0":{"loc":{"start":{"line":51,"column":4},"end":{"line":51,"column":65}},"type":"binary-expr","locations":[{"start":{"line":51,"column":4},"end":{"line":51,"column":25}},{"start":{"line":51,"column":29},"end":{"line":51,"column":65}}],"line":51},"1":{"loc":{"start":{"line":70,"column":6},"end":{"line":72,"column":7}},"type":"if","locations":[{"start":{"line":70,"column":6},"end":{"line":72,"column":7}},{"start":{"line":70,"column":6},"end":{"line":72,"column":7}}],"line":70},"2":{"loc":{"start":{"line":129,"column":4},"end":{"line":136,"column":5}},"type":"if","locations":[{"start":{"line":129,"column":4},"end":{"line":136,"column":5}},{"start":{"line":129,"column":4},"end":{"line":136,"column":5}}],"line":129},"3":{"loc":{"start":{"line":131,"column":11},"end":{"line":136,"column":5}},"type":"if","locations":[{"start":{"line":131,"column":11},"end":{"line":136,"column":5}},{"start":{"line":131,"column":11},"end":{"line":136,"column":5}}],"line":131},"4":{"loc":{"start":{"line":202,"column":31},"end":{"line":202,"column":64}},"type":"binary-expr","locations":[{"start":{"line":202,"column":31},"end":{"line":202,"column":58}},{"start":{"line":202,"column":62},"end":{"line":202,"column":64}}],"line":202}},"s":{"0":3,"1":1,"2":1,"3":1,"4":2,"5":2,"6":2,"7":2,"8":2,"9":16,"10":2,"11":462,"12":2,"13":2,"14":2,"15":2,"16":1,"17":1,"18":1,"19":1,"20":1,"21":1,"22":1,"23":1,"24":2,"25":8,"26":4,"27":4,"28":4,"29":1,"30":3,"31":1,"32":2,"33":2,"34":21,"35":21,"36":5,"37":5,"38":5},"f":{"0":3,"1":1,"2":1,"3":2,"4":16,"5":462,"6":1,"7":1,"8":8,"9":4,"10":21},"b":{"0":[1,1],"1":[2,14],"2":[1,3],"3":[1,2],"4":[5,5]},"_coverageSchema":"332fd63041d2c1bcb487cc26dd0d5f7d97098a6c","hash":"d45be81ea04c59a9954f0d4ea00390c3be0d0b44"}
,"/Users/jameswafula/Documents/converge/mrm_front/src/components/devices/Device.js": {"path":"/Users/jameswafula/Documents/converge/mrm_front/src/components/devices/Device.js","statementMap":{"0":{"start":{"line":12,"column":15},"end":{"line":24,"column":1}},"1":{"start":{"line":17,"column":2},"end":{"line":23,"column":8}},"2":{"start":{"line":26,"column":0},"end":{"line":34,"column":2}}},"fnMap":{"0":{"name":"(anonymous_0)","decl":{"start":{"line":12,"column":15},"end":{"line":12,"column":16}},"loc":{"start":{"line":17,"column":2},"end":{"line":23,"column":8}},"line":17}},"branchMap":{},"s":{"0":6,"1":2,"2":6},"f":{"0":2},"b":{},"_coverageSchema":"332fd63041d2c1bcb487cc26dd0d5f7d97098a6c","hash":"ed61ca152e68696ff80c67be8ee30d9f860761ae"}
,"/Users/jameswafula/Documents/converge/mrm_front/src/components/devices/DeviceList.js": {"path":"/Users/jameswafula/Documents/converge/mrm_front/src/components/devices/DeviceList.js","statementMap":{"0":{"start":{"line":7,"column":24},"end":{"line":7,"column":91}},"1":{"start":{"line":7,"column":46},"end":{"line":7,"column":90}},"2":{"start":{"line":14,"column":19},"end":{"line":22,"column":1}},"3":{"start":{"line":15,"column":2},"end":{"line":21,"column":8}}},"fnMap":{"0":{"name":"(anonymous_0)","decl":{"start":{"line":7,"column":36},"end":{"line":7,"column":37}},"loc":{"start":{"line":7,"column":46},"end":{"line":7,"column":90}},"line":7},"1":{"name":"(anonymous_1)","decl":{"start":{"line":14,"column":19},"end":{"line":14,"column":20}},"loc":{"start":{"line":15,"column":2},"end":{"line":21,"column":8}},"line":15}},"branchMap":{},"s":{"0":5,"1":20,"2":5,"3":1},"f":{"0":20,"1":1},"b":{},"_coverageSchema":"332fd63041d2c1bcb487cc26dd0d5f7d97098a6c","hash":"0767f0171a4459296c36b5e0428710b2ec4618dd"}
,"/Users/jameswafula/Documents/converge/mrm_front/src/components/floors/AddFloor.js": {"path":"/Users/jameswafula/Documents/converge/mrm_front/src/components/floors/AddFloor.js","statementMap":{"0":{"start":{"line":51,"column":4},"end":{"line":51,"column":40}},"1":{"start":{"line":64,"column":28},"end":{"line":64,"column":40}},"2":{"start":{"line":65,"column":4},"end":{"line":65,"column":37}},"3":{"start":{"line":75,"column":4},"end":{"line":75,"column":66}},"4":{"start":{"line":85,"column":4},"end":{"line":87,"column":7}},"5":{"start":{"line":100,"column":4},"end":{"line":100,"column":27}},"6":{"start":{"line":101,"column":35},"end":{"line":101,"column":45}},"7":{"start":{"line":102,"column":47},"end":{"line":102,"column":57}},"8":{"start":{"line":103,"column":4},"end":{"line":131,"column":5}},"9":{"start":{"line":104,"column":6},"end":{"line":104,"column":64}},"10":{"start":{"line":105,"column":11},"end":{"line":131,"column":5}},"11":{"start":{"line":106,"column":6},"end":{"line":106,"column":61}},"12":{"start":{"line":108,"column":6},"end":{"line":108,"column":27}},"13":{"start":{"line":109,"column":6},"end":{"line":130,"column":11}},"14":{"start":{"line":117,"column":10},"end":{"line":117,"column":31}},"15":{"start":{"line":118,"column":10},"end":{"line":118,"column":34}},"16":{"start":{"line":119,"column":10},"end":{"line":123,"column":14}},"17":{"start":{"line":124,"column":10},"end":{"line":124,"column":41}},"18":{"start":{"line":127,"column":10},"end":{"line":127,"column":31}},"19":{"start":{"line":128,"column":10},"end":{"line":128,"column":34}},"20":{"start":{"line":129,"column":10},"end":{"line":129,"column":72}},"21":{"start":{"line":142,"column":8},"end":{"line":142,"column":18}},"22":{"start":{"line":143,"column":34},"end":{"line":143,"column":44}},"23":{"start":{"line":144,"column":4},"end":{"line":182,"column":6}}},"fnMap":{"0":{"name":"(anonymous_0)","decl":{"start":{"line":50,"column":21},"end":{"line":50,"column":22}},"loc":{"start":{"line":50,"column":27},"end":{"line":52,"column":3}},"line":50},"1":{"name":"(anonymous_1)","decl":{"start":{"line":63,"column":22},"end":{"line":63,"column":23}},"loc":{"start":{"line":63,"column":33},"end":{"line":66,"column":3}},"line":63},"2":{"name":"(anonymous_2)","decl":{"start":{"line":74,"column":27},"end":{"line":74,"column":28}},"loc":{"start":{"line":74,"column":33},"end":{"line":76,"column":3}},"line":74},"3":{"name":"(anonymous_3)","decl":{"start":{"line":84,"column":18},"end":{"line":84,"column":19}},"loc":{"start":{"line":84,"column":24},"end":{"line":88,"column":3}},"line":84},"4":{"name":"(anonymous_4)","decl":{"start":{"line":99,"column":19},"end":{"line":99,"column":20}},"loc":{"start":{"line":99,"column":30},"end":{"line":132,"column":3}},"line":99},"5":{"name":"(anonymous_5)","decl":{"start":{"line":116,"column":14},"end":{"line":116,"column":15}},"loc":{"start":{"line":116,"column":20},"end":{"line":125,"column":9}},"line":116},"6":{"name":"(anonymous_6)","decl":{"start":{"line":126,"column":15},"end":{"line":126,"column":16}},"loc":{"start":{"line":126,"column":24},"end":{"line":130,"column":9}},"line":126},"7":{"name":"(anonymous_7)","decl":{"start":{"line":139,"column":2},"end":{"line":139,"column":3}},"loc":{"start":{"line":139,"column":11},"end":{"line":183,"column":3}},"line":139}},"branchMap":{"0":{"loc":{"start":{"line":75,"column":4},"end":{"line":75,"column":65}},"type":"binary-expr","locations":[{"start":{"line":75,"column":4},"end":{"line":75,"column":25}},{"start":{"line":75,"column":29},"end":{"line":75,"column":65}}],"line":75},"1":{"loc":{"start":{"line":103,"column":4},"end":{"line":131,"column":5}},"type":"if","locations":[{"start":{"line":103,"column":4},"end":{"line":131,"column":5}},{"start":{"line":103,"column":4},"end":{"line":131,"column":5}}],"line":103},"2":{"loc":{"start":{"line":105,"column":11},"end":{"line":131,"column":5}},"type":"if","locations":[{"start":{"line":105,"column":11},"end":{"line":131,"column":5}},{"start":{"line":105,"column":11},"end":{"line":131,"column":5}}],"line":105},"3":{"loc":{"start":{"line":105,"column":15},"end":{"line":105,"column":44}},"type":"binary-expr","locations":[{"start":{"line":105,"column":15},"end":{"line":105,"column":23}},{"start":{"line":105,"column":27},"end":{"line":105,"column":44}}],"line":105},"4":{"loc":{"start":{"line":113,"column":21},"end":{"line":113,"column":40}},"type":"binary-expr","locations":[{"start":{"line":113,"column":21},"end":{"line":113,"column":28}},{"start":{"line":113,"column":32},"end":{"line":113,"column":40}}],"line":113},"5":{"loc":{"start":{"line":162,"column":11},"end":{"line":171,"column":12}},"type":"binary-expr","locations":[{"start":{"line":162,"column":11},"end":{"line":162,"column":17}},{"start":{"line":162,"column":21},"end":{"line":171,"column":12}}],"line":162}},"s":{"0":4,"1":1,"2":1,"3":1,"4":6,"5":5,"6":5,"7":5,"8":5,"9":1,"10":4,"11":1,"12":3,"13":3,"14":2,"15":2,"16":2,"17":2,"18":1,"19":1,"20":1,"21":20,"22":20,"23":20},"f":{"0":4,"1":1,"2":1,"3":6,"4":5,"5":2,"6":1,"7":20},"b":{"0":[1,1],"1":[1,4],"2":[1,3],"3":[4,2],"4":[3,1],"5":[20,15]},"_coverageSchema":"332fd63041d2c1bcb487cc26dd0d5f7d97098a6c","hash":"8c50fd5025ec881594095123b4571d9edaef6a6e"}
,"/Users/jameswafula/Documents/converge/mrm_front/src/components/floors/AddFloorMenu.js": {"path":"/Users/jameswafula/Documents/converge/mrm_front/src/components/floors/AddFloorMenu.js","statementMap":{"0":{"start":{"line":14,"column":31},"end":{"line":14,"column":64}},"1":{"start":{"line":21,"column":17},"end":{"line":25,"column":1}},"2":{"start":{"line":22,"column":2},"end":{"line":24,"column":8}},"3":{"start":{"line":54,"column":42},"end":{"line":54,"column":62}},"4":{"start":{"line":55,"column":31},"end":{"line":55,"column":41}},"5":{"start":{"line":56,"column":4},"end":{"line":56,"column":36}},"6":{"start":{"line":56,"column":17},"end":{"line":56,"column":36}},"7":{"start":{"line":57,"column":4},"end":{"line":57,"column":64}},"8":{"start":{"line":57,"column":15},"end":{"line":57,"column":64}},"9":{"start":{"line":58,"column":26},"end":{"line":58,"column":98}},"10":{"start":{"line":58,"column":52},"end":{"line":58,"column":97}},"11":{"start":{"line":59,"column":4},"end":{"line":71,"column":6}},"12":{"start":{"line":61,"column":8},"end":{"line":69,"column":19}},"13":{"start":{"line":75,"column":4},"end":{"line":81,"column":6}},"14":{"start":{"line":85,"column":0},"end":{"line":89,"column":2}},"15":{"start":{"line":91,"column":0},"end":{"line":93,"column":2}}},"fnMap":{"0":{"name":"(anonymous_0)","decl":{"start":{"line":21,"column":17},"end":{"line":21,"column":18}},"loc":{"start":{"line":22,"column":2},"end":{"line":24,"column":8}},"line":22},"1":{"name":"(anonymous_1)","decl":{"start":{"line":53,"column":14},"end":{"line":53,"column":15}},"loc":{"start":{"line":53,"column":20},"end":{"line":72,"column":3}},"line":53},"2":{"name":"(anonymous_2)","decl":{"start":{"line":58,"column":43},"end":{"line":58,"column":44}},"loc":{"start":{"line":58,"column":52},"end":{"line":58,"column":97}},"line":58},"3":{"name":"(anonymous_3)","decl":{"start":{"line":60,"column":24},"end":{"line":60,"column":25}},"loc":{"start":{"line":61,"column":8},"end":{"line":69,"column":19}},"line":61},"4":{"name":"(anonymous_4)","decl":{"start":{"line":74,"column":2},"end":{"line":74,"column":3}},"loc":{"start":{"line":74,"column":11},"end":{"line":82,"column":3}},"line":74}},"branchMap":{"0":{"loc":{"start":{"line":14,"column":31},"end":{"line":14,"column":64}},"type":"binary-expr","locations":[{"start":{"line":14,"column":31},"end":{"line":14,"column":58}},{"start":{"line":14,"column":62},"end":{"line":14,"column":64}}],"line":14},"1":{"loc":{"start":{"line":56,"column":4},"end":{"line":56,"column":36}},"type":"if","locations":[{"start":{"line":56,"column":4},"end":{"line":56,"column":36}},{"start":{"line":56,"column":4},"end":{"line":56,"column":36}}],"line":56},"2":{"loc":{"start":{"line":57,"column":4},"end":{"line":57,"column":64}},"type":"if","locations":[{"start":{"line":57,"column":4},"end":{"line":57,"column":64}},{"start":{"line":57,"column":4},"end":{"line":57,"column":64}}],"line":57},"3":{"loc":{"start":{"line":65,"column":20},"end":{"line":65,"column":74}},"type":"binary-expr","locations":[{"start":{"line":65,"column":20},"end":{"line":65,"column":61}},{"start":{"line":65,"column":65},"end":{"line":65,"column":74}}],"line":65}},"s":{"0":4,"1":4,"2":4,"3":4,"4":4,"5":4,"6":2,"7":2,"8":1,"9":1,"10":1,"11":1,"12":1,"13":4,"14":4,"15":4},"f":{"0":4,"1":4,"2":1,"3":1,"4":4},"b":{"0":[4,4],"1":[2,2],"2":[1,1],"3":[1,1]},"_coverageSchema":"332fd63041d2c1bcb487cc26dd0d5f7d97098a6c","hash":"74a2bcd7a69040f4883c737fe3b1e9314df7a55f"}
,"/Users/jameswafula/Documents/converge/mrm_front/src/components/floors/DeleteFloor.js": {"path":"/Users/jameswafula/Documents/converge/mrm_front/src/components/floors/DeleteFloor.js","statementMap":{"0":{"start":{"line":30,"column":4},"end":{"line":30,"column":40}},"1":{"start":{"line":39,"column":4},"end":{"line":39,"column":66}},"2":{"start":{"line":50,"column":4},"end":{"line":50,"column":27}},"3":{"start":{"line":51,"column":4},"end":{"line":51,"column":25}},"4":{"start":{"line":52,"column":4},"end":{"line":72,"column":9}},"5":{"start":{"line":59,"column":8},"end":{"line":59,"column":29}},"6":{"start":{"line":60,"column":8},"end":{"line":60,"column":32}},"7":{"start":{"line":61,"column":8},"end":{"line":65,"column":12}},"8":{"start":{"line":66,"column":8},"end":{"line":66,"column":29}},"9":{"start":{"line":69,"column":8},"end":{"line":69,"column":29}},"10":{"start":{"line":70,"column":8},"end":{"line":70,"column":32}},"11":{"start":{"line":71,"column":8},"end":{"line":71,"column":70}},"12":{"start":{"line":82,"column":4},"end":{"line":84,"column":7}},"13":{"start":{"line":88,"column":39},"end":{"line":88,"column":49}},"14":{"start":{"line":90,"column":4},"end":{"line":113,"column":6}},"15":{"start":{"line":117,"column":0},"end":{"line":122,"column":2}}},"fnMap":{"0":{"name":"(anonymous_0)","decl":{"start":{"line":29,"column":21},"end":{"line":29,"column":22}},"loc":{"start":{"line":29,"column":27},"end":{"line":31,"column":3}},"line":29},"1":{"name":"(anonymous_1)","decl":{"start":{"line":38,"column":27},"end":{"line":38,"column":28}},"loc":{"start":{"line":38,"column":33},"end":{"line":40,"column":3}},"line":38},"2":{"name":"(anonymous_2)","decl":{"start":{"line":49,"column":22},"end":{"line":49,"column":23}},"loc":{"start":{"line":49,"column":33},"end":{"line":73,"column":3}},"line":49},"3":{"name":"(anonymous_3)","decl":{"start":{"line":58,"column":12},"end":{"line":58,"column":13}},"loc":{"start":{"line":58,"column":18},"end":{"line":67,"column":7}},"line":58},"4":{"name":"(anonymous_4)","decl":{"start":{"line":68,"column":13},"end":{"line":68,"column":14}},"loc":{"start":{"line":68,"column":22},"end":{"line":72,"column":7}},"line":68},"5":{"name":"(anonymous_5)","decl":{"start":{"line":81,"column":18},"end":{"line":81,"column":19}},"loc":{"start":{"line":81,"column":24},"end":{"line":85,"column":3}},"line":81},"6":{"name":"(anonymous_6)","decl":{"start":{"line":87,"column":2},"end":{"line":87,"column":3}},"loc":{"start":{"line":87,"column":11},"end":{"line":114,"column":3}},"line":87}},"branchMap":{"0":{"loc":{"start":{"line":39,"column":4},"end":{"line":39,"column":65}},"type":"binary-expr","locations":[{"start":{"line":39,"column":4},"end":{"line":39,"column":25}},{"start":{"line":39,"column":29},"end":{"line":39,"column":65}}],"line":39}},"s":{"0":3,"1":1,"2":2,"3":2,"4":2,"5":1,"6":1,"7":1,"8":1,"9":1,"10":1,"11":1,"12":4,"13":12,"14":12,"15":5},"f":{"0":3,"1":1,"2":2,"3":1,"4":1,"5":4,"6":12},"b":{"0":[1,1]},"_coverageSchema":"332fd63041d2c1bcb487cc26dd0d5f7d97098a6c","hash":"b66dfe2914cccb484ab2420e79a539898003825b"}
,"/Users/jameswafula/Documents/converge/mrm_front/src/components/floors/EditFloor.js": {"path":"/Users/jameswafula/Documents/converge/mrm_front/src/components/floors/EditFloor.js","statementMap":{"0":{"start":{"line":34,"column":4},"end":{"line":34,"column":37}},"1":{"start":{"line":43,"column":4},"end":{"line":43,"column":40}},"2":{"start":{"line":52,"column":4},"end":{"line":52,"column":66}},"3":{"start":{"line":63,"column":4},"end":{"line":63,"column":27}},"4":{"start":{"line":64,"column":35},"end":{"line":64,"column":45}},"5":{"start":{"line":66,"column":4},"end":{"line":78,"column":9}},"6":{"start":{"line":74,"column":8},"end":{"line":74,"column":94}},"7":{"start":{"line":77,"column":8},"end":{"line":77,"column":70}},"8":{"start":{"line":79,"column":4},"end":{"line":79,"column":28}},"9":{"start":{"line":83,"column":38},"end":{"line":83,"column":48}},"10":{"start":{"line":85,"column":4},"end":{"line":113,"column":6}},"11":{"start":{"line":117,"column":0},"end":{"line":121,"column":2}}},"fnMap":{"0":{"name":"(anonymous_0)","decl":{"start":{"line":33,"column":22},"end":{"line":33,"column":23}},"loc":{"start":{"line":33,"column":55},"end":{"line":35,"column":3}},"line":33},"1":{"name":"(anonymous_1)","decl":{"start":{"line":42,"column":21},"end":{"line":42,"column":22}},"loc":{"start":{"line":42,"column":27},"end":{"line":44,"column":3}},"line":42},"2":{"name":"(anonymous_2)","decl":{"start":{"line":51,"column":27},"end":{"line":51,"column":28}},"loc":{"start":{"line":51,"column":33},"end":{"line":53,"column":3}},"line":51},"3":{"name":"(anonymous_3)","decl":{"start":{"line":62,"column":20},"end":{"line":62,"column":21}},"loc":{"start":{"line":62,"column":31},"end":{"line":80,"column":3}},"line":62},"4":{"name":"(anonymous_4)","decl":{"start":{"line":73,"column":12},"end":{"line":73,"column":13}},"loc":{"start":{"line":73,"column":18},"end":{"line":75,"column":7}},"line":73},"5":{"name":"(anonymous_5)","decl":{"start":{"line":76,"column":13},"end":{"line":76,"column":14}},"loc":{"start":{"line":76,"column":22},"end":{"line":78,"column":7}},"line":76},"6":{"name":"(anonymous_6)","decl":{"start":{"line":82,"column":2},"end":{"line":82,"column":3}},"loc":{"start":{"line":82,"column":11},"end":{"line":114,"column":3}},"line":82}},"branchMap":{"0":{"loc":{"start":{"line":52,"column":4},"end":{"line":52,"column":65}},"type":"binary-expr","locations":[{"start":{"line":52,"column":4},"end":{"line":52,"column":25}},{"start":{"line":52,"column":29},"end":{"line":52,"column":65}}],"line":52}},"s":{"0":1,"1":3,"2":1,"3":2,"4":2,"5":2,"6":1,"7":1,"8":2,"9":9,"10":9,"11":5},"f":{"0":1,"1":3,"2":1,"3":2,"4":1,"5":1,"6":9},"b":{"0":[1,1]},"_coverageSchema":"332fd63041d2c1bcb487cc26dd0d5f7d97098a6c","hash":"e14fd0f043f01e9baad19496a1cbb11e644b7a3a"}
,"/Users/jameswafula/Documents/converge/mrm_front/src/components/floors/Floor.js": {"path":"/Users/jameswafula/Documents/converge/mrm_front/src/components/floors/Floor.js","statementMap":{"0":{"start":{"line":13,"column":21},"end":{"line":28,"column":1}},"1":{"start":{"line":14,"column":2},"end":{"line":27,"column":8}},"2":{"start":{"line":30,"column":0},"end":{"line":35,"column":2}}},"fnMap":{"0":{"name":"(anonymous_0)","decl":{"start":{"line":13,"column":21},"end":{"line":13,"column":22}},"loc":{"start":{"line":14,"column":2},"end":{"line":27,"column":8}},"line":14}},"branchMap":{},"s":{"0":4,"1":2,"2":4},"f":{"0":2},"b":{},"_coverageSchema":"332fd63041d2c1bcb487cc26dd0d5f7d97098a6c","hash":"4905d336ec7637f279e7577e9ea6528d1341d9ee"}
,"/Users/jameswafula/Documents/converge/mrm_front/src/components/floors/FloorList.js": {"path":"/Users/jameswafula/Documents/converge/mrm_front/src/components/floors/FloorList.js","statementMap":{"0":{"start":{"line":30,"column":4},"end":{"line":30,"column":17}},"1":{"start":{"line":31,"column":4},"end":{"line":36,"column":6}},"2":{"start":{"line":40,"column":26},"end":{"line":40,"column":36}},"3":{"start":{"line":41,"column":4},"end":{"line":43,"column":7}},"4":{"start":{"line":55,"column":4},"end":{"line":55,"column":40}},"5":{"start":{"line":79,"column":40},"end":{"line":79,"column":55}},"6":{"start":{"line":82,"column":8},"end":{"line":82,"column":18}},"7":{"start":{"line":83,"column":21},"end":{"line":83,"column":36}},"8":{"start":{"line":85,"column":4},"end":{"line":87,"column":5}},"9":{"start":{"line":86,"column":6},"end":{"line":86,"column":25}},"10":{"start":{"line":89,"column":4},"end":{"line":89,"column":65}},"11":{"start":{"line":89,"column":14},"end":{"line":89,"column":65}},"12":{"start":{"line":90,"column":4},"end":{"line":90,"column":95}},"13":{"start":{"line":90,"column":71},"end":{"line":90,"column":95}},"14":{"start":{"line":91,"column":4},"end":{"line":128,"column":6}},"15":{"start":{"line":108,"column":20},"end":{"line":108,"column":93}},"16":{"start":{"line":132,"column":0},"end":{"line":151,"column":2}},"17":{"start":{"line":153,"column":31},"end":{"line":153,"column":64}},"18":{"start":{"line":157,"column":20},"end":{"line":162,"column":5}}},"fnMap":{"0":{"name":"(anonymous_0)","decl":{"start":{"line":29,"column":2},"end":{"line":29,"column":3}},"loc":{"start":{"line":29,"column":21},"end":{"line":37,"column":3}},"line":29},"1":{"name":"(anonymous_1)","decl":{"start":{"line":39,"column":2},"end":{"line":39,"column":3}},"loc":{"start":{"line":39,"column":35},"end":{"line":44,"column":3}},"line":39},"2":{"name":"(anonymous_2)","decl":{"start":{"line":54,"column":15},"end":{"line":54,"column":16}},"loc":{"start":{"line":54,"column":34},"end":{"line":76,"column":3}},"line":54},"3":{"name":"(anonymous_3)","decl":{"start":{"line":78,"column":2},"end":{"line":78,"column":3}},"loc":{"start":{"line":78,"column":11},"end":{"line":129,"column":3}},"line":78},"4":{"name":"(anonymous_4)","decl":{"start":{"line":107,"column":39},"end":{"line":107,"column":40}},"loc":{"start":{"line":108,"column":20},"end":{"line":108,"column":93}},"line":108},"5":{"name":"(anonymous_5)","decl":{"start":{"line":157,"column":13},"end":{"line":157,"column":14}},"loc":{"start":{"line":157,"column":20},"end":{"line":162,"column":5}},"line":157}},"branchMap":{"0":{"loc":{"start":{"line":85,"column":4},"end":{"line":87,"column":5}},"type":"if","locations":[{"start":{"line":85,"column":4},"end":{"line":87,"column":5}},{"start":{"line":85,"column":4},"end":{"line":87,"column":5}}],"line":85},"1":{"loc":{"start":{"line":89,"column":4},"end":{"line":89,"column":65}},"type":"if","locations":[{"start":{"line":89,"column":4},"end":{"line":89,"column":65}},{"start":{"line":89,"column":4},"end":{"line":89,"column":65}}],"line":89},"2":{"loc":{"start":{"line":90,"column":4},"end":{"line":90,"column":95}},"type":"if","locations":[{"start":{"line":90,"column":4},"end":{"line":90,"column":95}},{"start":{"line":90,"column":4},"end":{"line":90,"column":95}}],"line":90},"3":{"loc":{"start":{"line":90,"column":8},"end":{"line":90,"column":69}},"type":"binary-expr","locations":[{"start":{"line":90,"column":8},"end":{"line":90,"column":13}},{"start":{"line":90,"column":17},"end":{"line":90,"column":69}}],"line":90},"4":{"loc":{"start":{"line":95,"column":10},"end":{"line":95,"column":47}},"type":"cond-expr","locations":[{"start":{"line":95,"column":23},"end":{"line":95,"column":40}},{"start":{"line":95,"column":43},"end":{"line":95,"column":47}}],"line":95},"5":{"loc":{"start":{"line":101,"column":11},"end":{"line":101,"column":60}},"type":"cond-expr","locations":[{"start":{"line":101,"column":24},"end":{"line":101,"column":53}},{"start":{"line":101,"column":56},"end":{"line":101,"column":60}}],"line":101},"6":{"loc":{"start":{"line":102,"column":11},"end":{"line":114,"column":11}},"type":"cond-expr","locations":[{"start":{"line":103,"column":12},"end":{"line":111,"column":18}},{"start":{"line":113,"column":12},"end":{"line":113,"column":25}}],"line":102},"7":{"loc":{"start":{"line":106,"column":17},"end":{"line":109,"column":20}},"type":"binary-expr","locations":[{"start":{"line":106,"column":17},"end":{"line":106,"column":26}},{"start":{"line":107,"column":18},"end":{"line":109,"column":20}}],"line":106},"8":{"loc":{"start":{"line":116,"column":9},"end":{"line":126,"column":9}},"type":"binary-expr","locations":[{"start":{"line":116,"column":9},"end":{"line":116,"column":15}},{"start":{"line":117,"column":10},"end":{"line":125,"column":12}}],"line":116},"9":{"loc":{"start":{"line":153,"column":31},"end":{"line":153,"column":64}},"type":"binary-expr","locations":[{"start":{"line":153,"column":31},"end":{"line":153,"column":58}},{"start":{"line":153,"column":62},"end":{"line":153,"column":64}}],"line":153}},"s":{"0":4,"1":4,"2":3,"3":3,"4":1,"5":9,"6":9,"7":9,"8":9,"9":3,"10":6,"11":2,"12":6,"13":1,"14":5,"15":1,"16":3,"17":3,"18":1},"f":{"0":4,"1":3,"2":1,"3":9,"4":1,"5":1},"b":{"0":[3,6],"1":[2,4],"2":[1,5],"3":[6,2],"4":[1,4],"5":[1,4],"6":[4,1],"7":[4,4],"8":[5,4],"9":[3,3]},"_coverageSchema":"332fd63041d2c1bcb487cc26dd0d5f7d97098a6c","hash":"886de153b4b1513115dd8f00cc02e91e43850e18"}
,"/Users/jameswafula/Documents/converge/mrm_front/src/components/offices/AddOffice.js": {"path":"/Users/jameswafula/Documents/converge/mrm_front/src/components/offices/AddOffice.js","statementMap":{"0":{"start":{"line":47,"column":4},"end":{"line":47,"column":40}},"1":{"start":{"line":59,"column":28},"end":{"line":59,"column":40}},"2":{"start":{"line":60,"column":4},"end":{"line":60,"column":37}},"3":{"start":{"line":70,"column":4},"end":{"line":70,"column":66}},"4":{"start":{"line":84,"column":4},"end":{"line":84,"column":27}},"5":{"start":{"line":85,"column":43},"end":{"line":85,"column":53}},"6":{"start":{"line":86,"column":4},"end":{"line":114,"column":5}},"7":{"start":{"line":87,"column":6},"end":{"line":87,"column":65}},"8":{"start":{"line":88,"column":11},"end":{"line":114,"column":5}},"9":{"start":{"line":89,"column":6},"end":{"line":89,"column":69}},"10":{"start":{"line":91,"column":6},"end":{"line":91,"column":27}},"11":{"start":{"line":92,"column":6},"end":{"line":113,"column":11}},"12":{"start":{"line":100,"column":10},"end":{"line":100,"column":31}},"13":{"start":{"line":101,"column":10},"end":{"line":101,"column":34}},"14":{"start":{"line":102,"column":27},"end":{"line":102,"column":58}},"15":{"start":{"line":103,"column":10},"end":{"line":107,"column":14}},"16":{"start":{"line":110,"column":10},"end":{"line":110,"column":31}},"17":{"start":{"line":111,"column":10},"end":{"line":111,"column":34}},"18":{"start":{"line":112,"column":10},"end":{"line":112,"column":72}},"19":{"start":{"line":124,"column":4},"end":{"line":126,"column":7}},"20":{"start":{"line":132,"column":8},"end":{"line":132,"column":18}},"21":{"start":{"line":133,"column":29},"end":{"line":133,"column":49}},"22":{"start":{"line":134,"column":4},"end":{"line":171,"column":6}}},"fnMap":{"0":{"name":"(anonymous_0)","decl":{"start":{"line":46,"column":21},"end":{"line":46,"column":22}},"loc":{"start":{"line":46,"column":27},"end":{"line":48,"column":3}},"line":46},"1":{"name":"(anonymous_1)","decl":{"start":{"line":58,"column":22},"end":{"line":58,"column":23}},"loc":{"start":{"line":58,"column":33},"end":{"line":61,"column":3}},"line":58},"2":{"name":"(anonymous_2)","decl":{"start":{"line":69,"column":27},"end":{"line":69,"column":28}},"loc":{"start":{"line":69,"column":33},"end":{"line":71,"column":3}},"line":69},"3":{"name":"(anonymous_3)","decl":{"start":{"line":83,"column":20},"end":{"line":83,"column":21}},"loc":{"start":{"line":83,"column":31},"end":{"line":115,"column":3}},"line":83},"4":{"name":"(anonymous_4)","decl":{"start":{"line":99,"column":14},"end":{"line":99,"column":15}},"loc":{"start":{"line":99,"column":26},"end":{"line":108,"column":9}},"line":99},"5":{"name":"(anonymous_5)","decl":{"start":{"line":109,"column":15},"end":{"line":109,"column":16}},"loc":{"start":{"line":109,"column":24},"end":{"line":113,"column":9}},"line":109},"6":{"name":"(anonymous_6)","decl":{"start":{"line":123,"column":18},"end":{"line":123,"column":19}},"loc":{"start":{"line":123,"column":24},"end":{"line":127,"column":3}},"line":123},"7":{"name":"(anonymous_7)","decl":{"start":{"line":129,"column":2},"end":{"line":129,"column":3}},"loc":{"start":{"line":129,"column":11},"end":{"line":172,"column":3}},"line":129}},"branchMap":{"0":{"loc":{"start":{"line":70,"column":4},"end":{"line":70,"column":65}},"type":"binary-expr","locations":[{"start":{"line":70,"column":4},"end":{"line":70,"column":25}},{"start":{"line":70,"column":29},"end":{"line":70,"column":65}}],"line":70},"1":{"loc":{"start":{"line":86,"column":4},"end":{"line":114,"column":5}},"type":"if","locations":[{"start":{"line":86,"column":4},"end":{"line":114,"column":5}},{"start":{"line":86,"column":4},"end":{"line":114,"column":5}}],"line":86},"2":{"loc":{"start":{"line":88,"column":11},"end":{"line":114,"column":5}},"type":"if","locations":[{"start":{"line":88,"column":11},"end":{"line":114,"column":5}},{"start":{"line":88,"column":11},"end":{"line":114,"column":5}}],"line":88}},"s":{"0":5,"1":1,"2":1,"3":1,"4":4,"5":4,"6":4,"7":1,"8":3,"9":1,"10":2,"11":2,"12":1,"13":1,"14":1,"15":1,"16":1,"17":1,"18":1,"19":4,"20":19,"21":19,"22":19},"f":{"0":5,"1":1,"2":1,"3":4,"4":1,"5":1,"6":4,"7":19},"b":{"0":[1,1],"1":[1,3],"2":[1,2]},"_coverageSchema":"332fd63041d2c1bcb487cc26dd0d5f7d97098a6c","hash":"635e6370d64f0e188e9bcb5952a5f0b1f707beb3"}
,"/Users/jameswafula/Documents/converge/mrm_front/src/components/offices/DeleteOffice.js": {"path":"/Users/jameswafula/Documents/converge/mrm_front/src/components/offices/DeleteOffice.js","statementMap":{"0":{"start":{"line":32,"column":4},"end":{"line":32,"column":40}},"1":{"start":{"line":41,"column":4},"end":{"line":41,"column":66}},"2":{"start":{"line":50,"column":48},"end":{"line":50,"column":58}},"3":{"start":{"line":51,"column":4},"end":{"line":51,"column":25}},"4":{"start":{"line":52,"column":4},"end":{"line":68,"column":9}},"5":{"start":{"line":58,"column":8},"end":{"line":58,"column":29}},"6":{"start":{"line":59,"column":8},"end":{"line":59,"column":32}},"7":{"start":{"line":60,"column":25},"end":{"line":60,"column":56}},"8":{"start":{"line":61,"column":8},"end":{"line":61,"column":77}},"9":{"start":{"line":62,"column":8},"end":{"line":62,"column":18}},"10":{"start":{"line":65,"column":8},"end":{"line":65,"column":29}},"11":{"start":{"line":66,"column":8},"end":{"line":66,"column":32}},"12":{"start":{"line":67,"column":8},"end":{"line":67,"column":70}},"13":{"start":{"line":78,"column":4},"end":{"line":80,"column":7}},"14":{"start":{"line":84,"column":39},"end":{"line":84,"column":49}},"15":{"start":{"line":86,"column":4},"end":{"line":108,"column":6}},"16":{"start":{"line":112,"column":0},"end":{"line":117,"column":2}},"17":{"start":{"line":119,"column":0},"end":{"line":121,"column":2}},"18":{"start":{"line":127,"column":20},"end":{"line":134,"column":5}}},"fnMap":{"0":{"name":"(anonymous_0)","decl":{"start":{"line":31,"column":21},"end":{"line":31,"column":22}},"loc":{"start":{"line":31,"column":27},"end":{"line":33,"column":3}},"line":31},"1":{"name":"(anonymous_1)","decl":{"start":{"line":40,"column":27},"end":{"line":40,"column":28}},"loc":{"start":{"line":40,"column":33},"end":{"line":42,"column":3}},"line":40},"2":{"name":"(anonymous_2)","decl":{"start":{"line":49,"column":23},"end":{"line":49,"column":24}},"loc":{"start":{"line":49,"column":29},"end":{"line":69,"column":3}},"line":49},"3":{"name":"(anonymous_3)","decl":{"start":{"line":57,"column":12},"end":{"line":57,"column":13}},"loc":{"start":{"line":57,"column":24},"end":{"line":63,"column":7}},"line":57},"4":{"name":"(anonymous_4)","decl":{"start":{"line":64,"column":13},"end":{"line":64,"column":14}},"loc":{"start":{"line":64,"column":22},"end":{"line":68,"column":7}},"line":64},"5":{"name":"(anonymous_5)","decl":{"start":{"line":77,"column":18},"end":{"line":77,"column":19}},"loc":{"start":{"line":77,"column":24},"end":{"line":81,"column":3}},"line":77},"6":{"name":"(anonymous_6)","decl":{"start":{"line":83,"column":2},"end":{"line":83,"column":3}},"loc":{"start":{"line":83,"column":11},"end":{"line":109,"column":3}},"line":83},"7":{"name":"(anonymous_7)","decl":{"start":{"line":120,"column":11},"end":{"line":120,"column":12}},"loc":{"start":{"line":120,"column":17},"end":{"line":120,"column":19}},"line":120},"8":{"name":"(anonymous_8)","decl":{"start":{"line":127,"column":13},"end":{"line":127,"column":14}},"loc":{"start":{"line":127,"column":20},"end":{"line":134,"column":5}},"line":127}},"branchMap":{"0":{"loc":{"start":{"line":41,"column":4},"end":{"line":41,"column":65}},"type":"binary-expr","locations":[{"start":{"line":41,"column":4},"end":{"line":41,"column":25}},{"start":{"line":41,"column":29},"end":{"line":41,"column":65}}],"line":41}},"s":{"0":3,"1":1,"2":2,"3":2,"4":2,"5":1,"6":1,"7":1,"8":1,"9":1,"10":1,"11":1,"12":1,"13":4,"14":12,"15":12,"16":5,"17":5,"18":1},"f":{"0":3,"1":1,"2":2,"3":1,"4":1,"5":4,"6":12,"7":1,"8":1},"b":{"0":[1,1]},"_coverageSchema":"332fd63041d2c1bcb487cc26dd0d5f7d97098a6c","hash":"bdd34cedf6ce0877f51c41d2e92d2c581b8b2c0e"}
,"/Users/jameswafula/Documents/converge/mrm_front/src/components/offices/EditOffice.js": {"path":"/Users/jameswafula/Documents/converge/mrm_front/src/components/offices/EditOffice.js","statementMap":{"0":{"start":{"line":38,"column":4},"end":{"line":38,"column":37}},"1":{"start":{"line":47,"column":4},"end":{"line":47,"column":40}},"2":{"start":{"line":56,"column":4},"end":{"line":56,"column":66}},"3":{"start":{"line":67,"column":4},"end":{"line":67,"column":27}},"4":{"start":{"line":68,"column":4},"end":{"line":68,"column":25}},"5":{"start":{"line":69,"column":37},"end":{"line":69,"column":47}},"6":{"start":{"line":70,"column":37},"end":{"line":70,"column":47}},"7":{"start":{"line":71,"column":4},"end":{"line":93,"column":9}},"8":{"start":{"line":79,"column":8},"end":{"line":80,"column":77}},"9":{"start":{"line":81,"column":8},"end":{"line":81,"column":32}},"10":{"start":{"line":82,"column":8},"end":{"line":82,"column":29}},"11":{"start":{"line":87,"column":8},"end":{"line":87,"column":29}},"12":{"start":{"line":88,"column":8},"end":{"line":88,"column":32}},"13":{"start":{"line":89,"column":8},"end":{"line":91,"column":11}},"14":{"start":{"line":92,"column":8},"end":{"line":92,"column":70}},"15":{"start":{"line":103,"column":4},"end":{"line":105,"column":7}},"16":{"start":{"line":111,"column":8},"end":{"line":111,"column":18}},"17":{"start":{"line":113,"column":4},"end":{"line":155,"column":6}},"18":{"start":{"line":159,"column":0},"end":{"line":166,"column":2}},"19":{"start":{"line":168,"column":0},"end":{"line":171,"column":2}},"20":{"start":{"line":176,"column":20},"end":{"line":182,"column":5}}},"fnMap":{"0":{"name":"(anonymous_0)","decl":{"start":{"line":37,"column":22},"end":{"line":37,"column":23}},"loc":{"start":{"line":37,"column":55},"end":{"line":39,"column":3}},"line":37},"1":{"name":"(anonymous_1)","decl":{"start":{"line":46,"column":21},"end":{"line":46,"column":22}},"loc":{"start":{"line":46,"column":27},"end":{"line":48,"column":3}},"line":46},"2":{"name":"(anonymous_2)","decl":{"start":{"line":55,"column":27},"end":{"line":55,"column":28}},"loc":{"start":{"line":55,"column":33},"end":{"line":57,"column":3}},"line":55},"3":{"name":"(anonymous_3)","decl":{"start":{"line":66,"column":21},"end":{"line":66,"column":22}},"loc":{"start":{"line":66,"column":32},"end":{"line":94,"column":3}},"line":66},"4":{"name":"(anonymous_4)","decl":{"start":{"line":78,"column":12},"end":{"line":78,"column":13}},"loc":{"start":{"line":78,"column":18},"end":{"line":85,"column":7}},"line":78},"5":{"name":"(anonymous_5)","decl":{"start":{"line":86,"column":13},"end":{"line":86,"column":14}},"loc":{"start":{"line":86,"column":22},"end":{"line":93,"column":7}},"line":86},"6":{"name":"(anonymous_6)","decl":{"start":{"line":102,"column":18},"end":{"line":102,"column":19}},"loc":{"start":{"line":102,"column":24},"end":{"line":106,"column":3}},"line":102},"7":{"name":"(anonymous_7)","decl":{"start":{"line":108,"column":2},"end":{"line":108,"column":3}},"loc":{"start":{"line":108,"column":11},"end":{"line":156,"column":3}},"line":108},"8":{"name":"(anonymous_8)","decl":{"start":{"line":169,"column":11},"end":{"line":169,"column":12}},"loc":{"start":{"line":169,"column":17},"end":{"line":169,"column":19}},"line":169},"9":{"name":"(anonymous_9)","decl":{"start":{"line":176,"column":13},"end":{"line":176,"column":14}},"loc":{"start":{"line":176,"column":20},"end":{"line":182,"column":5}},"line":176}},"branchMap":{"0":{"loc":{"start":{"line":56,"column":4},"end":{"line":56,"column":65}},"type":"binary-expr","locations":[{"start":{"line":56,"column":4},"end":{"line":56,"column":25}},{"start":{"line":56,"column":29},"end":{"line":56,"column":65}}],"line":56}},"s":{"0":1,"1":5,"2":1,"3":2,"4":2,"5":2,"6":2,"7":2,"8":1,"9":1,"10":1,"11":1,"12":1,"13":1,"14":1,"15":4,"16":17,"17":17,"18":5,"19":5,"20":1},"f":{"0":1,"1":5,"2":1,"3":2,"4":1,"5":1,"6":4,"7":17,"8":1,"9":1},"b":{"0":[1,1]},"_coverageSchema":"332fd63041d2c1bcb487cc26dd0d5f7d97098a6c","hash":"ec911781da7b1f8600e81265ac9f4b4b46da7952"}
,"/Users/jameswafula/Documents/converge/mrm_front/src/components/offices/Office.js": {"path":"/Users/jameswafula/Documents/converge/mrm_front/src/components/offices/Office.js","statementMap":{"0":{"start":{"line":13,"column":15},"end":{"line":45,"column":1}},"1":{"start":{"line":14,"column":12},"end":{"line":14,"column":14}},"2":{"start":{"line":15,"column":2},"end":{"line":19,"column":3}},"3":{"start":{"line":16,"column":4},"end":{"line":16,"column":19}},"4":{"start":{"line":18,"column":4},"end":{"line":18,"column":19}},"5":{"start":{"line":20,"column":2},"end":{"line":44,"column":4}},"6":{"start":{"line":47,"column":0},"end":{"line":58,"column":2}},"7":{"start":{"line":60,"column":0},"end":{"line":62,"column":2}}},"fnMap":{"0":{"name":"(anonymous_0)","decl":{"start":{"line":13,"column":15},"end":{"line":13,"column":16}},"loc":{"start":{"line":13,"column":77},"end":{"line":45,"column":1}},"line":13}},"branchMap":{"0":{"loc":{"start":{"line":15,"column":2},"end":{"line":19,"column":3}},"type":"if","locations":[{"start":{"line":15,"column":2},"end":{"line":19,"column":3}},{"start":{"line":15,"column":2},"end":{"line":19,"column":3}}],"line":15}},"s":{"0":4,"1":3,"2":3,"3":1,"4":2,"5":3,"6":4,"7":4},"f":{"0":3},"b":{"0":[1,2]},"_coverageSchema":"332fd63041d2c1bcb487cc26dd0d5f7d97098a6c","hash":"b55233066b2310ac4fcd71c4d0ad48f5c8d3ae04"}
,"/Users/jameswafula/Documents/converge/mrm_front/src/components/offices/OfficeList.js": {"path":"/Users/jameswafula/Documents/converge/mrm_front/src/components/offices/OfficeList.js","statementMap":{"0":{"start":{"line":32,"column":4},"end":{"line":32,"column":17}},"1":{"start":{"line":33,"column":4},"end":{"line":38,"column":6}},"2":{"start":{"line":42,"column":27},"end":{"line":42,"column":37}},"3":{"start":{"line":43,"column":4},"end":{"line":45,"column":7}},"4":{"start":{"line":57,"column":4},"end":{"line":57,"column":40}},"5":{"start":{"line":81,"column":40},"end":{"line":81,"column":55}},"6":{"start":{"line":82,"column":21},"end":{"line":82,"column":36}},"7":{"start":{"line":85,"column":8},"end":{"line":85,"column":18}},"8":{"start":{"line":86,"column":4},"end":{"line":86,"column":93}},"9":{"start":{"line":86,"column":69},"end":{"line":86,"column":93}},"10":{"start":{"line":87,"column":4},"end":{"line":87,"column":36}},"11":{"start":{"line":87,"column":17},"end":{"line":87,"column":36}},"12":{"start":{"line":89,"column":4},"end":{"line":89,"column":65}},"13":{"start":{"line":89,"column":14},"end":{"line":89,"column":65}},"14":{"start":{"line":91,"column":4},"end":{"line":131,"column":6}},"15":{"start":{"line":105,"column":20},"end":{"line":111,"column":22}},"16":{"start":{"line":135,"column":0},"end":{"line":149,"column":2}},"17":{"start":{"line":151,"column":0},"end":{"line":164,"column":2}},"18":{"start":{"line":166,"column":31},"end":{"line":166,"column":64}},"19":{"start":{"line":170,"column":20},"end":{"line":177,"column":5}}},"fnMap":{"0":{"name":"(anonymous_0)","decl":{"start":{"line":31,"column":2},"end":{"line":31,"column":3}},"loc":{"start":{"line":31,"column":21},"end":{"line":39,"column":3}},"line":31},"1":{"name":"(anonymous_1)","decl":{"start":{"line":41,"column":2},"end":{"line":41,"column":3}},"loc":{"start":{"line":41,"column":35},"end":{"line":46,"column":3}},"line":41},"2":{"name":"(anonymous_2)","decl":{"start":{"line":56,"column":15},"end":{"line":56,"column":16}},"loc":{"start":{"line":56,"column":34},"end":{"line":78,"column":3}},"line":56},"3":{"name":"(anonymous_3)","decl":{"start":{"line":80,"column":2},"end":{"line":80,"column":3}},"loc":{"start":{"line":80,"column":11},"end":{"line":132,"column":3}},"line":80},"4":{"name":"(anonymous_4)","decl":{"start":{"line":104,"column":41},"end":{"line":104,"column":42}},"loc":{"start":{"line":105,"col
[...]
,"/Users/jameswafula/Documents/converge/mrm_front/src/utils/Utilities.js": {"path":"/Users/jameswafula/Documents/converge/mrm_front/src/utils/Utilities.js","statementMap":{"0":{"start":{"line":10,"column":25},"end":{"line":19,"column":1}},"1":{"start":{"line":12,"column":31},"end":{"line":12,"column":84}},"2":{"start":{"line":13,"column":2},"end":{"line":18,"column":11}},"3":{"start":{"line":16,"column":27},"end":{"line":16,"column":51}},"4":{"start":{"line":17,"column":6},"end":{"line":17,"column":47}},"5":{"start":{"line":25,"column":32},"end":{"line":31,"column":1}},"6":{"start":{"line":26,"column":2},"end":{"line":30,"column":3}},"7":{"start":{"line":27,"column":4},"end":{"line":27,"column":53}},"8":{"start":{"line":29,"column":4},"end":{"line":29,"column":16}},"9":{"start":{"line":37,"column":35},"end":{"line":44,"column":1}},"10":{"start":{"line":38,"column":2},"end":{"line":43,"column":3}},"11":{"start":{"line":39,"column":4},"end":{"line":39,"column":37}},"12":{"start":{"line":40,"column":4},"end":{"line":40,"column":16}},"13":{"start":{"line":42,"column":4},"end":{"line":42,"column":16}},"14":{"start":{"line":51,"column":31},"end":{"line":58,"column":1}},"15":{"start":{"line":52,"column":2},"end":{"line":57,"column":3}},"16":{"start":{"line":53,"column":4},"end":{"line":53,"column":53}},"17":{"start":{"line":54,"column":4},"end":{"line":54,"column":16}},"18":{"start":{"line":56,"column":4},"end":{"line":56,"column":16}},"19":{"start":{"line":67,"column":16},"end":{"line":67,"column":22}},"20":{"start":{"line":68,"column":15},"end":{"line":68,"column":25}},"21":{"start":{"line":72,"column":15},"end":{"line":72,"column":64}},"22":{"start":{"line":73,"column":18},"end":{"line":73,"column":50}},"23":{"start":{"line":74,"column":2},"end":{"line":81,"column":3}},"24":{"start":{"line":75,"column":4},"end":{"line":75,"column":75}},"25":{"start":{"line":76,"column":21},"end":{"line":76,"column":43}},"26":{"start":{"line":77,"column":4},"end":{"line":77,"column":70}},"27":{"start":{"line":78,"column":4},"end":{"line":78,"column":62}},"28":{"start":{"line":80,"column":4},"end":{"line":80,"column":34}},"29":{"start":{"line":82,"column":2},"end":{"line":82,"column":67}},"30":{"start":{"line":83,"column":2},"end":{"line":83,"column":62}},"31":{"start":{"line":84,"column":2},"end":{"line":84,"column":46}},"32":{"start":{"line":85,"column":2},"end":{"line":85,"column":32}},"33":{"start":{"line":93,"column":13},"end":{"line":93,"column":23}},"34":{"start":{"line":94,"column":30},"end":{"line":99,"column":1}},"35":{"start":{"line":95,"column":23},"end":{"line":97,"column":62}},"36":{"start":{"line":98,"column":2},"end":{"line":98,"column":22}},"37":{"start":{"line":100,"column":22},"end":{"line":103,"column":1}},"38":{"start":{"line":101,"column":16},"end":{"line":101,"column":48}},"39":{"start":{"line":102,"column":2},"end":{"line":102,"column":15}}},"fnMap":{"0":{"name":"(anonymous_0)","decl":{"start":{"line":10,"column":25},"end":{"line":10,"column":26}},"loc":{"start":{"line":10,"column":45},"end":{"line":19,"column":1}},"line":10},"1":{"name":"(anonymous_1)","decl":{"start":{"line":15,"column":12},"end":{"line":15,"column":13}},"loc":{"start":{"line":15,"column":45},"end":{"line":18,"column":5}},"line":15},"2":{"name":"(anonymous_2)","decl":{"start":{"line":25,"column":32},"end":{"line":25,"column":33}},"loc":{"start":{"line":25,"column":45},"end":{"line":31,"column":1}},"line":25},"3":{"name":"(anonymous_3)","decl":{"start":{"line":37,"column":35},"end":{"line":37,"column":36}},"loc":{"start":{"line":37,"column":48},"end":{"line":44,"column":1}},"line":37},"4":{"name":"(anonymous_4)","decl":{"start":{"line":51,"column":31},"end":{"line":51,"column":32}},"loc":{"start":{"line":51,"column":47},"end":{"line":58,"column":1}},"line":51},"5":{"name":"thisWeek","decl":{"start":{"line":66,"column":9},"end":{"line":66,"column":17}},"loc":{"start":{"line":66,"column":20},"end":{"line":86,"column":1}},"line":66},"6":{"name":"(anonymous_6)","decl":{"start":{"line":94,"column":30},"end":{"line":94,"column":31}},"loc":{"start":{"line":94,"column":36},"end":{"line":99,"column":1}},"line":94},"7":{"name":"(anonymous_7)","decl":{"start":{"line":100,"column":22},"end":{"line":100,"column":23}},"loc":{"start":{"line":100,"column":28},"end":{"line":103,"column":1}},"line":100}},"branchMap":{"0":{"loc":{"start":{"line":74,"column":2},"end":{"line":81,"column":3}},"type":"if","locations":[{"start":{"line":74,"column":2},"end":{"line":81,"column":3}},{"start":{"line":74,"column":2},"end":{"line":81,"column":3}}],"line":74}},"s":{"0":87,"1":3,"2":3,"3":5,"4":5,"5":87,"6":194,"7":194,"8":193,"9":87,"10":5,"11":5,"12":1,"13":4,"14":87,"15":11,"16":11,"17":1,"18":10,"19":3,"20":3,"21":3,"22":3,"23":3,"24":1,"25":1,"26":1,"27":1,"28":1,"29":2,"30":2,"31":2,"32":2,"33":87,"34":87,"35":1,"36":1,"37":87,"38":13,"39":13},"f":{"0":3,"1":5,"2":194,"3":5,"4":11,"5":3,"6":1,"7":13},"b":{"0":[1,2]},"_coverageSchema":"332fd63041d2c1bcb487cc26dd0d5f7d97098a6c","hash":"1c7a0f7059ebb4b8c30ac80c7cab0d218311d6eb"}
,"/Users/jameswafula/Documents/converge/mrm_front/src/utils/activityData.js": {"path":"/Users/jameswafula/Documents/converge/mrm_front/src/utils/activityData.js","statementMap":{"0":{"start":{"line":2,"column":17},"end":{"line":74,"column":1}}},"fnMap":{},"branchMap":{},"s":{"0":4},"f":{},"b":{},"_coverageSchema":"332fd63041d2c1bcb487cc26dd0d5f7d97098a6c","hash":"4e28d445e626d8f5f9903ba09224c551cc6d1a1d"}
,"/Users/jameswafula/Documents/converge/mrm_front/src/utils/checkDate.js": {"path":"/Users/jameswafula/Documents/converge/mrm_front/src/utils/checkDate.js","statementMap":{"0":{"start":{"line":3,"column":20},"end":{"line":3,"column":89}},"1":{"start":{"line":3,"column":27},"end":{"line":3,"column":89}}},"fnMap":{"0":{"name":"(anonymous_0)","decl":{"start":{"line":3,"column":20},"end":{"line":3,"column":21}},"loc":{"start":{"line":3,"column":27},"end":{"line":3,"column":89}},"line":3}},"branchMap":{},"s":{"0":4,"1":36},"f":{"0":36},"b":{},"_coverageSchema":"332fd63041d2c1bcb487cc26dd0d5f7d97098a6c","hash":"38e12f4dbf0952944ffa14c4ffee7eadf0077cf6"}
,"/Users/jameswafula/Documents/converge/mrm_front/src/utils/formatSetupData.js": {"path":"/Users/jameswafula/Documents/converge/mrm_front/src/utils/formatSetupData.js","statementMap":{"0":{"start":{"line":6,"column":19},"end":{"line":17,"column":1}},"1":{"start":{"line":7,"column":23},"end":{"line":14,"column":3}},"2":{"start":{"line":15,"column":2},"end":{"line":15,"column":64}},"3":{"start":{"line":15,"column":39},"end":{"line":15,"column":62}},"4":{"start":{"line":16,"column":2},"end":{"line":16,"column":22}},"5":{"start":{"line":23,"column":23},"end":{"line":34,"column":1}},"6":{"start":{"line":25,"column":2},"end":{"line":32,"column":5}},"7":{"start":{"line":26,"column":4},"end":{"line":30,"column":5}},"8":{"start":{"line":28,"column":6},"end":{"line":28,"column":23}},"9":{"start":{"line":29,"column":6},"end":{"line":29,"column":20}},"10":{"start":{"line":31,"column":4},"end":{"line":31,"column":16}},"11":{"start":{"line":33,"column":2},"end":{"line":33,"column":16}},"12":{"start":{"line":39,"column":18},"end":{"line":42,"column":1}},"13":{"start":{"line":40,"column":22},"end":{"line":40,"column":67}},"14":{"start":{"line":40,"column":49},"end":{"line":40,"column":66}},"15":{"start":{"line":41,"column":2},"end":{"line":41,"column":21}},"16":{"start":{"line":47,"column":21},"end":{"line":68,"column":1}},"17":{"start":{"line":48,"column":21},"end":{"line":48,"column":41}},"18":{"start":{"line":49,"column":19},"end":{"line":49,"column":21}},"19":{"start":{"line":51,"column":2},"end":{"line":66,"column":5}},"20":{"start":{"line":52,"column":19},"end":{"line":52,"column":45}},"21":{"start":{"line":53,"column":24},"end":{"line":53,"column":59}},"22":{"start":{"line":54,"column":4},"end":{"line":54,"column":61}},"23":{"start":{"line":55,"column":4},"end":{"line":65,"column":10}},"24":{"start":{"line":67,"column":2},"end":{"line":67,"column":18}}},"fnMap":{"0":{"name":"(anonymous_0)","decl":{"start":{"line":6,"column":19},"end":{"line":6,"column":20}},"loc":{"start":{"line":6,"column":49},"end":{"line":17,"column":1}},"line":6},"1":{"name":"(anonymous_1)","decl":{"start":{"line":15,"column":29},"end":{"line":15,"column":30}},"loc":{"start":{"line":15,"column":39},"end":{"line":15,"column":62}},"line":15},"2":{"name":"(anonymous_2)","decl":{"start":{"line":23,"column":23},"end":{"line":23,"column":24}},"loc":{"start":{"line":23,"column":46},"end":{"line":34,"column":1}},"line":23},"3":{"name":"(anonymous_3)","decl":{"start":{"line":25,"column":21},"end":{"line":25,"column":22}},"loc":{"start":{"line":25,"column":34},"end":{"line":32,"column":3}},"line":25},"4":{"name":"(anonymous_4)","decl":{"start":{"line":39,"column":18},"end":{"line":39,"column":19}},"loc":{"start":{"line":39,"column":35},"end":{"line":42,"column":1}},"line":39},"5":{"name":"(anonymous_5)","decl":{"start":{"line":40,"column":39},"end":{"line":40,"column":40}},"loc":{"start":{"line":40,"column":49},"end":{"line":40,"column":66}},"line":40},"6":{"name":"(anonymous_6)","decl":{"start":{"line":47,"column":21},"end":{"line":47,"column":22}},"loc":{"start":{"line":47,"column":36},"end":{"line":68,"column":1}},"line":47},"7":{"name":"(anonymous_7)","decl":{"start":{"line":51,"column":21},"end":{"line":51,"column":22}},"loc":{"start":{"line":51,"column":34},"end":{"line":66,"column":3}},"line":51}},"branchMap":{"0":{"loc":{"start":{"line":26,"column":4},"end":{"line":30,"column":5}},"type":"if","locations":[{"start":{"line":26,"column":4},"end":{"line":30,"column":5}},{"start":{"line":26,"column":4},"end":{"line":30,"column":5}}],"line":26},"1":{"loc":{"start":{"line":26,"column":8},"end":{"line":27,"column":47}},"type":"binary-expr","locations":[{"start":{"line":26,"column":8},"end":{"line":26,"column":23}},{"start":{"line":26,"column":27},"end":{"line":26,"column":60}},{"start":{"line":27,"column":9},"end":{"line":27,"column":47}}],"line":26},"2":{"loc":{"start":{"line":54,"column":25},"end":{"line":54,"column":60}},"type":"cond-expr","locations":[{"start":{"line":54,"column":39},"end":{"line":54,"column":55}},{"start":{"line":54,"column":58},"end":{"line":54,"column":60}}],"line":54},"3":{"loc":{"start":{"line":56,"column":6},"end":{"line":65,"column":9}},"type":"cond-expr","locations":[{"start":{"line":57,"column":10},"end":{"line":57,"column":69}},{"start":{"line":58,"column":10},"end":{"line":65,"column":9}}],"line":56}},"s":{"0":4,"1":0,"2":0,"3":0,"4":0,"5":4,"6":1,"7":1,"8":0,"9":0,"10":1,"11":1,"12":4,"13":1,"14":0,"15":1,"16":4,"17":1,"18":1,"19":1,"20":1,"21":1,"22":1,"23":1,"24":1},"f":{"0":0,"1":0,"2":1,"3":1,"4":1,"5":0,"6":1,"7":1},"b":{"0":[0,1],"1":[1,1,0],"2":[0,1],"3":[0,1]},"_coverageSchema":"332fd63041d2c1bcb487cc26dd0d5f7d97098a6c","hash":"b3f1c4d2c6d4ed368459a95b6dc5877103290f99"}
,"/Users/jameswafula/Documents/converge/mrm_front/src/utils/history.js": {"path":"/Users/jameswafula/Documents/converge/mrm_front/src/utils/history.js","statementMap":{},"fnMap":{},"branchMap":{},"s":{},"f":{},"b":{},"_coverageSchema":"332fd63041d2c1bcb487cc26dd0d5f7d97098a6c","hash":"52071516ead735fe3f4b4256d73ddcf1e00de29e"}
,"/Users/jameswafula/Documents/converge/mrm_front/src/utils/notification.js": {"path":"/Users/jameswafula/Documents/converge/mrm_front/src/utils/notification.js","statementMap":{"0":{"start":{"line":11,"column":21},"end":{"line":28,"column":1}},"1":{"start":{"line":12,"column":2},"end":{"line":26,"column":4}},"2":{"start":{"line":27,"column":2},"end":{"line":27,"column":43}},"3":{"start":{"line":27,"column":15},"end":{"line":27,"column":42}}},"fnMap":{"0":{"name":"(anonymous_0)","decl":{"start":{"line":11,"column":21},"end":{"line":11,"column":22}},"loc":{"start":{"line":11,"column":54},"end":{"line":28,"column":1}},"line":11},"1":{"name":"(anonymous_1)","decl":{"start":{"line":27,"column":9},"end":{"line":27,"column":10}},"loc":{"start":{"line":27,"column":15},"end":{"line":27,"column":42}},"line":27}},"branchMap":{},"s":{"0":63,"1":90,"2":90,"3":90},"f":{"0":90,"1":90},"b":{},"_coverageSchema":"332fd63041d2c1bcb487cc26dd0d5f7d97098a6c","hash":"fb131f7e5eb9eaea924193d94322cec58ad777a2"}
,"/Users/jameswafula/Documents/converge/mrm_front/src/utils/roomSetupMock.js": {"path":"/Users/jameswafula/Documents/converge/mrm_front/src/utils/roomSetupMock.js","statementMap":{"0":{"start":{"line":1,"column":23},"end":{"line":23,"column":1}},"1":{"start":{"line":26,"column":22},"end":{"line":48,"column":1}},"2":{"start":{"line":50,"column":31},"end":{"line":123,"column":1}}},"fnMap":{},"branchMap":{},"s":{"0":3,"1":3,"2":3},"f":{},"b":{},"_coverageSchema":"332fd63041d2c1bcb487cc26dd0d5f7d97098a6c","hash":"d1eb5a17513bc277e6429d60833130fd7ad1b703"}
,"/Users/jameswafula/Documents/converge/mrm_front/src/utils/routes.js": {"path":"/Users/jameswafula/Documents/converge/mrm_front/src/utils/routes.js","statementMap":{"0":{"start":{"line":1,"column":15},"end":{"line":8,"column":1}}},"fnMap":{},"branchMap":{},"s":{"0":8},"f":{},"b":{},"_coverageSchema":"332fd63041d2c1bcb487cc26dd0d5f7d97098a6c","hash":"3d7fc918df20801e68b4228c290b67dccaf9a870"}
,"/Users/jameswafula/Documents/converge/mrm_front/src/utils/images/images.js": {"path":"/Users/jameswafula/Documents/converge/mrm_front/src/utils/images/images.js","statementMap":{"0":{"start":{"line":2,"column":29},"end":{"line":2,"column":194}},"1":{"start":{"line":3,"column":31},"end":{"line":3,"column":194}},"2":{"start":{"line":4,"column":41},"end":{"line":4,"column":215}},"3":{"start":{"line":5,"column":39},"end":{"line":5,"column":211}},"4":{"start":{"line":6,"column":36},"end":{"line":6,"column":205}},"5":{"start":{"line":7,"column":42},"end":{"line":7,"column":217}},"6":{"start":{"line":8,"column":28},"end":{"line":8,"column":188}},"7":{"start":{"line":9,"column":31},"end":{"line":9,"column":188}},"8":{"start":{"line":10,"column":37},"end":{"line":10,"column":207}},"9":{"start":{"line":11,"column":41},"end":{"line":11,"column":216}},"10":{"start":{"line":12,"column":26},"end":{"line":12,"column":183}},"11":{"start":{"line":13,"column":29},"end":{"line":13,"column":190}},"12":{"start":{"line":14,"column":30},"end":{"line":14,"column":192}},"13":{"start":{"line":15,"column":34},"end":{"line":15,"column":200}},"14":{"start":{"line":16,"column":29},"end":{"line":16,"column":190}},"15":{"start":{"line":17,"column":27},"end":{"line":17,"column":185}},"16":{"start":{"line":18,"column":32},"end":{"line":18,"column":196}},"17":{"start":{"line":19,"column":30},"end":{"line":19,"column":194}},"18":{"start":{"line":20,"column":33},"end":{"line":20,"column":199}},"19":{"start":{"line":21,"column":26},"end":{"line":21,"column":183}},"20":{"start":{"line":22,"column":29},"end":{"line":22,"column":190}},"21":{"start":{"line":23,"column":32},"end":{"line":23,"column":196}},"22":{"start":{"line":24,"column":24},"end":{"line":24,"column":179}},"23":{"start":{"line":25,"column":28},"end":{"line":25,"column":192}},"24":{"start":{"line":26,"column":31},"end":{"line":26,"column":194}},"25":{"start":{"line":27,"column":32},"end":{"line":27,"column":196}},"26":{"start":{"line":28,"column":29},"end":{"line":28,"column":190}},"27":{"start":{"line":29,"column":28},"end":{"line":29,"column":188}},"28":{"start":{"line":30,"column":25},"end":{"line":30,"column":181}},"29":{"start":{"line":31,"column":27},"end":{"line":31,"column":195}},"30":{"start":{"line":32,"column":33},"end":{"line":32,"column":204}},"31":{"start":{"line":33,"column":28},"end":{"line":33,"column":192}},"32":{"start":{"line":34,"column":27},"end":{"line":34,"column":189}},"33":{"start":{"line":35,"column":20},"end":{"line":35,"column":175}},"34":{"start":{"line":36,"column":33},"end":{"line":36,"column":202}},"35":{"start":{"line":37,"column":21},"end":{"line":37,"column":182}},"36":{"start":{"line":38,"column":27},"end":{"line":38,"column":189}},"37":{"start":{"line":39,"column":20},"end":{"line":39,"column":175}},"38":{"start":{"line":40,"column":23},"end":{"line":40,"column":182}},"39":{"start":{"line":41,"column":27},"end":{"line":41,"column":185}},"40":{"start":{"line":42,"column":28},"end":{"line":42,"column":186}},"41":{"start":{"line":43,"column":28},"end":{"line":43,"column":192}},"42":{"start":{"line":44,"column":25},"end":{"line":44,"column":185}},"43":{"start":{"line":45,"column":26},"end":{"line":45,"column":188}},"44":{"start":{"line":46,"column":33},"end":{"line":46,"column":198}},"45":{"start":{"line":47,"column":28},"end":{"line":47,"column":192}},"46":{"start":{"line":48,"column":29},"end":{"line":48,"column":190}},"47":{"start":{"line":49,"column":30},"end":{"line":49,"column":194}},"48":{"start":{"line":50,"column":34},"end":{"line":50,"column":205}},"49":{"start":{"line":51,"column":29},"end":{"line":51,"column":190}},"50":{"start":{"line":52,"column":27},"end":{"line":52,"column":190}},"51":{"start":{"line":53,"column":28},"end":{"line":53,"column":186}},"52":{"start":{"line":54,"column":27},"end":{"line":54,"column":189}},"53":{"start":{"line":55,"column":24},"end":{"line":55,"column":183}},"54":{"start":{"line":56,"column":24},"end":{"line":56,"column":176}},"55":{"start":{"line":57,"column":29},"end":{"line":57,"column":195}},"56":{"start":{"line":58,"column":29},"end":{"line":58,"column":186}},"57":{"start":{"line":59,"column":26},"end":{"line":59,"column":180}},"58":{"start":{"line":60,"column":26},"end":{"line":60,"column":180}},"59":{"start":{"line":61,"column":25},"end":{"line":61,"column":194}},"60":{"start":{"line":62,"column":25},"end":{"line":62,"column":194}},"61":{"start":{"line":63,"column":28},"end":{"line":63,"column":191}},"62":{"start":{"line":64,"column":23},"end":{"line":64,"column":181}}},"fnMap":{},"branchMap":{},"s":{"0":104,"1":104,"2":104,"3":104,"4":104,"5":104,"6":104,"7":104,"8":104,"9":104,"10":104,"11":104,"12":104,"13":104,"14":104,"15":104,"16":104,"17":104,"18":104,"19":104,"20":104,"21":104,"22":104,"23":104,"24":104,"25":104,"26":104,"27":104,"28":104,"29":104,"30":104,"31":104,"32":104,"33":104,"34":104,"35":104,"36":104,"37":104,"38":104,"39":104,"40":104,"41":104,"42":104,"43":104,"44":104,"45":104,"46":104,"47":104,"48":104,"49":104,"50":104,"51":104,"52":104,"53":104,"54":104,"55":104,"56":104,"57":104,"58":104,"59":104,"60":104,"61":104,"62":104},"f":{},"b":{},"_coverageSchema":"332fd63041d2c1bcb487cc26dd0d5f7d97098a6c","hash":"79144450a5fa2f522049ae107cbe213b88c289dc"}
}
