TN:
SF:/Users/jameswafula/Documents/converge/mrm_front/src/components/index.js
FNF:0
FNH:0
LF:0
LH:0
BRF:0
BRH:0
end_of_record
TN:
SF:/Users/jameswafula/Documents/converge/mrm_front/src/components/blocks/AddBlockMenu.js
FN:10,(anonymous_0)
FN:16,(anonymous_1)
FN:24,(anonymous_2)
FN:25,(anonymous_3)
FNF:4
FNH:4
FNDA:1,(anonymous_0)
FNDA:1,(anonymous_1)
FNDA:2,(anonymous_2)
FNDA:2,(anonymous_3)
DA:10,4
DA:11,1
DA:16,4
DA:17,1
DA:18,1
DA:24,2
DA:26,2
DA:38,4
DA:40,4
DA:54,4
LF:10
LH:10
BRDA:23,0,0,1
BRDA:23,0,1,1
BRDA:23,0,2,1
BRDA:38,1,0,4
BRDA:38,1,1,4
BRF:5
BRH:5
end_of_record
TN:
SF:/Users/jameswafula/Documents/converge/mrm_front/src/components/blocks/BlockActions.js
FN:18,(anonymous_0)
FN:22,(anonymous_1)
FN:27,(anonymous_2)
FN:31,(anonymous_3)
FN:46,(anonymous_4)
FN:56,(anonymous_5)
FN:64,(anonymous_6)
FN:77,(anonymous_7)
FN:87,(anonymous_8)
FN:95,(anonymous_9)
FN:110,(anonymous_10)
FN:119,(anonymous_11)
FN:133,(anonymous_12)
FN:139,(anonymous_13)
FN:194,(anonymous_14)
FNF:15
FNH:15
FNDA:7,(anonymous_0)
FNDA:1,(anonymous_1)
FNDA:1,(anonymous_2)
FNDA:3,(anonymous_3)
FNDA:1,(anonymous_4)
FNDA:1,(anonymous_5)
FNDA:3,(anonymous_6)
FNDA:1,(anonymous_7)
FNDA:1,(anonymous_8)
FNDA:3,(anonymous_9)
FNDA:1,(anonymous_10)
FNDA:1,(anonymous_11)
FNDA:12,(anonymous_12)
FNDA:71,(anonymous_13)
FNDA:2,(anonymous_14)
DA:19,7
DA:23,1
DA:24,1
DA:28,1
DA:32,3
DA:33,3
DA:34,3
DA:35,3
DA:36,1
DA:38,2
DA:39,2
DA:47,1
DA:48,1
DA:49,1
DA:50,1
DA:57,1
DA:58,1
DA:59,1
DA:65,3
DA:66,3
DA:67,3
DA:68,1
DA:70,2
DA:71,2
DA:78,1
DA:79,1
DA:80,1
DA:81,1
DA:88,1
DA:89,1
DA:90,1
DA:96,3
DA:97,3
DA:98,3
DA:99,3
DA:100,1
DA:102,2
DA:103,2
DA:111,1
DA:112,1
DA:113,1
DA:120,1
DA:121,1
DA:122,1
DA:134,12
DA:140,71
DA:143,71
DA:144,71
DA:145,1
DA:155,70
DA:170,7
DA:190,7
LF:52
LH:52
BRDA:28,0,0,1
BRDA:28,0,1,1
BRDA:35,1,0,1
BRDA:35,1,1,2
BRDA:67,2,0,1
BRDA:67,2,1,2
BRDA:67,3,0,3
BRDA:67,3,1,3
BRDA:99,4,0,1
BRDA:99,4,1,2
BRDA:144,5,0,1
BRDA:144,5,1,70
BRDA:160,6,0,1
BRDA:160,6,1,69
BRDA:163,7,0,1
BRDA:163,7,1,69
BRF:16
BRH:16
end_of_record
TN:
SF:/Users/jameswafula/Documents/converge/mrm_front/src/components/blocks/BlockModal.js
FN:7,(anonymous_0)
FNF:1
FNH:1
FNDA:20,(anonymous_0)
DA:7,8
DA:8,20
DA:36,8
DA:54,8
LF:4
LH:4
BRDA:9,0,0,19
BRDA:9,0,1,1
BRDA:10,1,0,19
BRDA:10,1,1,1
BRDA:30,2,0,1
BRDA:30,2,1,19
BRF:6
BRH:6
end_of_record
TN:
SF:/Users/jameswafula/Documents/converge/mrm_front/src/components/blocks/BlockTbody.js
FN:5,(anonymous_0)
FN:12,(anonymous_1)
FN:15,(anonymous_2)
FNF:3
FNH:3
FNDA:1,(anonymous_0)
FNDA:1,(anonymous_1)
FNDA:1,(anonymous_2)
DA:5,4
DA:12,4
DA:13,1
DA:16,1
DA:21,4
DA:26,4
LF:6
LH:6
BRDA:14,0,0,1
BRDA:14,0,1,1
BRF:2
BRH:2
end_of_record
TN:
SF:/Users/jameswafula/Documents/converge/mrm_front/src/components/blocks/BlocksList.js
FN:18,(anonymous_0)
FN:79,(anonymous_1)
FNF:2
FNH:2
FNDA:8,(anonymous_0)
FNDA:2,(anonymous_1)
DA:18,3
DA:19,8
DA:20,8
DA:21,8
DA:22,8
DA:23,1
DA:25,7
DA:27,4
DA:28,4
DA:49,3
DA:70,3
DA:79,2
LF:12
LH:12
BRDA:20,0,0,8
BRDA:20,0,1,5
BRDA:20,0,2,4
BRDA:21,1,0,8
BRDA:21,1,1,6
BRDA:21,1,2,5
BRDA:22,2,0,1
BRDA:22,2,1,7
BRDA:22,3,0,8
BRDA:22,3,1,5
BRDA:25,4,0,3
BRDA:25,4,1,4
BRDA:27,5,0,1
BRDA:27,5,1,3
BRDA:32,6,0,4
BRDA:32,6,1,2
BRDA:37,7,0,2
BRDA:37,7,1,2
BRDA:70,8,0,3
BRDA:70,8,1,3
BRF:20
BRH:20
end_of_record
TN:
SF:/Users/jameswafula/Documents/converge/mrm_front/src/components/blocks/DeleteBlockModal.js
FN:6,(anonymous_0)
FNF:1
FNH:1
FNDA:2,(anonymous_0)
DA:6,8
DA:7,2
DA:30,8
DA:42,8
LF:4
LH:4
BRF:0
BRH:0
end_of_record
TN:
SF:/Users/jameswafula/Documents/converge/mrm_front/src/components/blocks/SingleBlockDetails.js
FN:6,(anonymous_0)
FNF:1
FNH:1
FNDA:1,(anonymous_0)
DA:6,5
DA:7,1
DA:8,1
DA:21,5
DA:35,5
LF:5
LH:5
BRF:0
BRH:0
end_of_record
TN:
SF:/Users/jameswafula/Documents/converge/mrm_front/src/components/centers/AddCenter.js
FN:32,(anonymous_0)
FN:43,(anonymous_1)
FN:52,(anonymous_2)
FN:62,(anonymous_3)
FN:71,(anonymous_4)
FN:73,(anonymous_5)
FN:88,(anonymous_6)
FN:98,(anonymous_7)
FN:111,(anonymous_8)
FN:124,(anonymous_9)
FN:139,(anonymous_10)
FNF:11
FNH:11
FNDA:4,(anonymous_0)
FNDA:1,(anonymous_1)
FNDA:1,(anonymous_2)
FNDA:3,(anonymous_3)
FNDA:24,(anonymous_4)
FNDA:693,(anonymous_5)
FNDA:2,(anonymous_6)
FNDA:1,(anonymous_7)
FNDA:8,(anonymous_8)
FNDA:5,(anonymous_9)
FNDA:23,(anonymous_10)
DA:33,4
DA:44,1
DA:45,1
DA:53,1
DA:65,3
DA:67,3
DA:68,3
DA:69,3
DA:71,3
DA:72,24
DA:73,693
DA:77,3
DA:78,3
DA:79,3
DA:89,2
DA:90,2
DA:95,2
DA:96,2
DA:99,1
DA:100,1
DA:101,1
DA:112,8
DA:125,5
DA:128,5
DA:129,5
DA:130,1
DA:131,4
DA:132,2
DA:134,2
DA:135,2
DA:143,23
DA:144,23
DA:183,4
DA:190,4
LF:34
LH:34
BRDA:53,0,0,1
BRDA:53,0,1,1
BRDA:72,1,0,3
BRDA:72,1,1,21
BRDA:129,2,0,1
BRDA:129,2,1,4
BRDA:131,3,0,2
BRDA:131,3,1,2
BRDA:190,4,0,4
BRDA:190,4,1,4
BRF:10
BRH:10
end_of_record
TN:
SF:/Users/jameswafula/Documents/converge/mrm_front/src/components/centers/Center.js
FN:10,(anonymous_0)
FNF:1
FNH:1
FNDA:1,(anonymous_0)
DA:10,4
DA:13,1
DA:14,1
DA:15,1
DA:36,4
LF:5
LH:5
BRF:0
BRH:0
end_of_record
TN:
SF:/Users/jameswafula/Documents/converge/mrm_front/src/components/centers/CenterList.js
FN:16,(anonymous_0)
FN:41,(anonymous_1)
FNF:2
FNH:2
FNDA:4,(anonymous_0)
FNDA:1,(anonymous_1)
DA:16,3
DA:19,4
DA:20,4
DA:22,4
DA:23,1
DA:25,3
DA:26,3
DA:42,1
DA:55,3
DA:67,3
DA:73,3
LF:11
LH:11
BRDA:22,0,0,1
BRDA:22,0,1,3
BRDA:25,1,0,1
BRDA:25,1,1,2
BRDA:25,2,0,3
BRDA:25,2,1,1
BRDA:33,3,0,2
BRDA:33,3,1,1
BRDA:34,4,0,1
BRDA:34,4,1,1
BRDA:40,5,0,1
BRDA:40,5,1,1
BRDA:73,6,0,3
BRDA:73,6,1,3
BRF:14
BRH:14
end_of_record
TN:
SF:/Users/jameswafula/Documents/converge/mrm_front/src/components/centers/DeleteCenter.js
FN:37,(anonymous_0)
FN:46,(anonymous_1)
FN:55,(anonymous_2)
FN:65,(anonymous_3)
FN:71,(anonymous_4)
FN:84,(anonymous_5)
FN:90,(anonymous_6)
FN:120,(anonymous_7)
FNF:8
FNH:8
FNDA:3,(anonymous_0)
FNDA:1,(anonymous_1)
FNDA:2,(anonymous_2)
FNDA:1,(anonymous_3)
FNDA:1,(anonymous_4)
FNDA:4,(anonymous_5)
FNDA:13,(anonymous_6)
FNDA:1,(anonymous_7)
DA:38,3
DA:47,1
DA:58,2
DA:59,2
DA:60,2
DA:66,1
DA:67,1
DA:68,1
DA:69,1
DA:72,1
DA:73,1
DA:74,1
DA:85,4
DA:91,13
DA:93,13
DA:119,5
LF:16
LH:16
BRDA:47,0,0,1
BRDA:47,0,1,1
BRF:2
BRH:2
end_of_record
TN:
SF:/Users/jameswafula/Documents/converge/mrm_front/src/components/centers/EditCenter.js
FN:29,(anonymous_0)
FN:41,(anonymous_1)
FN:50,(anonymous_2)
FN:60,(anonymous_3)
FN:69,(anonymous_4)
FN:71,(anonymous_5)
FN:87,(anonymous_6)
FN:97,(anonymous_7)
FN:112,(anonymous_8)
FN:124,(anonymous_9)
FN:139,(anonymous_10)
FNF:11
FNH:11
FNDA:3,(anonymous_0)
FNDA:1,(anonymous_1)
FNDA:1,(anonymous_2)
FNDA:2,(anonymous_3)
FNDA:16,(anonymous_4)
FNDA:462,(anonymous_5)
FNDA:1,(anonymous_6)
FNDA:1,(anonymous_7)
FNDA:8,(anonymous_8)
FNDA:4,(anonymous_9)
FNDA:21,(anonymous_10)
DA:30,3
DA:42,1
DA:43,1
DA:51,1
DA:63,2
DA:65,2
DA:66,2
DA:67,2
DA:69,2
DA:70,16
DA:71,462
DA:75,2
DA:76,2
DA:77,2
DA:78,2
DA:88,1
DA:89,1
DA:94,1
DA:95,1
DA:98,1
DA:99,1
DA:100,1
DA:101,1
DA:103,2
DA:113,8
DA:125,4
DA:128,4
DA:129,4
DA:130,1
DA:131,3
DA:132,1
DA:134,2
DA:135,2
DA:143,21
DA:145,21
DA:183,5
DA:194,5
DA:202,5
LF:38
LH:38
BRDA:51,0,0,1
BRDA:51,0,1,1
BRDA:70,1,0,2
BRDA:70,1,1,14
BRDA:129,2,0,1
BRDA:129,2,1,3
BRDA:131,3,0,1
BRDA:131,3,1,2
BRDA:202,4,0,5
BRDA:202,4,1,5
BRF:10
BRH:10
end_of_record
TN:
SF:/Users/jameswafula/Documents/converge/mrm_front/src/components/devices/Device.js
FN:12,(anonymous_0)
FNF:1
FNH:1
FNDA:2,(anonymous_0)
DA:12,6
DA:17,2
DA:26,6
LF:3
LH:3
BRF:0
BRH:0
end_of_record
TN:
SF:/Users/jameswafula/Documents/converge/mrm_front/src/components/devices/DeviceList.js
FN:7,(anonymous_0)
FN:14,(anonymous_1)
FNF:2
FNH:2
FNDA:20,(anonymous_0)
FNDA:1,(anonymous_1)
DA:7,20
DA:14,5
DA:15,1
LF:3
LH:3
BRF:0
BRH:0
end_of_record
TN:
SF:/Users/jameswafula/Documents/converge/mrm_front/src/components/floors/AddFloor.js
FN:50,(anonymous_0)
FN:63,(anonymous_1)
FN:74,(anonymous_2)
FN:84,(anonymous_3)
FN:99,(anonymous_4)
FN:116,(anonymous_5)
FN:126,(anonymous_6)
FN:139,(anonymous_7)
FNF:8
FNH:8
FNDA:4,(anonymous_0)
FNDA:1,(anonymous_1)
FNDA:1,(anonymous_2)
FNDA:6,(anonymous_3)
FNDA:5,(anonymous_4)
FNDA:2,(anonymous_5)
FNDA:1,(anonymous_6)
FNDA:20,(anonymous_7)
DA:51,4
DA:64,1
DA:65,1
DA:75,1
DA:85,6
DA:100,5
DA:101,5
DA:102,5
DA:103,5
DA:104,1
DA:105,4
DA:106,1
DA:108,3
DA:109,3
DA:117,2
DA:118,2
DA:119,2
DA:124,2
DA:127,1
DA:128,1
DA:129,1
DA:142,20
DA:143,20
DA:144,20
LF:24
LH:24
BRDA:75,0,0,1
BRDA:75,0,1,1
BRDA:103,1,0,1
BRDA:103,1,1,4
BRDA:105,2,0,1
BRDA:105,2,1,3
BRDA:105,3,0,4
BRDA:105,3,1,2
BRDA:113,4,0,3
BRDA:113,4,1,1
BRDA:162,5,0,20
BRDA:162,5,1,15
BRF:12
BRH:12
end_of_record
TN:
SF:/Users/jameswafula/Documents/converge/mrm_front/src/components/floors/AddFloorMenu.js
FN:21,(anonymous_0)
FN:53,(anonymous_1)
FN:58,(anonymous_2)
FN:60,(anonymous_3)
FN:74,(anonymous_4)
FNF:5
FNH:5
FNDA:4,(anonymous_0)
FNDA:4,(anonymous_1)
FNDA:1,(anonymous_2)
FNDA:1,(anonymous_3)
FNDA:4,(anonymous_4)
DA:14,4
DA:21,4
DA:22,4
DA:54,4
DA:55,4
DA:56,4
DA:57,2
DA:58,1
DA:59,1
DA:61,1
DA:75,4
DA:85,4
DA:91,4
LF:13
LH:13
BRDA:14,0,0,4
BRDA:14,0,1,4
BRDA:56,1,0,2
BRDA:56,1,1,2
BRDA:57,2,0,1
BRDA:57,2,1,1
BRDA:65,3,0,1
BRDA:65,3,1,1
BRF:8
BRH:8
end_of_record
TN:
SF:/Users/jameswafula/Documents/converge/mrm_front/src/components/floors/DeleteFloor.js
FN:29,(anonymous_0)
FN:38,(anonymous_1)
FN:49,(anonymous_2)
FN:58,(anonymous_3)
FN:68,(anonymous_4)
FN:81,(anonymous_5)
FN:87,(anonymous_6)
FNF:7
FNH:7
FNDA:3,(anonymous_0)
FNDA:1,(anonymous_1)
FNDA:2,(anonymous_2)
FNDA:1,(anonymous_3)
FNDA:1,(anonymous_4)
FNDA:4,(anonymous_5)
FNDA:12,(anonymous_6)
DA:30,3
DA:39,1
DA:50,2
DA:51,2
DA:52,2
DA:59,1
DA:60,1
DA:61,1
DA:66,1
DA:69,1
DA:70,1
DA:71,1
DA:82,4
DA:88,12
DA:90,12
DA:117,5
LF:16
LH:16
BRDA:39,0,0,1
BRDA:39,0,1,1
BRF:2
BRH:2
end_of_record
TN:
SF:/Users/jameswafula/Documents/converge/mrm_front/src/components/floors/EditFloor.js
FN:33,(anonymous_0)
FN:42,(anonymous_1)
FN:51,(anonymous_2)
FN:62,(anonymous_3)
FN:73,(anonymous_4)
FN:76,(anonymous_5)
FN:82,(anonymous_6)
FNF:7
FNH:7
FNDA:1,(anonymous_0)
FNDA:3,(anonymous_1)
FNDA:1,(anonymous_2)
FNDA:2,(anonymous_3)
FNDA:1,(anonymous_4)
FNDA:1,(anonymous_5)
FNDA:9,(anonymous_6)
DA:34,1
DA:43,3
DA:52,1
DA:63,2
DA:64,2
DA:66,2
DA:74,1
DA:77,1
DA:79,2
DA:83,9
DA:85,9
DA:117,5
LF:12
LH:12
BRDA:52,0,0,1
BRDA:52,0,1,1
BRF:2
BRH:2
end_of_record
TN:
SF:/Users/jameswafula/Documents/converge/mrm_front/src/components/floors/Floor.js
FN:13,(anonymous_0)
FNF:1
FNH:1
FNDA:2,(anonymous_0)
DA:13,4
DA:14,2
DA:30,4
LF:3
LH:3
BRF:0
BRH:0
end_of_record
TN:
SF:/Users/jameswafula/Documents/converge/mrm_front/src/components/floors/FloorList.js
FN:29,(anonymous_0)
FN:39,(anonymous_1)
FN:54,(anonymous_2)
FN:78,(anonymous_3)
FN:107,(anonymous_4)
FN:157,(anonymous_5)
FNF:6
FNH:6
FNDA:4,(anonymous_0)
FNDA:3,(anonymous_1)
FNDA:1,(anonymous_2)
FNDA:9,(anonymous_3)
FNDA:1,(anonymous_4)
FNDA:1,(anonymous_5)
DA:30,4
DA:31,4
DA:40,3
DA:41,3
DA:55,1
DA:79,9
DA:82,9
DA:83,9
DA:85,9
DA:86,3
DA:89,6
DA:90,6
DA:91,5
DA:108,1
DA:132,3
DA:153,3
DA:157,1
LF:17
LH:17
BRDA:85,0,0,3
BRDA:85,0,1,6
BRDA:89,1,0,2
BRDA:89,1,1,4
BRDA:90,2,0,1
BRDA:90,2,1,5
BRDA:90,3,0,6
BRDA:90,3,1,2
BRDA:95,4,0,1
BRDA:95,4,1,4
BRDA:101,5,0,1
BRDA:101,5,1,4
BRDA:102,6,0,4
BRDA:102,6,1,1
BRDA:106,7,0,4
BRDA:106,7,1,4
BRDA:116,8,0,5
BRDA:116,8,1,4
BRDA:153,9,0,3
BRDA:153,9,1,3
BRF:20
BRH:20
end_of_record
TN:
SF:/Users/jameswafula/Documents/converge/mrm_front/src/components/offices/AddOffice.js
FN:46,(anonymous_0)
FN:58,(anonymous_1)
FN:69,(anonymous_2)
FN:83,(anonymous_3)
FN:99,(anonymous_4)
FN:109,(anonymous_5)
FN:123,(anonymous_6)
FN:129,(anonymous_7)
FNF:8
FNH:8
FNDA:5,(anonymous_0)
FNDA:1,(anonymous_1)
FNDA:1,(anonymous_2)
FNDA:4,(anonymous_3)
FNDA:1,(anonymous_4)
FNDA:1,(anonymous_5)
FNDA:4,(anonymous_6)
FNDA:19,(anonymous_7)
DA:47,5
DA:59,1
DA:60,1
DA:70,1
DA:84,4
DA:85,4
DA:86,4
DA:87,1
DA:88,3
DA:89,1
DA:91,2
DA:92,2
DA:100,1
DA:101,1
DA:102,1
DA:103,1
DA:110,1
DA:111,1
DA:112,1
DA:124,4
DA:132,19
DA:133,19
DA:134,19
LF:23
LH:23
BRDA:70,0,0,1
BRDA:70,0,1,1
BRDA:86,1,0,1
BRDA:86,1,1,3
BRDA:88,2,0,1
BRDA:88,2,1,2
BRF:6
BRH:6
end_of_record
TN:
SF:/Users/jameswafula/Documents/converge/mrm_front/src/components/offices/DeleteOffice.js
FN:31,(anonymous_0)
FN:40,(anonymous_1)
FN:49,(anonymous_2)
FN:57,(anonymous_3)
FN:64,(anonymous_4)
FN:77,(anonymous_5)
FN:83,(anonymous_6)
FN:120,(anonymous_7)
FN:127,(anonymous_8)
FNF:9
FNH:9
FNDA:3,(anonymous_0)
FNDA:1,(anonymous_1)
FNDA:2,(anonymous_2)
FNDA:1,(anonymous_3)
FNDA:1,(anonymous_4)
FNDA:4,(anonymous_5)
FNDA:12,(anonymous_6)
FNDA:1,(anonymous_7)
FNDA:1,(anonymous_8)
DA:32,3
DA:41,1
DA:50,2
DA:51,2
DA:52,2
DA:58,1
DA:59,1
DA:60,1
DA:61,1
DA:62,1
DA:65,1
DA:66,1
DA:67,1
DA:78,4
DA:84,12
DA:86,12
DA:112,5
DA:119,5
DA:127,1
LF:19
LH:19
BRDA:41,0,0,1
BRDA:41,0,1,1
BRF:2
BRH:2
end_of_record
TN:
SF:/Users/jameswafula/Documents/converge/mrm_front/src/components/offices/EditOffice.js
FN:37,(anonymous_0)
FN:46,(anonymous_1)
FN:55,(anonymous_2)
FN:66,(anonymous_3)
FN:78,(anonymous_4)
FN:86,(anonymous_5)
FN:102,(anonymous_6)
FN:108,(anonymous_7)
FN:169,(anonymous_8)
FN:176,(anonymous_9)
FNF:10
FNH:10
FNDA:1,(anonymous_0)
FNDA:5,(anonymous_1)
FNDA:1,(anonymous_2)
FNDA:2,(anonymous_3)
FNDA:1,(anonymous_4)
FNDA:1,(anonymous_5)
FNDA:4,(anonymous_6)
FNDA:17,(anonymous_7)
FNDA:1,(anonymous_8)
FNDA:1,(anonymous_9)
DA:38,1
DA:47,5
DA:56,1
DA:67,2
DA:68,2
DA:69,2
DA:70,2
DA:71,2
DA:79,1
DA:81,1
DA:82,1
DA:87,1
DA:88,1
DA:89,1
DA:92,1
DA:103,4
DA:111,17
DA:113,17
DA:159,5
DA:168,5
DA:176,1
LF:21
LH:21
BRDA:56,0,0,1
BRDA:56,0,1,1
BRF:2
BRH:2
end_of_record
TN:
SF:/Users/jameswafula/Documents/converge/mrm_front/src/components/offices/Office.js
FN:13,(anonymous_0)
FNF:1
FNH:1
FNDA:3,(anonymous_0)
DA:13,4
DA:14,3
DA:15,3
DA:16,1
DA:18,2
DA:20,3
DA:47,4
DA:60,4
LF:8
LH:8
BRDA:15,0,0,1
BRDA:15,0,1,2
BRF:2
BRH:2
end_of_record
TN:
SF:/Users/jameswafula/Documents/converge/mrm_front/src/components/offices/OfficeList.js
FN:31,(anonymous_0)
FN:41,(anonymous_1)
FN:56,(anonymous_2)
FN:80,(anonymous_3)
FN:104,(anonymous_4)
FN:170,(anonymous_5)
FNF:6
FNH:6
FNDA:5,(anonymous_0)
FNDA:3,(anonymous_1)
FNDA:1,(anonymous_2)
FNDA:10,(anonymous_3)
FNDA:4,(anonymous_4)
FNDA:2,(anonymous_5)
DA:32,5
DA:33,5
DA:42,3
DA:43,3
DA:57,1
DA:81,10
DA:82,10
DA:85,10
DA:86,10
DA:87,9
DA:89,6
DA:91,6
DA:105,4
DA:135,3
DA:151,3
DA:166,3
DA:170,2
LF:17
LH:17
BRDA:86,0,0,1
BRDA:86,0,1,9
BRDA:86,1,0,10
BRDA:86,1,1,2
BRDA:87,2,0,3
BRDA:87,2,1,6
BRDA:89,3,0,5
BRDA:89,3,1,1
BRDA:93,4,0,1
BRDA:93,4,1,5
BRDA:98,5,0,1
BRDA:98,5,1,5
BRDA:99,6,0,5
BRDA:99,6,1,1
BRDA:103,7,0,5
BRDA:103,7,1,4
BRDA:119,8,0,6
BRDA:119,8,1,5
BRDA:166,9,0,3
BRDA:166,9,1,3
BRF:20
BRH:20
end_of_record
TN:
SF:/Users/jameswafula/Documents/converge/mrm_front/src/components/people/People.js
FN:12,(anonymous_0)
FN:23,(anonymous_1)
FN:33,(anonymous_2)
FN:36,(anonymous_3)
FN:44,(anonymous_4)
FN:63,(anonymous_5)
FN:70,(anonymous_6)
FNF:7
FNH:7
FNDA:11,(anonymous_0)
FNDA:11,(anonymous_1)
FNDA:2,(anonymous_2)
FNDA:1,(anonymous_3)
FNDA:1,(anonymous_4)
FNDA:22,(anonymous_5)
FNDA:2,(anonymous_6)
DA:12,11
DA:23,6
DA:33,11
DA:34,2
DA:35,2
DA:37,1
DA:42,1
DA:45,1
DA:48,11
DA:64,22
DA:70,2
DA:80,6
LF:12
LH:12
BRDA:66,0,0,11
BRDA:66,0,1,11
BRF:2
BRH:2
end_of_record
TN:
SF:/Users/jameswafula/Documents/converge/mrm_front/src/components/people/PeopleList.js
FN:24,(anonymous_0)
FN:37,(anonymous_1)
FN:55,(anonymous_2)
FN:79,(anonymous_3)
FN:80,(anonymous_4)
FN:98,(anonymous_5)
FN:98,(anonymous_6)
FN:107,(anonymous_7)
FN:145,(anonymous_8)
FN:213,(anonymous_9)
FNF:10
FNH:10
FNDA:7,(anonymous_0)
FNDA:21,(anonymous_1)
FNDA:3,(anonymous_2)
FNDA:2,(anonymous_3)
FNDA:1,(anonymous_4)
FNDA:11,(anonymous_5)
FNDA:1,(anonymous_6)
FNDA:34,(anonymous_7)
FNDA:24,(anonymous_8)
FNDA:5,(anonymous_9)
DA:25,7
DA:26,7
DA:38,21
DA:39,21
DA:61,3
DA:62,3
DA:63,3
DA:79,2
DA:81,1
DA:82,1
DA:98,11
DA:99,1
DA:104,1
DA:108,34
DA:109,34
DA:110,34
DA:115,34
DA:120,34
DA:121,34
DA:122,15
DA:123,14
DA:146,24
DA:177,5
DA:213,5
LF:24
LH:24
BRDA:58,0,0,1
BRDA:59,1,0,1
BRDA:68,2,0,1
BRDA:68,2,1,2
BRDA:69,3,0,1
BRDA:69,3,1,2
BRDA:98,4,0,11
BRDA:121,5,0,19
BRDA:121,5,1,15
BRDA:121,6,0,34
BRDA:121,6,1,27
BRDA:121,6,2,21
BRDA:122,7,0,1
BRDA:122,7,1,14
BRDA:122,8,0,15
BRDA:122,8,1,7
BRDA:126,9,0,3
BRDA:126,9,1,11
BRDA:139,10,0,3
BRDA:139,10,1,11
BRDA:140,11,0,8
BRDA:140,11,1,6
BRDA:140,12,0,14
BRDA:140,12,1,8
BRDA:140,12,2,8
BRDA:144,13,0,8
BRDA:144,13,1,8
BRDA:161,14,0,14
BRDA:161,14,1,8
BRF:29
BRH:29
end_of_record
TN:
SF:/Users/jameswafula/Documents/converge/mrm_front/src/components/preference/emailTemplates/CancelledEvent.js
FN:11,(anonymous_0)
FNF:1
FNH:1
FNDA:1,(anonymous_0)
DA:11,1
DA:12,1
LF:2
LH:2
BRF:0
BRH:0
end_of_record
TN:
SF:/Users/jameswafula/Documents/converge/mrm_front/src/components/preference/eventCustomisation/checkInWindowSettings.js
FN:26,(anonymous_0)
FN:35,(anonymous_1)
FN:41,(anonymous_2)
FNF:3
FNH:3
FNDA:2,(anonymous_0)
FNDA:5,(anonymous_1)
FNDA:5,(anonymous_2)
DA:27,2
DA:36,5
DA:42,5
LF:3
LH:3
BRF:0
BRH:0
end_of_record
TN:
SF:/Users/jameswafula/Documents/converge/mrm_front/src/components/preference/notificationsSettings/DeviceNotifications.js
FN:22,(anonymous_0)
FN:27,(anonymous_1)
FN:32,(anonymous_2)
FN:34,(anonymous_3)
FNF:4
FNH:4
FNDA:7,(anonymous_0)
FNDA:9,(anonymous_1)
FNDA:2,(anonymous_2)
FNDA:2,(anonymous_3)
DA:23,7
DA:24,7
DA:25,7
DA:28,9
DA:33,2
DA:34,2
DA:35,2
LF:7
LH:7
BRF:0
BRH:0
end_of_record
TN:
SF:/Users/jameswafula/Documents/converge/mrm_front/src/components/preference/notificationsSettings/MeetingNotifications.js
FN:22,(anonymous_0)
FN:27,(anonymous_1)
FN:32,(anonymous_2)
FN:34,(anonymous_3)
FNF:4
FNH:4
FNDA:7,(anonymous_0)
FNDA:9,(anonymous_1)
FNDA:2,(anonymous_2)
FNDA:2,(anonymous_3)
DA:23,7
DA:24,7
DA:25,7
DA:28,9
DA:33,2
DA:34,2
DA:35,2
LF:7
LH:7
BRF:0
BRH:0
end_of_record
TN:
SF:/Users/jameswafula/Documents/converge/mrm_front/src/components/preference/notificationsSettings/NotificationSetting.js
FN:14,(anonymous_0)
FNF:1
FNH:1
FNDA:19,(anonymous_0)
DA:14,6
DA:17,19
DA:33,6
LF:3
LH:3
BRF:0
BRH:0
end_of_record
TN:
SF:/Users/jameswafula/Documents/converge/mrm_front/src/components/preference/notificationsSettings/NotificationSettingsList.js
FN:17,(anonymous_0)
FN:19,(anonymous_1)
FNF:2
FNH:2
FNDA:4,(anonymous_0)
FNDA:4,(anonymous_1)
DA:17,3
DA:18,4
DA:20,4
DA:21,2
DA:26,1
DA:27,1
LF:6
LH:6
BRDA:20,0,0,2
BRDA:20,0,1,2
BRDA:21,1,0,1
BRDA:21,1,1,1
BRF:4
BRH:4
end_of_record
TN:
SF:/Users/jameswafula/Documents/converge/mrm_front/src/components/setup/LevelsForm.js
FN:14,(anonymous_0)
FN:19,(anonymous_1)
FN:35,(anonymous_2)
FN:40,(anonymous_3)
FN:83,(anonymous_4)
FN:101,(anonymous_5)
FN:121,(anonymous_6)
FN:141,(anonymous_7)
FN:150,(anonymous_8)
FN:160,(anonymous_9)
FN:160,(anonymous_10)
FN:173,(anonymous_11)
FN:182,(anonymous_12)
FN:204,(anonymous_13)
FN:206,(anonymous_14)
FN:211,(anonymous_15)
FN:235,(anonymous_16)
FN:237,(anonymous_17)
FNF:18
FNH:18
FNDA:10,(anonymous_0)
FNDA:16,(anonymous_1)
FNDA:5,(anonymous_2)
FNDA:1,(anonymous_3)
FNDA:1,(anonymous_4)
FNDA:4,(anonymous_5)
FNDA:15,(anonymous_6)
FNDA:2,(anonymous_7)
FNDA:2,(anonymous_8)
FNDA:20,(anonymous_9)
FNDA:1,(anonymous_10)
FNDA:38,(anonymous_11)
FNDA:7,(anonymous_12)
FNDA:1,(anonymous_13)
FNDA:64,(anonymous_14)
FNDA:38,(anonymous_15)
FNDA:2,(anonymous_16)
FNDA:64,(anonymous_17)
DA:15,10
DA:20,16
DA:21,16
DA:23,16
DA:36,5
DA:37,5
DA:38,5
DA:40,5
DA:41,1
DA:42,1
DA:49,1
DA:52,5
DA:84,1
DA:85,1
DA:87,1
DA:88,1
DA:89,1
DA:102,4
DA:103,4
DA:104,4
DA:105,4
DA:106,4
DA:108,4
DA:109,1
DA:110,3
DA:111,1
DA:112,2
DA:113,1
DA:116,4
DA:122,15
DA:124,15
DA:125,15
DA:126,15
DA:128,15
DA:135,15
DA:142,2
DA:143,2
DA:144,2
DA:145,2
DA:147,2
DA:148,1
DA:150,2
DA:151,1
DA:152,1
DA:154,2
DA:157,2
DA:160,20
DA:161,1
DA:162,1
DA:163,1
DA:165,1
DA:166,1
DA:168,1
DA:174,38
DA:175,38
DA:176,38
DA:177,38
DA:178,20
DA:183,7
DA:204,1
DA:207,64
DA:208,64
DA:210,64
DA:212,38
DA:214,38
DA:238,64
DA:239,64
DA:241,64
LF:68
LH:68
BRDA:15,0,0,10
BRDA:15,0,1,4
BRDA:21,1,0,16
BRDA:21,1,1,4
BRDA:24,2,0,5
BRDA:24,2,1,11
BRDA:24,3,0,11
BRDA:24,3,1,4
BRDA:25,4,0,16
BRDA:25,4,1,5
BRDA:27,5,0,6
BRDA:27,5,1,10
BRDA:29,6,0,3
BRDA:29,6,1,13
BRDA:29,7,0,13
BRDA:29,7,1,6
BRDA:30,8,0,6
BRDA:30,8,1,10
BRDA:30,9,0,1
BRDA:30,9,1,9
BRDA:30,10,0,10
BRDA:30,10,1,2
BRDA:37,11,0,5
BRDA:52,12,0,4
BRDA:52,12,1,1
BRDA:56,13,0,4
BRDA:56,13,1,4
BRDA:56,13,2,4
BRDA:62,14,0,1
BRDA:87,15,0,1
BRDA:108,16,0,1
BRDA:108,16,1,3
BRDA:109,17,0,1
BRDA:109,17,1,1
BRDA:110,18,0,1
BRDA:110,18,1,2
BRDA:111,19,0,1
BRDA:111,19,1,1
BRDA:112,20,0,1
BRDA:112,20,1,1
BRDA:113,21,0,1
BRDA:113,21,1,1
BRDA:128,22,0,8
BRDA:128,22,1,7
BRDA:130,23,0,8
BRDA:130,23,1,7
BRDA:130,23,2,6
BRDA:147,24,0,1
BRDA:147,24,1,1
BRDA:165,25,0,1
BRDA:166,26,0,1
BRDA:175,27,0,38
BRDA:175,27,1,38
BRDA:177,28,0,20
BRDA:177,28,1,18
BRDA:179,29,0,7
BRDA:179,29,1,13
BRDA:179,30,0,20
BRDA:179,30,1,17
BRDA:179,30,2,16
BRDA:181,31,0,1
BRDA:181,31,1,6
BRDA:207,32,0,64
BRDA:207,32,1,31
BRDA:207,32,2,36
BRDA:208,33,0,46
BRDA:211,34,0,64
BRDA:211,34,1,42
BRDA:212,35,0,38
BRDA:212,35,1,24
BRDA:216,36,0,38
BRDA:223,37,0,38
BRDA:225,38,0,38
BRDA:225,38,1,28
BRDA:225,38,2,10
BRDA:239,39,0,64
BRDA:239,39,1,31
BRDA:239,39,2,36
BRDA:250,40,0,64
BRDA:250,40,1,45
BRDA:261,41,0,64
BRDA:261,41,1,42
BRF:82
BRH:82
end_of_record
TN:
SF:/Users/jameswafula/Documents/converge/mrm_front/src/components/setup/Setup.js
FN:19,(anonymous_0)
FN:28,(anonymous_1)
FN:40,(anonymous_2)
FN:40,(anonymous_3)
FN:73,(anonymous_4)
FN:98,(anonymous_5)
FNF:6
FNH:6
FNDA:1,(anonymous_0)
FNDA:2,(anonymous_1)
FNDA:4,(anonymous_2)
FNDA:4,(anonymous_3)
FNDA:15,(anonymous_4)
FNDA:15,(anonymous_5)
DA:20,1
DA:29,2
DA:30,1
DA:31,1
DA:32,1
DA:40,4
DA:41,4
DA:43,1
DA:46,1
DA:48,1
DA:51,1
DA:53,1
DA:56,1
DA:58,1
DA:74,15
DA:76,15
DA:77,6
DA:79,1
DA:81,1
DA:83,1
DA:85,3
DA:90,9
DA:99,15
DA:100,15
LF:24
LH:24
BRDA:31,0,0,1
BRDA:31,0,1,1
BRDA:41,1,0,1
BRDA:41,1,1,1
BRDA:41,1,2,1
BRDA:41,1,3,1
BRDA:76,2,0,6
BRDA:76,2,1,9
BRDA:77,3,0,1
BRDA:77,3,1,1
BRDA:77,3,2,1
BRDA:77,3,3,3
BRDA:85,4,0,2
BRDA:85,4,1,1
BRF:14
BRH:14
end_of_record
TN:
SF:/Users/jameswafula/Documents/converge/mrm_front/src/components/setup/SetupInfoPage.js
FN:6,(anonymous_0)
FNF:1
FNH:1
FNDA:1,(anonymous_0)
DA:6,3
DA:7,1
DA:20,3
LF:3
LH:3
BRF:0
BRH:0
end_of_record
TN:
SF:/Users/jameswafula/Documents/converge/mrm_front/src/components/setup/SetupLevel.js
FN:16,(anonymous_0)
FN:18,(anonymous_1)
FN:42,(anonymous_2)
FN:67,(anonymous_3)
FNF:4
FNH:4
FNDA:2,(anonymous_0)
FNDA:4,(anonymous_1)
FNDA:11,(anonymous_2)
FNDA:4,(anonymous_3)
DA:16,2
DA:19,4
DA:22,4
DA:23,4
DA:43,11
DA:68,4
LF:6
LH:6
BRDA:22,0,0,3
BRDA:22,0,1,1
BRDA:32,1,0,3
BRDA:32,1,1,1
BRDA:36,2,0,3
BRDA:36,2,1,1
BRDA:37,3,0,3
BRDA:37,3,1,1
BRDA:49,4,0,3
BRDA:49,4,1,1
BRDA:52,5,0,3
BRDA:52,5,1,1
BRF:12
BRH:12
end_of_record
TN:
SF:/Users/jameswafula/Documents/converge/mrm_front/src/components/setup/SetupNavbar.js
FN:13,(anonymous_0)
FN:16,(anonymous_1)
FNF:2
FNH:2
FNDA:2,(anonymous_0)
FNDA:10,(anonymous_1)
DA:13,3
DA:14,2
DA:16,2
DA:18,10
DA:29,2
DA:32,3
LF:6
LH:6
BRDA:22,0,0,1
BRDA:22,0,1,9
BRF:2
BRH:2
end_of_record
TN:
SF:/Users/jameswafula/Documents/converge/mrm_front/src/components/setup/StructurePreviewTree.js
FN:10,(anonymous_0)
FN:26,(anonymous_1)
FN:31,(anonymous_2)
FN:37,(anonymous_3)
FN:37,(anonymous_4)
FN:47,(anonymous_5)
FN:48,(anonymous_6)
FN:65,(anonymous_7)
FN:73,(anonymous_8)
FNF:9
FNH:9
FNDA:9,(anonymous_0)
FNDA:3,(anonymous_1)
FNDA:4,(anonymous_2)
FNDA:4,(anonymous_3)
FNDA:8,(anonymous_4)
FNDA:5,(anonymous_5)
FNDA:10,(anonymous_6)
FNDA:2,(anonymous_7)
FNDA:2,(anonymous_8)
DA:11,9
DA:13,9
DA:14,26
DA:15,6
DA:16,6
DA:18,1
DA:20,6
DA:23,9
DA:27,3
DA:28,3
DA:29,3
DA:31,2
DA:32,4
DA:37,8
DA:42,2
DA:44,1
DA:48,5
DA:49,10
DA:50,2
DA:57,8
DA:66,2
DA:74,2
DA:77,2
DA:78,1
DA:79,1
DA:81,2
DA:92,5
LF:27
LH:27
BRDA:14,0,0,6
BRDA:14,0,1,20
BRDA:16,1,0,1
BRDA:16,1,1,5
BRDA:29,2,0,2
BRDA:29,2,1,1
BRDA:37,3,0,4
BRDA:37,3,1,4
BRDA:40,4,0,4
BRDA:40,4,1,4
BRDA:48,5,0,5
BRDA:48,5,1,4
BRDA:49,6,0,2
BRDA:49,6,1,8
BRDA:77,7,0,1
BRDA:77,7,1,1
BRDA:77,8,0,2
BRDA:77,8,1,1
BRDA:84,9,0,2
BRDA:84,9,1,1
BRF:20
BRH:20
end_of_record
TN:
SF:/Users/jameswafula/Documents/converge/mrm_front/src/components/setup/WelcomePage.js
FN:15,(anonymous_0)
FN:23,(anonymous_1)
FN:30,(anonymous_2)
FNF:3
FNH:3
FNDA:1,(anonymous_0)
FNDA:3,(anonymous_1)
FNDA:4,(anonymous_2)
DA:16,1
DA:24,3
DA:25,2
DA:31,4
DA:32,4
DA:33,1
DA:39,3
DA:40,3
DA:64,3
DA:68,3
LF:10
LH:10
BRDA:32,0,0,1
BRDA:32,0,1,3
BRF:2
BRH:2
end_of_record
TN:
SF:/Users/jameswafula/Documents/converge/mrm_front/src/components/wing/DeleteWing.js
FN:30,(anonymous_0)
FN:39,(anonymous_1)
FN:48,(anonymous_2)
FN:57,(anonymous_3)
FN:63,(anonymous_4)
FN:76,(anonymous_5)
FN:82,(anonymous_6)
FNF:7
FNH:7
FNDA:3,(anonymous_0)
FNDA:1,(anonymous_1)
FNDA:2,(anonymous_2)
FNDA:1,(anonymous_3)
FNDA:1,(anonymous_4)
FNDA:4,(anonymous_5)
FNDA:11,(anonymous_6)
DA:31,3
DA:40,1
DA:49,2
DA:50,2
DA:51,2
DA:58,1
DA:59,1
DA:60,1
DA:61,1
DA:64,1
DA:65,1
DA:66,1
DA:77,4
DA:83,11
DA:84,11
DA:110,5
LF:16
LH:16
BRDA:40,0,0,1
BRDA:40,0,1,1
BRF:2
BRH:2
end_of_record
TN:
SF:/Users/jameswafula/Documents/converge/mrm_front/src/components/wing/EditWing.js
FN:36,(anonymous_0)
FN:45,(anonymous_1)
FN:54,(anonymous_2)
FN:65,(anonymous_3)
FN:75,(anonymous_4)
FN:79,(anonymous_5)
FN:95,(anonymous_6)
FN:100,(anonymous_7)
FNF:8
FNH:8
FNDA:1,(anonymous_0)
FNDA:5,(anonymous_1)
FNDA:1,(anonymous_2)
FNDA:2,(anonymous_3)
FNDA:1,(anonymous_4)
FNDA:1,(anonymous_5)
FNDA:4,(anonymous_6)
FNDA:16,(anonymous_7)
DA:37,1
DA:46,5
DA:55,1
DA:66,2
DA:67,2
DA:68,2
DA:69,2
DA:70,2
DA:76,1
DA:77,1
DA:78,1
DA:80,1
DA:81,1
DA:82,1
DA:85,1
DA:96,4
DA:101,16
DA:102,16
DA:135,5
LF:19
LH:19
BRDA:55,0,0,1
BRDA:55,0,1,1
BRF:2
BRH:2
end_of_record
TN:
SF:/Users/jameswafula/Documents/converge/mrm_front/src/components/wing/addWing.js
FN:35,(anonymous_0)
FN:47,(anonymous_1)
FN:58,(anonymous_2)
FN:67,(anonymous_3)
FN:83,(anonymous_4)
FN:92,(anonymous_5)
FN:106,(anonymous_6)
FN:113,(anonymous_7)
FN:121,(anonymous_8)
FN:180,(anonymous_9)
FNF:10
FNH:10
FNDA:5,(anonymous_0)
FNDA:1,(anonymous_1)
FNDA:1,(anonymous_2)
FNDA:4,(anonymous_3)
FNDA:1,(anonymous_4)
FNDA:1,(anonymous_5)
FNDA:4,(anonymous_6)
FNDA:21,(anonymous_7)
FNDA:7,(anonymous_8)
FNDA:1,(anonymous_9)
DA:36,5
DA:48,1
DA:49,1
DA:59,1
DA:68,4
DA:69,4
DA:70,4
DA:71,1
DA:72,3
DA:73,1
DA:75,2
DA:76,2
DA:84,1
DA:85,1
DA:86,1
DA:93,1
DA:94,1
DA:95,1
DA:107,4
DA:116,21
DA:117,21
DA:118,21
DA:120,21
DA:121,20
DA:122,7
DA:125,21
DA:165,4
DA:172,4
DA:180,1
LF:29
LH:29
BRDA:59,0,0,1
BRDA:59,0,1,1
BRDA:70,1,0,1
BRDA:70,1,1,3
BRDA:72,2,0,1
BRDA:72,2,1,2
BRDA:120,3,0,20
BRDA:120,3,1,1
BRDA:121,4,0,20
BRDA:121,4,1,7
BRDA:151,5,0,1
BRDA:151,5,1,20
BRF:12
BRH:12
end_of_record
TN:
SF:/Users/jameswafula/Documents/converge/mrm_front/src/components/wing/wingList.js
FN:27,(anonymous_0)
FN:28,(anonymous_1)
FN:37,(anonymous_2)
FNF:3
FNH:3
FNDA:1,(anonymous_0)
FNDA:1,(anonymous_1)
FNDA:3,(anonymous_2)
DA:18,3
DA:27,3
DA:28,1
DA:37,3
DA:38,3
DA:39,3
DA:40,1
DA:42,2
DA:65,3
DA:76,3
LF:10
LH:10
BRDA:18,0,0,3
BRDA:18,0,1,3
BRDA:27,1,0,1
BRDA:27,1,1,1
BRDA:39,2,0,1
BRDA:39,2,1,2
BRDA:47,3,0,1
BRDA:47,3,1,1
BRDA:47,4,0,2
BRDA:47,4,1,2
BRDA:50,5,0,1
BRDA:50,5,1,1
BRF:12
BRH:12
end_of_record
TN:
SF:/Users/jameswafula/Documents/converge/mrm_front/src/components/wing/wings.js
FN:13,(anonymous_0)
FNF:1
FNH:1
FNDA:2,(anonymous_0)
DA:13,4
DA:14,2
DA:25,4
LF:3
LH:3
BRDA:16,0,0,2
BRDA:16,0,1,2
BRDA:17,1,0,2
BRDA:17,1,1,2
BRF:4
BRH:4
end_of_record
TN:
SF:/Users/jameswafula/Documents/converge/mrm_front/src/containers/Analytics.js
FN:9,(anonymous_0)
FNF:1
FNH:1
FNDA:1,(anonymous_0)
DA:9,1
DA:10,1
LF:2
LH:2
BRF:0
BRH:0
end_of_record
TN:
SF:/Users/jameswafula/Documents/converge/mrm_front/src/containers/AnalyticsActivity.js
FN:18,(anonymous_0)
FN:22,(anonymous_1)
FN:42,(anonymous_2)
FN:50,(anonymous_3)
FN:52,(anonymous_4)
FN:56,(anonymous_5)
FN:88,(anonymous_6)
FN:97,(anonymous_7)
FNF:8
FNH:8
FNDA:5,(anonymous_0)
FNDA:5,(anonymous_1)
FNDA:8,(anonymous_2)
FNDA:9,(anonymous_3)
FNDA:36,(anonymous_4)
FNDA:54,(anonymous_5)
FNDA:9,(anonymous_6)
FNDA:10,(anonymous_7)
DA:19,5
DA:23,5
DA:24,5
DA:29,1
DA:32,5
DA:34,1
DA:38,1
DA:43,8
DA:44,8
DA:45,2
DA:51,9
DA:53,36
DA:57,54
DA:89,9
DA:98,10
DA:99,10
DA:100,8
DA:107,2
DA:108,1
DA:114,1
DA:123,4
LF:21
LH:21
BRDA:24,0,0,1
BRDA:24,0,1,4
BRDA:25,1,0,5
BRDA:25,1,1,2
BRDA:25,1,2,1
BRDA:32,2,0,1
BRDA:32,2,1,4
BRDA:54,3,0,4
BRDA:54,3,1,32
BRDA:62,4,0,9
BRDA:62,4,1,45
BRDA:99,5,0,8
BRDA:99,5,1,2
BRDA:99,6,0,10
BRDA:99,6,1,8
BRDA:107,7,0,1
BRDA:107,7,1,1
BRF:17
BRH:17
end_of_record
TN:
SF:/Users/jameswafula/Documents/converge/mrm_front/src/containers/AnalyticsOverview.js
FN:11,(anonymous_0)
FNF:1
FNH:1
FNDA:11,(anonymous_0)
DA:11,5
DA:12,11
DA:35,5
DA:46,5
LF:4
LH:4
BRF:0
BRH:0
end_of_record
TN:
SF:/Users/jameswafula/Documents/converge/mrm_front/src/containers/Preference.js
FN:11,(anonymous_0)
FNF:1
FNH:1
FNDA:1,(anonymous_0)
DA:11,1
DA:12,1
LF:2
LH:2
BRF:0
BRH:0
end_of_record
TN:
SF:/Users/jameswafula/Documents/converge/mrm_front/src/containers/RoomFeedbackPage.js
FN:23,(anonymous_0)
FN:39,(anonymous_1)
FN:41,(anonymous_2)
FN:47,(anonymous_3)
FNF:4
FNH:4
FNDA:1,(anonymous_0)
FNDA:1,(anonymous_1)
FNDA:1,(anonymous_2)
FNDA:2,(anonymous_3)
DA:24,1
DA:40,1
DA:41,1
DA:42,1
DA:43,1
DA:48,2
DA:49,2
LF:7
LH:7
BRDA:59,0,0,1
BRDA:59,0,1,1
BRDA:66,1,0,1
BRDA:66,1,1,1
BRDA:70,2,0,2
BRDA:70,2,1,1
BRDA:72,3,0,2
BRDA:72,3,1,1
BRDA:75,4,0,1
BRDA:75,4,1,1
BRDA:80,5,0,1
BRDA:80,5,1,1
BRF:12
BRH:12
end_of_record
TN:
SF:/Users/jameswafula/Documents/converge/mrm_front/src/containers/Settings.js
FN:7,(anonymous_0)
FNF:1
FNH:1
FNDA:1,(anonymous_0)
DA:7,1
DA:8,1
LF:2
LH:2
BRF:0
BRH:0
end_of_record
TN:
SF:/Users/jameswafula/Documents/converge/mrm_front/src/containers/Setup.js
FN:5,(anonymous_0)
FNF:1
FNH:1
FNDA:1,(anonymous_0)
DA:5,1
DA:6,1
LF:2
LH:2
BRF:0
BRH:0
end_of_record
TN:
SF:/Users/jameswafula/Documents/converge/mrm_front/src/fixtures/blocksData.js
FNF:0
FNH:0
DA:1,3
DA:13,3
LF:2
LH:2
BRF:0
BRH:0
end_of_record
TN:
SF:/Users/jameswafula/Documents/converge/mrm_front/src/fixtures/cities.js
FNF:0
FNH:0
DA:1,6
LF:1
LH:1
BRF:0
BRH:0
end_of_record
TN:
SF:/Users/jameswafula/Documents/converge/mrm_front/src/fixtures/countries.js
FNF:0
FNH:0
DA:1,6
LF:1
LH:1
BRF:0
BRH:0
end_of_record
TN:
SF:/Users/jameswafula/Documents/converge/mrm_front/src/fixtures/devices.js
FNF:0
FNH:0
DA:1,5
LF:1
LH:1
BRF:0
BRH:0
end_of_record
TN:
SF:/Users/jameswafula/Documents/converge/mrm_front/src/fixtures/donutChartColors.js
FNF:0
FNH:0
DA:1,6
DA:2,6
DA:3,6
LF:3
LH:3
BRF:0
BRH:0
end_of_record
TN:
SF:/Users/jameswafula/Documents/converge/mrm_front/src/fixtures/downloadString.js
FNF:0
FNH:0
DA:5,3
LF:1
LH:1
BRF:0
BRH:0
end_of_record
TN:
SF:/Users/jameswafula/Documents/converge/mrm_front/src/fixtures/graphColor.js
FNF:0
FNH:0
DA:1,8
LF:1
LH:1
BRF:0
BRH:0
end_of_record
TN:
SF:/Users/jameswafula/Documents/converge/mrm_front/src/fixtures/notificationSettings.js
FNF:0
FNH:0
DA:1,3
LF:1
LH:1
BRF:0
BRH:0
end_of_record
TN:
SF:/Users/jameswafula/Documents/converge/mrm_front/src/fixtures/officeData.js
FNF:0
FNH:0
DA:1,1
LF:1
LH:1
BRF:0
BRH:0
end_of_record
TN:
SF:/Users/jameswafula/Documents/converge/mrm_front/src/fixtures/pieChartColors.js
FNF:0
FNH:0
DA:1,8
DA:2,8
DA:3,8
LF:3
LH:3
BRF:0
BRH:0
end_of_record
TN:
SF:/Users/jameswafula/Documents/converge/mrm_front/src/fixtures/resourcesData.js
FNF:0
FNH:0
DA:3,3
DA:8,3
DA:14,3
DA:36,3
LF:4
LH:4
BRF:0
BRH:0
end_of_record
TN:
SF:/Users/jameswafula/Documents/converge/mrm_front/src/fixtures/roomFeedbackList.js
FNF:0
FNH:0
DA:1,1
LF:1
LH:1
BRF:0
BRH:0
end_of_record
TN:
SF:/Users/jameswafula/Documents/converge/mrm_front/src/fixtures/setupInfoPage.js
FNF:0
FNH:0
DA:1,5
DA:9,5
LF:2
LH:2
BRF:0
BRH:0
end_of_record
TN:
SF:/Users/jameswafula/Documents/converge/mrm_front/src/fixtures/setupNavBarData.js
FNF:0
FNH:0
DA:4,3
LF:1
LH:1
BRF:0
BRH:0
end_of_record
TN:
SF:/Users/jameswafula/Documents/converge/mrm_front/src/fixtures/user.js
FNF:0
FNH:0
DA:1,9
LF:1
LH:1
BRF:0
BRH:0
end_of_record
TN:
SF:/Users/jameswafula/Documents/converge/mrm_front/src/graphql/mappers/Floors.js
FN:1,(anonymous_0)
FNF:1
FNH:1
FNDA:1,(anonymous_0)
DA:1,3
LF:1
LH:1
BRF:0
BRH:0
end_of_record
TN:
SF:/Users/jameswafula/Documents/converge/mrm_front/src/graphql/mappers/Offices.js
FN:2,(anonymous_0)
FN:9,(anonymous_1)
FN:15,(anonymous_2)
FNF:3
FNH:3
FNDA:3,(anonymous_0)
FNDA:3,(anonymous_1)
FNDA:3,(anonymous_2)
DA:2,6
DA:3,3
DA:5,3
DA:6,3
DA:7,3
DA:9,3
DA:10,3
DA:14,3
DA:15,3
DA:18,3
LF:10
LH:10
BRF:0
BRH:0
end_of_record
TN:
SF:/Users/jameswafula/Documents/converge/mrm_front/src/graphql/mappers/People.js
FN:15,(anonymous_0)
FNF:1
FNH:1
FNDA:24,(anonymous_0)
DA:15,24
LF:1
LH:1
BRF:0
BRH:0
end_of_record
TN:
SF:/Users/jameswafula/Documents/converge/mrm_front/src/graphql/mappers/Rooms.js
FN:15,(anonymous_0)
FN:23,(anonymous_1)
FN:24,(anonymous_2)
FNF:3
FNH:3
FNDA:2,(anonymous_0)
FNDA:1,(anonymous_1)
FNDA:3,(anonymous_2)
DA:15,7
DA:23,7
DA:24,3
LF:3
LH:3
BRDA:18,0,0,1
BRDA:18,0,1,1
BRDA:19,1,0,1
BRDA:19,1,1,1
BRDA:20,2,0,1
BRDA:20,2,1,1
BRF:6
BRH:6
end_of_record
TN:
SF:/Users/jameswafula/Documents/converge/mrm_front/src/graphql/mutations/AddResourceToRoom.js
FNF:0
FNH:0
DA:3,4
LF:1
LH:1
BRF:0
BRH:0
end_of_record
TN:
SF:/Users/jameswafula/Documents/converge/mrm_front/src/graphql/mutations/Blocks.js
FNF:0
FNH:0
DA:3,7
DA:13,7
DA:24,7
LF:3
LH:3
BRF:0
BRH:0
end_of_record
TN:
SF:/Users/jameswafula/Documents/converge/mrm_front/src/graphql/mutations/Floors.js
FNF:0
FNH:0
DA:3,8
DA:14,8
DA:23,8
LF:3
LH:3
BRF:0
BRH:0
end_of_record
TN:
SF:/Users/jameswafula/Documents/converge/mrm_front/src/graphql/mutations/People.js
FNF:0
FNH:0
DA:3,5
LF:1
LH:1
BRF:0
BRH:0
end_of_record
TN:
SF:/Users/jameswafula/Documents/converge/mrm_front/src/graphql/mutations/Preferences.js
FNF:0
FNH:0
DA:3,5
LF:1
LH:1
BRF:0
BRH:0
end_of_record
TN:
SF:/Users/jameswafula/Documents/converge/mrm_front/src/graphql/mutations/Preview.js
FNF:0
FNH:0
DA:3,5
LF:1
LH:1
BRF:0
BRH:0
end_of_record
TN:
SF:/Users/jameswafula/Documents/converge/mrm_front/src/graphql/mutations/Question.js
FNF:0
FNH:0
DA:3,7
DA:13,7
DA:27,7
DA:41,7
LF:4
LH:4
BRF:0
BRH:0
end_of_record
TN:
SF:/Users/jameswafula/Documents/converge/mrm_front/src/graphql/mutations/Rooms.js
FNF:0
FNH:0
DA:3,9
DA:13,9
DA:24,9
LF:3
LH:3
BRF:0
BRH:0
end_of_record
TN:
SF:/Users/jameswafula/Documents/converge/mrm_front/src/graphql/mutations/centers.js
FNF:0
FNH:0
DA:3,7
DA:13,7
DA:25,7
LF:3
LH:3
BRF:0
BRH:0
end_of_record
TN:
SF:/Users/jameswafula/Documents/converge/mrm_front/src/graphql/mutations/offices.js
FNF:0
FNH:0
DA:3,7
DA:13,7
DA:24,7
LF:3
LH:3
BRF:0
BRH:0
end_of_record
TN:
SF:/Users/jameswafula/Documents/converge/mrm_front/src/graphql/mutations/resources.js
FNF:0
FNH:0
DA:3,10
DA:17,10
LF:2
LH:2
BRF:0
BRH:0
end_of_record
TN:
SF:/Users/jameswafula/Documents/converge/mrm_front/src/graphql/mutations/wings.js
FNF:0
FNH:0
DA:3,7
DA:14,7
DA:25,7
LF:3
LH:3
BRF:0
BRH:0
end_of_record
TN:
SF:/Users/jameswafula/Documents/converge/mrm_front/src/graphql/mutations/rooms/AddRoomToCrest.js
FNF:0
FNH:0
DA:3,5
LF:1
LH:1
BRF:0
BRH:0
end_of_record
TN:
SF:/Users/jameswafula/Documents/converge/mrm_front/src/graphql/mutations/rooms/AddRoomToDojo.js
FNF:0
FNH:0
DA:3,5
LF:1
LH:1
BRF:0
BRH:0
end_of_record
TN:
SF:/Users/jameswafula/Documents/converge/mrm_front/src/graphql/mutations/rooms/AddRoomToEpicTower.js
FNF:0
FNH:0
DA:3,5
LF:1
LH:1
BRF:0
BRH:0
end_of_record
TN:
SF:/Users/jameswafula/Documents/converge/mrm_front/src/graphql/queries/Blocks.js
FNF:0
FNH:0
DA:3,5
LF:1
LH:1
BRF:0
BRH:0
end_of_record
TN:
SF:/Users/jameswafula/Documents/converge/mrm_front/src/graphql/queries/Floors.js
FNF:0
FNH:0
DA:3,5
DA:25,5
LF:2
LH:2
BRF:0
BRH:0
end_of_record
TN:
SF:/Users/jameswafula/Documents/converge/mrm_front/src/graphql/queries/Levels.js
FNF:0
FNH:0
DA:3,29
LF:1
LH:1
BRF:0
BRH:0
end_of_record
TN:
SF:/Users/jameswafula/Documents/converge/mrm_front/src/graphql/queries/Offices.js
FNF:0
FNH:0
DA:3,13
DA:21,13
DA:41,13
DA:55,13
DA:74,13
LF:5
LH:5
BRF:0
BRH:0
end_of_record
TN:
SF:/Users/jameswafula/Documents/converge/mrm_front/src/graphql/queries/People.js
FNF:0
FNH:0
DA:3,39
DA:25,39
DA:38,39
LF:3
LH:3
BRF:0
BRH:0
end_of_record
TN:
SF:/Users/jameswafula/Documents/converge/mrm_front/src/graphql/queries/Preferences.js
FNF:0
FNH:0
DA:3,3
LF:1
LH:1
BRF:0
BRH:0
end_of_record
TN:
SF:/Users/jameswafula/Documents/converge/mrm_front/src/graphql/queries/Resources.js
FNF:0
FNH:0
DA:3,34
DA:24,34
LF:2
LH:2
BRF:0
BRH:0
end_of_record
TN:
SF:/Users/jameswafula/Documents/converge/mrm_front/src/graphql/queries/RoomFeedback.js
FNF:0
FNH:0
DA:3,4
DA:20,4
LF:2
LH:2
BRF:0
BRH:0
end_of_record
TN:
SF:/Users/jameswafula/Documents/converge/mrm_front/src/graphql/queries/Rooms.js
FNF:0
FNH:0
DA:3,43
DA:33,43
DA:56,43
DA:67,43
DA:75,43
DA:96,43
LF:6
LH:6
BRF:0
BRH:0
end_of_record
TN:
SF:/Users/jameswafula/Documents/converge/mrm_front/src/graphql/queries/analytics.js
FNF:0
FNH:0
DA:3,32
DA:28,32
DA:37,32
DA:49,32
DA:66,32
DA:83,32
LF:6
LH:6
BRF:0
BRH:0
end_of_record
TN:
SF:/Users/jameswafula/Documents/converge/mrm_front/src/graphql/queries/centers.js
FNF:0
FNH:0
DA:3,3
DA:24,3
LF:2
LH:2
BRF:0
BRH:0
end_of_record
TN:
SF:/Users/jameswafula/Documents/converge/mrm_front/src/graphql/queries/questions.js
FNF:0
FNH:0
DA:3,7
LF:1
LH:1
BRF:0
BRH:0
end_of_record
TN:
SF:/Users/jameswafula/Documents/converge/mrm_front/src/graphql/queries/wings.js
FNF:0
FNH:0
DA:3,7
LF:1
LH:1
BRF:0
BRH:0
end_of_record
TN:
SF:/Users/jameswafula/Documents/converge/mrm_front/src/utils/Constants.js
FNF:0
FNH:0
DA:1,47
DA:3,47
DA:8,47
LF:3
LH:3
BRF:0
BRH:0
end_of_record
TN:
SF:/Users/jameswafula/Documents/converge/mrm_front/src/utils/Cookie.js
FN:17,(anonymous_0)
FN:18,(anonymous_1)
FN:36,(anonymous_2)
FN:43,(anonymous_3)
FN:46,(anonymous_4)
FN:57,(anonymous_5)
FNF:6
FNH:6
FNDA:218,(anonymous_0)
FNDA:219,(anonymous_1)
FNDA:217,(anonymous_2)
FNDA:3,(anonymous_3)
FNDA:3,(anonymous_4)
FNDA:119,(anonymous_5)
DA:14,45
DA:17,45
DA:18,218
DA:19,219
DA:21,219
DA:23,5
DA:29,218
DA:36,45
DA:37,217
DA:43,45
DA:44,3
DA:47,3
DA:48,3
DA:50,3
DA:57,45
DA:58,119
DA:59,119
DA:60,2
DA:61,2
DA:63,1
DA:64,1
DA:65,1
DA:66,1
LF:23
LH:23
BRDA:21,0,0,214
BRDA:21,0,1,5
BRDA:36,1,0,217
BRDA:37,2,0,217
BRDA:37,2,1,217
BRDA:57,3,0,117
BRDA:58,4,0,119
BRDA:58,4,1,119
BRDA:59,5,0,117
BRDA:59,5,1,2
BRF:10
BRH:10
end_of_record
TN:
SF:/Users/jameswafula/Documents/converge/mrm_front/src/utils/Utilities.js
FN:10,(anonymous_0)
FN:15,(anonymous_1)
FN:25,(anonymous_2)
FN:37,(anonymous_3)
FN:51,(anonymous_4)
FN:66,thisWeek
FN:94,(anonymous_6)
FN:100,(anonymous_7)
FNF:8
FNH:8
FNDA:3,(anonymous_0)
FNDA:5,(anonymous_1)
FNDA:194,(anonymous_2)
FNDA:5,(anonymous_3)
FNDA:11,(anonymous_4)
FNDA:3,thisWeek
FNDA:1,(anonymous_6)
FNDA:13,(anonymous_7)
DA:10,87
DA:12,3
DA:13,3
DA:16,5
DA:17,5
DA:25,87
DA:26,194
DA:27,194
DA:29,193
DA:37,87
DA:38,5
DA:39,5
DA:40,1
DA:42,4
DA:51,87
DA:52,11
DA:53,11
DA:54,1
DA:56,10
DA:67,3
DA:68,3
DA:72,3
DA:73,3
DA:74,3
DA:75,1
DA:76,1
DA:77,1
DA:78,1
DA:80,1
DA:82,2
DA:83,2
DA:84,2
DA:85,2
DA:93,87
DA:94,87
DA:95,1
DA:98,1
DA:100,87
DA:101,13
DA:102,13
LF:40
LH:40
BRDA:74,0,0,1
BRDA:74,0,1,2
BRF:2
BRH:2
end_of_record
TN:
SF:/Users/jameswafula/Documents/converge/mrm_front/src/utils/activityData.js
FNF:0
FNH:0
DA:2,4
LF:1
LH:1
BRF:0
BRH:0
end_of_record
TN:
SF:/Users/jameswafula/Documents/converge/mrm_front/src/utils/checkDate.js
FN:3,(anonymous_0)
FNF:1
FNH:1
FNDA:36,(anonymous_0)
DA:3,36
LF:1
LH:1
BRF:0
BRH:0
end_of_record
TN:
SF:/Users/jameswafula/Documents/converge/mrm_front/src/utils/formatSetupData.js
FN:6,(anonymous_0)
FN:15,(anonymous_1)
FN:23,(anonymous_2)
FN:25,(anonymous_3)
FN:39,(anonymous_4)
FN:40,(anonymous_5)
FN:47,(anonymous_6)
FN:51,(anonymous_7)
FNF:8
FNH:5
FNDA:0,(anonymous_0)
FNDA:0,(anonymous_1)
FNDA:1,(anonymous_2)
FNDA:1,(anonymous_3)
FNDA:1,(anonymous_4)
FNDA:0,(anonymous_5)
FNDA:1,(anonymous_6)
FNDA:1,(anonymous_7)
DA:6,4
DA:7,0
DA:15,0
DA:16,0
DA:23,4
DA:25,1
DA:26,1
DA:28,0
DA:29,0
DA:31,1
DA:33,1
DA:39,4
DA:40,1
DA:41,1
DA:47,4
DA:48,1
DA:49,1
DA:51,1
DA:52,1
DA:53,1
DA:54,1
DA:55,1
DA:67,1
LF:23
LH:18
BRDA:26,0,0,0
BRDA:26,0,1,1
BRDA:26,1,0,1
BRDA:26,1,1,1
BRDA:26,1,2,0
BRDA:54,2,0,0
BRDA:54,2,1,1
BRDA:56,3,0,0
BRDA:56,3,1,1
BRF:9
BRH:5
end_of_record
TN:
SF:/Users/jameswafula/Documents/converge/mrm_front/src/utils/history.js
FNF:0
FNH:0
LF:0
LH:0
BRF:0
BRH:0
end_of_record
TN:
SF:/Users/jameswafula/Documents/converge/mrm_front/src/utils/notification.js
FN:11,(anonymous_0)
FN:27,(anonymous_1)
FNF:2
FNH:2
FNDA:90,(anonymous_0)
FNDA:90,(anonymous_1)
DA:11,63
DA:12,90
DA:27,90
LF:3
LH:3
BRF:0
BRH:0
end_of_record
TN:
SF:/Users/jameswafula/Documents/converge/mrm_front/src/utils/roomSetupMock.js
FNF:0
FNH:0
DA:1,3
DA:26,3
DA:50,3
LF:3
LH:3
BRF:0
BRH:0
end_of_record
TN:
SF:/Users/jameswafula/Documents/converge/mrm_front/src/utils/routes.js
FNF:0
FNH:0
DA:1,8
LF:1
LH:1
BRF:0
BRH:0
end_of_record
TN:
SF:/Users/jameswafula/Documents/converge/mrm_front/src/utils/images/images.js
FNF:0
FNH:0
DA:2,104
DA:3,104
DA:4,104
DA:5,104
DA:6,104
DA:7,104
DA:8,104
DA:9,104
DA:10,104
DA:11,104
DA:12,104
DA:13,104
DA:14,104
DA:15,104
DA:16,104
DA:17,104
DA:18,104
DA:19,104
DA:20,104
DA:21,104
DA:22,104
DA:23,104
DA:24,104
DA:25,104
DA:26,104
DA:27,104
DA:28,104
DA:29,104
DA:30,104
DA:31,104
DA:32,104
DA:33,104
DA:34,104
DA:35,104
DA:36,104
DA:37,104
DA:38,104
DA:39,104
DA:40,104
DA:41,104
DA:42,104
DA:43,104
DA:44,104
DA:45,104
DA:46,104
DA:47,104
DA:48,104
DA:49,104
DA:50,104
DA:51,104
DA:52,104
DA:53,104
DA:54,104
DA:55,104
DA:56,104
DA:57,104
DA:58,104
DA:59,104
DA:60,104
DA:61,104
DA:62,104
DA:63,104
DA:64,104
LF:63
LH:63
BRF:0
BRH:0
end_of_record
